<html xmlns:string="xalan://java.lang.String" xmlns:lxslt="http://xml.apache.org/xslt">
<head>
<META http-equiv="Content-Type" content="text/html; charset=UTF-8">
<title>Unit Test Results: All Tests</title>
<link rel="stylesheet" type="text/css" title="Style" href="stylesheet.css">
</head>
<body onload="open('allclasses-frame.html','classListFrame')">
<h1>Unit Test Results.</h1>
<table width="100%">
<tr>
<td align="left"></td><td align="right">Designed for use with <a href="http://www.junit.org/">JUnit</a> and <a href="http://ant.apache.org/">Ant</a>.</td>
</tr>
</table>
<hr size="1">
<h2>All Tests</h2>
<table class="details" border="0" cellpadding="5" cellspacing="2" width="95%">
<tr valign="top">
<th>Class</th><th>Name</th><th>Status</th><th width="80%">Type</th><th nowrap>Time(s)</th>
</tr>
<tr valign="top" class="Error">
<td><a href="com/iheart/junit/web_sanity/0_RunDailyTest.html">RunDailyTest</a></td><td><a name="testWEB_11783_logout"></a><a href="com/iheart/junit/web_sanity/0_RunDailyTest.html#testWEB_11783_logout">testWEB_11783_logout</a></td><td>Error</td><td>timeout: Timed out receiving message from renderer: 10.000
  (Session info: chrome=44.0.2403.107)
  (Driver info: chromedriver=2.14.313457 (3d645c400edf2e2c500566c9aa096063e707c9cf),platform=Windows NT 6.1 SP1 x86_64) (WARNING: The server did not provide any stacktrace information)
Command duration or timeout: 1119.85 seconds
Build info: version: '2.45.0', revision: '5017cb8', time: '2015-02-26 23:59:50'
System info: host: 'CCONYC18QAD', ip: '10.88.189.52', os.name: 'Windows 7', os.arch: 'amd64', os.version: '6.1', java.version: '1.8.0_40'
Driver info: org.openqa.selenium.chrome.ChromeDriver
Capabilities [{applicationCacheEnabled=false, rotatable=false, mobileEmulationEnabled=false, chrome={userDataDir=C:\Users\1111128\AppData\Local\Temp\scoped_dir20988_10036}, takesHeapSnapshot=true, databaseEnabled=false, handlesAlerts=true, version=44.0.2403.107, platform=XP, browserConnectionEnabled=false, nativeEvents=true, acceptSslCerts=true, locationContextEnabled=true, webStorageEnabled=true, browserName=chrome, takesScreenshot=true, javascriptEnabled=true, cssSelectorsEnabled=true}]
Session ID: 53fc22060f160c7d58316a9c021672c5<br>
<br>
<code>org.openqa.selenium.TimeoutException: timeout: Timed out receiving message from renderer: 10.000<br>  (Session info: chrome=44.0.2403.107)<br>  (Driver info: chromedriver=2.14.313457 (3d645c400edf2e2c500566c9aa096063e707c9cf),platform=Windows NT 6.1 SP1 x86_64) (WARNING: The server did not provide any stacktrace information)<br>Command duration or timeout: 1119.85 seconds<br>Build info: version: '2.45.0', revision: '5017cb8', time: '2015-02-26 23:59:50'<br>System info: host: 'CCONYC18QAD', ip: '10.88.189.52', os.name: 'Windows 7', os.arch: 'amd64', os.version: '6.1', java.version: '1.8.0_40'<br>Driver info: org.openqa.selenium.chrome.ChromeDriver<br>Capabilities [{applicationCacheEnabled=false, rotatable=false, mobileEmulationEnabled=false, chrome={userDataDir=C:\Users\1111128\AppData\Local\Temp\scoped_dir20988_10036}, takesHeapSnapshot=true, databaseEnabled=false, handlesAlerts=true, version=44.0.2403.107, platform=XP, browserConnectionEnabled=false, nativeEvents=true, acceptSslCerts=true, locationContextEnabled=true, webStorageEnabled=true, browserName=chrome, takesScreenshot=true, javascriptEnabled=true, cssSelectorsEnabled=true}]<br>Session ID: 53fc22060f160c7d58316a9c021672c5<br>	at java.lang.reflect.Constructor.newInstance(Constructor.java:422)<br>	at org.openqa.selenium.remote.ErrorHandler.createThrowable(ErrorHandler.java:204)<br>	at org.openqa.selenium.remote.ErrorHandler.throwIfResponseFailed(ErrorHandler.java:156)<br>	at org.openqa.selenium.remote.RemoteWebDriver.execute(RemoteWebDriver.java:599)<br>	at org.openqa.selenium.remote.RemoteWebDriver.get(RemoteWebDriver.java:304)<br>	at com.iheart.selenium.web_sanity.Utils.launchBrowser(Utils.java:272)<br>	at com.iheart.junit.web_sanity.RunDailyTest.init(RunDailyTest.java:46)<br>
</code></td><td>1122.791</td>
</tr>
<tr valign="top" class="Error">
<td><a href="com/iheart/junit/web_sanity/0_RunDailyTest.html">RunDailyTest</a></td><td><a name="testWEB_11744_filterStation"></a><a href="com/iheart/junit/web_sanity/0_RunDailyTest.html#testWEB_11744_filterStation">testWEB_11744_filterStation</a></td><td>Error</td><td>timeout: Timed out receiving message from renderer: 10.000
  (Session info: chrome=44.0.2403.107)
  (Driver info: chromedriver=2.14.313457 (3d645c400edf2e2c500566c9aa096063e707c9cf),platform=Windows NT 6.1 SP1 x86_64) (WARNING: The server did not provide any stacktrace information)
Command duration or timeout: 1134.90 seconds
Build info: version: '2.45.0', revision: '5017cb8', time: '2015-02-26 23:59:50'
System info: host: 'CCONYC18QAD', ip: '10.88.189.52', os.name: 'Windows 7', os.arch: 'amd64', os.version: '6.1', java.version: '1.8.0_40'
Driver info: org.openqa.selenium.chrome.ChromeDriver
Capabilities [{applicationCacheEnabled=false, rotatable=false, mobileEmulationEnabled=false, chrome={userDataDir=C:\Users\1111128\AppData\Local\Temp\scoped_dir6416_28698}, takesHeapSnapshot=true, databaseEnabled=false, handlesAlerts=true, version=44.0.2403.107, platform=XP, browserConnectionEnabled=false, nativeEvents=true, acceptSslCerts=true, locationContextEnabled=true, webStorageEnabled=true, browserName=chrome, takesScreenshot=true, javascriptEnabled=true, cssSelectorsEnabled=true}]
Session ID: b2984c53d33ac05f13b41bef1bb6ac40<br>
<br>
<code>org.openqa.selenium.TimeoutException: timeout: Timed out receiving message from renderer: 10.000<br>  (Session info: chrome=44.0.2403.107)<br>  (Driver info: chromedriver=2.14.313457 (3d645c400edf2e2c500566c9aa096063e707c9cf),platform=Windows NT 6.1 SP1 x86_64) (WARNING: The server did not provide any stacktrace information)<br>Command duration or timeout: 1134.90 seconds<br>Build info: version: '2.45.0', revision: '5017cb8', time: '2015-02-26 23:59:50'<br>System info: host: 'CCONYC18QAD', ip: '10.88.189.52', os.name: 'Windows 7', os.arch: 'amd64', os.version: '6.1', java.version: '1.8.0_40'<br>Driver info: org.openqa.selenium.chrome.ChromeDriver<br>Capabilities [{applicationCacheEnabled=false, rotatable=false, mobileEmulationEnabled=false, chrome={userDataDir=C:\Users\1111128\AppData\Local\Temp\scoped_dir6416_28698}, takesHeapSnapshot=true, databaseEnabled=false, handlesAlerts=true, version=44.0.2403.107, platform=XP, browserConnectionEnabled=false, nativeEvents=true, acceptSslCerts=true, locationContextEnabled=true, webStorageEnabled=true, browserName=chrome, takesScreenshot=true, javascriptEnabled=true, cssSelectorsEnabled=true}]<br>Session ID: b2984c53d33ac05f13b41bef1bb6ac40<br>	at java.lang.reflect.Constructor.newInstance(Constructor.java:422)<br>	at org.openqa.selenium.remote.ErrorHandler.createThrowable(ErrorHandler.java:204)<br>	at org.openqa.selenium.remote.ErrorHandler.throwIfResponseFailed(ErrorHandler.java:156)<br>	at org.openqa.selenium.remote.RemoteWebDriver.execute(RemoteWebDriver.java:599)<br>	at org.openqa.selenium.remote.RemoteWebDriver.get(RemoteWebDriver.java:304)<br>	at com.iheart.selenium.web_sanity.Utils.launchBrowser(Utils.java:272)<br>	at com.iheart.junit.web_sanity.RunDailyTest.init(RunDailyTest.java:46)<br>
</code></td><td>1136.453</td>
</tr>
<tr valign="top" class="Error">
<td><a href="com/iheart/junit/web_sanity/0_RunDailyTest.html">RunDailyTest</a></td><td><a name="testWEB_11739_loginWithGoog"></a><a href="com/iheart/junit/web_sanity/0_RunDailyTest.html#testWEB_11739_loginWithGoog">testWEB_11739_loginWithGoog</a></td><td>Error</td><td>timeout: Timed out receiving message from renderer: 10.000
  (Session info: chrome=44.0.2403.107)
  (Driver info: chromedriver=2.14.313457 (3d645c400edf2e2c500566c9aa096063e707c9cf),platform=Windows NT 6.1 SP1 x86_64) (WARNING: The server did not provide any stacktrace information)
Command duration or timeout: 1134.93 seconds
Build info: version: '2.45.0', revision: '5017cb8', time: '2015-02-26 23:59:50'
System info: host: 'CCONYC18QAD', ip: '10.88.189.52', os.name: 'Windows 7', os.arch: 'amd64', os.version: '6.1', java.version: '1.8.0_40'
Driver info: org.openqa.selenium.chrome.ChromeDriver
Capabilities [{applicationCacheEnabled=false, rotatable=false, mobileEmulationEnabled=false, chrome={userDataDir=C:\Users\1111128\AppData\Local\Temp\scoped_dir12824_6122}, takesHeapSnapshot=true, databaseEnabled=false, handlesAlerts=true, version=44.0.2403.107, platform=XP, browserConnectionEnabled=false, nativeEvents=true, acceptSslCerts=true, locationContextEnabled=true, webStorageEnabled=true, browserName=chrome, takesScreenshot=true, javascriptEnabled=true, cssSelectorsEnabled=true}]
Session ID: 9860806e10b2c2e7612701050935e20c<br>
<br>
<code>org.openqa.selenium.TimeoutException: timeout: Timed out receiving message from renderer: 10.000<br>  (Session info: chrome=44.0.2403.107)<br>  (Driver info: chromedriver=2.14.313457 (3d645c400edf2e2c500566c9aa096063e707c9cf),platform=Windows NT 6.1 SP1 x86_64) (WARNING: The server did not provide any stacktrace information)<br>Command duration or timeout: 1134.93 seconds<br>Build info: version: '2.45.0', revision: '5017cb8', time: '2015-02-26 23:59:50'<br>System info: host: 'CCONYC18QAD', ip: '10.88.189.52', os.name: 'Windows 7', os.arch: 'amd64', os.version: '6.1', java.version: '1.8.0_40'<br>Driver info: org.openqa.selenium.chrome.ChromeDriver<br>Capabilities [{applicationCacheEnabled=false, rotatable=false, mobileEmulationEnabled=false, chrome={userDataDir=C:\Users\1111128\AppData\Local\Temp\scoped_dir12824_6122}, takesHeapSnapshot=true, databaseEnabled=false, handlesAlerts=true, version=44.0.2403.107, platform=XP, browserConnectionEnabled=false, nativeEvents=true, acceptSslCerts=true, locationContextEnabled=true, webStorageEnabled=true, browserName=chrome, takesScreenshot=true, javascriptEnabled=true, cssSelectorsEnabled=true}]<br>Session ID: 9860806e10b2c2e7612701050935e20c<br>	at java.lang.reflect.Constructor.newInstance(Constructor.java:422)<br>	at org.openqa.selenium.remote.ErrorHandler.createThrowable(ErrorHandler.java:204)<br>	at org.openqa.selenium.remote.ErrorHandler.throwIfResponseFailed(ErrorHandler.java:156)<br>	at org.openqa.selenium.remote.RemoteWebDriver.execute(RemoteWebDriver.java:599)<br>	at org.openqa.selenium.remote.RemoteWebDriver.get(RemoteWebDriver.java:304)<br>	at com.iheart.selenium.web_sanity.Utils.launchBrowser(Utils.java:272)<br>	at com.iheart.junit.web_sanity.RunDailyTest.init(RunDailyTest.java:46)<br>
</code></td><td>1136.519</td>
</tr>
<tr valign="top" class="Error">
<td><a href="com/iheart/junit/web_sanity/0_RunDailyTest.html">RunDailyTest</a></td><td><a name="testWEB_11738_FACEBOOKsignUp"></a><a href="com/iheart/junit/web_sanity/0_RunDailyTest.html#testWEB_11738_FACEBOOKsignUp">testWEB_11738_FACEBOOKsignUp</a></td><td>Error</td><td>timeout: Timed out receiving message from renderer: 10.000
  (Session info: chrome=44.0.2403.107)
  (Driver info: chromedriver=2.14.313457 (3d645c400edf2e2c500566c9aa096063e707c9cf),platform=Windows NT 6.1 SP1 x86_64) (WARNING: The server did not provide any stacktrace information)
Command duration or timeout: 1104.86 seconds
Build info: version: '2.45.0', revision: '5017cb8', time: '2015-02-26 23:59:50'
System info: host: 'CCONYC18QAD', ip: '10.88.189.52', os.name: 'Windows 7', os.arch: 'amd64', os.version: '6.1', java.version: '1.8.0_40'
Driver info: org.openqa.selenium.chrome.ChromeDriver
Capabilities [{applicationCacheEnabled=false, rotatable=false, mobileEmulationEnabled=false, chrome={userDataDir=C:\Users\1111128\AppData\Local\Temp\scoped_dir17280_5827}, takesHeapSnapshot=true, databaseEnabled=false, handlesAlerts=true, version=44.0.2403.107, platform=XP, browserConnectionEnabled=false, nativeEvents=true, acceptSslCerts=true, locationContextEnabled=true, webStorageEnabled=true, browserName=chrome, takesScreenshot=true, javascriptEnabled=true, cssSelectorsEnabled=true}]
Session ID: 18dd109cbfc7c07fad8c250cf37895d2<br>
<br>
<code>org.openqa.selenium.TimeoutException: timeout: Timed out receiving message from renderer: 10.000<br>  (Session info: chrome=44.0.2403.107)<br>  (Driver info: chromedriver=2.14.313457 (3d645c400edf2e2c500566c9aa096063e707c9cf),platform=Windows NT 6.1 SP1 x86_64) (WARNING: The server did not provide any stacktrace information)<br>Command duration or timeout: 1104.86 seconds<br>Build info: version: '2.45.0', revision: '5017cb8', time: '2015-02-26 23:59:50'<br>System info: host: 'CCONYC18QAD', ip: '10.88.189.52', os.name: 'Windows 7', os.arch: 'amd64', os.version: '6.1', java.version: '1.8.0_40'<br>Driver info: org.openqa.selenium.chrome.ChromeDriver<br>Capabilities [{applicationCacheEnabled=false, rotatable=false, mobileEmulationEnabled=false, chrome={userDataDir=C:\Users\1111128\AppData\Local\Temp\scoped_dir17280_5827}, takesHeapSnapshot=true, databaseEnabled=false, handlesAlerts=true, version=44.0.2403.107, platform=XP, browserConnectionEnabled=false, nativeEvents=true, acceptSslCerts=true, locationContextEnabled=true, webStorageEnabled=true, browserName=chrome, takesScreenshot=true, javascriptEnabled=true, cssSelectorsEnabled=true}]<br>Session ID: 18dd109cbfc7c07fad8c250cf37895d2<br>	at java.lang.reflect.Constructor.newInstance(Constructor.java:422)<br>	at org.openqa.selenium.remote.ErrorHandler.createThrowable(ErrorHandler.java:204)<br>	at org.openqa.selenium.remote.ErrorHandler.throwIfResponseFailed(ErrorHandler.java:156)<br>	at org.openqa.selenium.remote.RemoteWebDriver.execute(RemoteWebDriver.java:599)<br>	at org.openqa.selenium.remote.RemoteWebDriver.get(RemoteWebDriver.java:304)<br>	at com.iheart.selenium.web_sanity.Utils.launchBrowser(Utils.java:272)<br>	at com.iheart.junit.web_sanity.RunDailyTest.init(RunDailyTest.java:46)<br>
</code></td><td>1106.776</td>
</tr>
<tr valign="top" class="Error">
<td><a href="com/iheart/junit/web_sanity/0_RunDailyTest.html">RunDailyTest</a></td><td><a name="testWEB_11754_thumpDownLiveRadio"></a><a href="com/iheart/junit/web_sanity/0_RunDailyTest.html#testWEB_11754_thumpDownLiveRadio">testWEB_11754_thumpDownLiveRadio</a></td><td>Error</td><td>timeout: Timed out receiving message from renderer: 10.000
  (Session info: chrome=44.0.2403.107)
  (Driver info: chromedriver=2.14.313457 (3d645c400edf2e2c500566c9aa096063e707c9cf),platform=Windows NT 6.1 SP1 x86_64) (WARNING: The server did not provide any stacktrace information)
Command duration or timeout: 1104.83 seconds
Build info: version: '2.45.0', revision: '5017cb8', time: '2015-02-26 23:59:50'
System info: host: 'CCONYC18QAD', ip: '10.88.189.52', os.name: 'Windows 7', os.arch: 'amd64', os.version: '6.1', java.version: '1.8.0_40'
Driver info: org.openqa.selenium.chrome.ChromeDriver
Capabilities [{applicationCacheEnabled=false, rotatable=false, mobileEmulationEnabled=false, chrome={userDataDir=C:\Users\1111128\AppData\Local\Temp\scoped_dir21312_10144}, takesHeapSnapshot=true, databaseEnabled=false, handlesAlerts=true, version=44.0.2403.107, platform=XP, browserConnectionEnabled=false, nativeEvents=true, acceptSslCerts=true, locationContextEnabled=true, webStorageEnabled=true, browserName=chrome, takesScreenshot=true, javascriptEnabled=true, cssSelectorsEnabled=true}]
Session ID: fe7b13855047503270be87c2ecd8dc59<br>
<br>
<code>org.openqa.selenium.TimeoutException: timeout: Timed out receiving message from renderer: 10.000<br>  (Session info: chrome=44.0.2403.107)<br>  (Driver info: chromedriver=2.14.313457 (3d645c400edf2e2c500566c9aa096063e707c9cf),platform=Windows NT 6.1 SP1 x86_64) (WARNING: The server did not provide any stacktrace information)<br>Command duration or timeout: 1104.83 seconds<br>Build info: version: '2.45.0', revision: '5017cb8', time: '2015-02-26 23:59:50'<br>System info: host: 'CCONYC18QAD', ip: '10.88.189.52', os.name: 'Windows 7', os.arch: 'amd64', os.version: '6.1', java.version: '1.8.0_40'<br>Driver info: org.openqa.selenium.chrome.ChromeDriver<br>Capabilities [{applicationCacheEnabled=false, rotatable=false, mobileEmulationEnabled=false, chrome={userDataDir=C:\Users\1111128\AppData\Local\Temp\scoped_dir21312_10144}, takesHeapSnapshot=true, databaseEnabled=false, handlesAlerts=true, version=44.0.2403.107, platform=XP, browserConnectionEnabled=false, nativeEvents=true, acceptSslCerts=true, locationContextEnabled=true, webStorageEnabled=true, browserName=chrome, takesScreenshot=true, javascriptEnabled=true, cssSelectorsEnabled=true}]<br>Session ID: fe7b13855047503270be87c2ecd8dc59<br>	at java.lang.reflect.Constructor.newInstance(Constructor.java:422)<br>	at org.openqa.selenium.remote.ErrorHandler.createThrowable(ErrorHandler.java:204)<br>	at org.openqa.selenium.remote.ErrorHandler.throwIfResponseFailed(ErrorHandler.java:156)<br>	at org.openqa.selenium.remote.RemoteWebDriver.execute(RemoteWebDriver.java:599)<br>	at org.openqa.selenium.remote.RemoteWebDriver.get(RemoteWebDriver.java:304)<br>	at com.iheart.selenium.web_sanity.Utils.launchBrowser(Utils.java:272)<br>	at com.iheart.junit.web_sanity.RunDailyTest.init(RunDailyTest.java:46)<br>
</code></td><td>1106.488</td>
</tr>
<tr valign="top" class="Error">
<td><a href="com/iheart/junit/web_sanity/0_RunDailyTest.html">RunDailyTest</a></td><td><a name="testWEB_11761_filterAndPlayCustomAfterLogin"></a><a href="com/iheart/junit/web_sanity/0_RunDailyTest.html#testWEB_11761_filterAndPlayCustomAfterLogin">testWEB_11761_filterAndPlayCustomAfterLogin</a></td><td>Error</td><td>timeout: Timed out receiving message from renderer: 10.000
  (Session info: chrome=44.0.2403.107)
  (Driver info: chromedriver=2.14.313457 (3d645c400edf2e2c500566c9aa096063e707c9cf),platform=Windows NT 6.1 SP1 x86_64) (WARNING: The server did not provide any stacktrace information)
Command duration or timeout: 1149.97 seconds
Build info: version: '2.45.0', revision: '5017cb8', time: '2015-02-26 23:59:50'
System info: host: 'CCONYC18QAD', ip: '10.88.189.52', os.name: 'Windows 7', os.arch: 'amd64', os.version: '6.1', java.version: '1.8.0_40'
Driver info: org.openqa.selenium.chrome.ChromeDriver
Capabilities [{applicationCacheEnabled=false, rotatable=false, mobileEmulationEnabled=false, chrome={userDataDir=C:\Users\1111128\AppData\Local\Temp\scoped_dir6736_3416}, takesHeapSnapshot=true, databaseEnabled=false, handlesAlerts=true, version=44.0.2403.107, platform=XP, browserConnectionEnabled=false, nativeEvents=true, acceptSslCerts=true, locationContextEnabled=true, webStorageEnabled=true, browserName=chrome, takesScreenshot=true, javascriptEnabled=true, cssSelectorsEnabled=true}]
Session ID: f5a83cb3706c5354900d0f1dd38b1fde<br>
<br>
<code>org.openqa.selenium.TimeoutException: timeout: Timed out receiving message from renderer: 10.000<br>  (Session info: chrome=44.0.2403.107)<br>  (Driver info: chromedriver=2.14.313457 (3d645c400edf2e2c500566c9aa096063e707c9cf),platform=Windows NT 6.1 SP1 x86_64) (WARNING: The server did not provide any stacktrace information)<br>Command duration or timeout: 1149.97 seconds<br>Build info: version: '2.45.0', revision: '5017cb8', time: '2015-02-26 23:59:50'<br>System info: host: 'CCONYC18QAD', ip: '10.88.189.52', os.name: 'Windows 7', os.arch: 'amd64', os.version: '6.1', java.version: '1.8.0_40'<br>Driver info: org.openqa.selenium.chrome.ChromeDriver<br>Capabilities [{applicationCacheEnabled=false, rotatable=false, mobileEmulationEnabled=false, chrome={userDataDir=C:\Users\1111128\AppData\Local\Temp\scoped_dir6736_3416}, takesHeapSnapshot=true, databaseEnabled=false, handlesAlerts=true, version=44.0.2403.107, platform=XP, browserConnectionEnabled=false, nativeEvents=true, acceptSslCerts=true, locationContextEnabled=true, webStorageEnabled=true, browserName=chrome, takesScreenshot=true, javascriptEnabled=true, cssSelectorsEnabled=true}]<br>Session ID: f5a83cb3706c5354900d0f1dd38b1fde<br>	at java.lang.reflect.Constructor.newInstance(Constructor.java:422)<br>	at org.openqa.selenium.remote.ErrorHandler.createThrowable(ErrorHandler.java:204)<br>	at org.openqa.selenium.remote.ErrorHandler.throwIfResponseFailed(ErrorHandler.java:156)<br>	at org.openqa.selenium.remote.RemoteWebDriver.execute(RemoteWebDriver.java:599)<br>	at org.openqa.selenium.remote.RemoteWebDriver.get(RemoteWebDriver.java:304)<br>	at com.iheart.selenium.web_sanity.Utils.launchBrowser(Utils.java:272)<br>	at com.iheart.junit.web_sanity.RunDailyTest.init(RunDailyTest.java:46)<br>
</code></td><td>1151.331</td>
</tr>
<tr valign="top" class="Error">
<td><a href="com/iheart/junit/web_sanity/0_RunDailyTest.html">RunDailyTest</a></td><td><a name="testWEB_11779_playStations"></a><a href="com/iheart/junit/web_sanity/0_RunDailyTest.html#testWEB_11779_playStations">testWEB_11779_playStations</a></td><td>Error</td><td>timeout: Timed out receiving message from renderer: 10.000
  (Session info: chrome=44.0.2403.107)
  (Driver info: chromedriver=2.14.313457 (3d645c400edf2e2c500566c9aa096063e707c9cf),platform=Windows NT 6.1 SP1 x86_64) (WARNING: The server did not provide any stacktrace information)
Command duration or timeout: 1075.02 seconds
Build info: version: '2.45.0', revision: '5017cb8', time: '2015-02-26 23:59:50'
System info: host: 'CCONYC18QAD', ip: '10.88.189.52', os.name: 'Windows 7', os.arch: 'amd64', os.version: '6.1', java.version: '1.8.0_40'
Driver info: org.openqa.selenium.chrome.ChromeDriver
Capabilities [{applicationCacheEnabled=false, rotatable=false, mobileEmulationEnabled=false, chrome={userDataDir=C:\Users\1111128\AppData\Local\Temp\scoped_dir14712_24304}, takesHeapSnapshot=true, databaseEnabled=false, handlesAlerts=true, version=44.0.2403.107, platform=XP, browserConnectionEnabled=false, nativeEvents=true, acceptSslCerts=true, locationContextEnabled=true, webStorageEnabled=true, browserName=chrome, takesScreenshot=true, javascriptEnabled=true, cssSelectorsEnabled=true}]
Session ID: 8e12d37efeaa3876bf61433137e0358b<br>
<br>
<code>org.openqa.selenium.TimeoutException: timeout: Timed out receiving message from renderer: 10.000<br>  (Session info: chrome=44.0.2403.107)<br>  (Driver info: chromedriver=2.14.313457 (3d645c400edf2e2c500566c9aa096063e707c9cf),platform=Windows NT 6.1 SP1 x86_64) (WARNING: The server did not provide any stacktrace information)<br>Command duration or timeout: 1075.02 seconds<br>Build info: version: '2.45.0', revision: '5017cb8', time: '2015-02-26 23:59:50'<br>System info: host: 'CCONYC18QAD', ip: '10.88.189.52', os.name: 'Windows 7', os.arch: 'amd64', os.version: '6.1', java.version: '1.8.0_40'<br>Driver info: org.openqa.selenium.chrome.ChromeDriver<br>Capabilities [{applicationCacheEnabled=false, rotatable=false, mobileEmulationEnabled=false, chrome={userDataDir=C:\Users\1111128\AppData\Local\Temp\scoped_dir14712_24304}, takesHeapSnapshot=true, databaseEnabled=false, handlesAlerts=true, version=44.0.2403.107, platform=XP, browserConnectionEnabled=false, nativeEvents=true, acceptSslCerts=true, locationContextEnabled=true, webStorageEnabled=true, browserName=chrome, takesScreenshot=true, javascriptEnabled=true, cssSelectorsEnabled=true}]<br>Session ID: 8e12d37efeaa3876bf61433137e0358b<br>	at java.lang.reflect.Constructor.newInstance(Constructor.java:422)<br>	at org.openqa.selenium.remote.ErrorHandler.createThrowable(ErrorHandler.java:204)<br>	at org.openqa.selenium.remote.ErrorHandler.throwIfResponseFailed(ErrorHandler.java:156)<br>	at org.openqa.selenium.remote.RemoteWebDriver.execute(RemoteWebDriver.java:599)<br>	at org.openqa.selenium.remote.RemoteWebDriver.get(RemoteWebDriver.java:304)<br>	at com.iheart.selenium.web_sanity.Utils.launchBrowser(Utils.java:272)<br>	at com.iheart.junit.web_sanity.RunDailyTest.init(RunDailyTest.java:46)<br>
</code></td><td>1076.330</td>
</tr>
<tr valign="top" class="Error">
<td><a href="com/iheart/junit/web_sanity/0_RunDailyTest.html">RunDailyTest</a></td><td><a name="testWEB_11734_startUp"></a><a href="com/iheart/junit/web_sanity/0_RunDailyTest.html#testWEB_11734_startUp">testWEB_11734_startUp</a></td><td>Error</td><td>timeout: Timed out receiving message from renderer: 10.000
  (Session info: chrome=44.0.2403.107)
  (Driver info: chromedriver=2.14.313457 (3d645c400edf2e2c500566c9aa096063e707c9cf),platform=Windows NT 6.1 SP1 x86_64) (WARNING: The server did not provide any stacktrace information)
Command duration or timeout: 1135.07 seconds
Build info: version: '2.45.0', revision: '5017cb8', time: '2015-02-26 23:59:50'
System info: host: 'CCONYC18QAD', ip: '10.88.189.52', os.name: 'Windows 7', os.arch: 'amd64', os.version: '6.1', java.version: '1.8.0_40'
Driver info: org.openqa.selenium.chrome.ChromeDriver
Capabilities [{applicationCacheEnabled=false, rotatable=false, mobileEmulationEnabled=false, chrome={userDataDir=C:\Users\1111128\AppData\Local\Temp\scoped_dir7896_23127}, takesHeapSnapshot=true, databaseEnabled=false, handlesAlerts=true, version=44.0.2403.107, platform=XP, browserConnectionEnabled=false, nativeEvents=true, acceptSslCerts=true, locationContextEnabled=true, webStorageEnabled=true, browserName=chrome, takesScreenshot=true, javascriptEnabled=true, cssSelectorsEnabled=true}]
Session ID: 2353a86d15a85d997d488d85cc8536eb<br>
<br>
<code>org.openqa.selenium.TimeoutException: timeout: Timed out receiving message from renderer: 10.000<br>  (Session info: chrome=44.0.2403.107)<br>  (Driver info: chromedriver=2.14.313457 (3d645c400edf2e2c500566c9aa096063e707c9cf),platform=Windows NT 6.1 SP1 x86_64) (WARNING: The server did not provide any stacktrace information)<br>Command duration or timeout: 1135.07 seconds<br>Build info: version: '2.45.0', revision: '5017cb8', time: '2015-02-26 23:59:50'<br>System info: host: 'CCONYC18QAD', ip: '10.88.189.52', os.name: 'Windows 7', os.arch: 'amd64', os.version: '6.1', java.version: '1.8.0_40'<br>Driver info: org.openqa.selenium.chrome.ChromeDriver<br>Capabilities [{applicationCacheEnabled=false, rotatable=false, mobileEmulationEnabled=false, chrome={userDataDir=C:\Users\1111128\AppData\Local\Temp\scoped_dir7896_23127}, takesHeapSnapshot=true, databaseEnabled=false, handlesAlerts=true, version=44.0.2403.107, platform=XP, browserConnectionEnabled=false, nativeEvents=true, acceptSslCerts=true, locationContextEnabled=true, webStorageEnabled=true, browserName=chrome, takesScreenshot=true, javascriptEnabled=true, cssSelectorsEnabled=true}]<br>Session ID: 2353a86d15a85d997d488d85cc8536eb<br>	at java.lang.reflect.Constructor.newInstance(Constructor.java:422)<br>	at org.openqa.selenium.remote.ErrorHandler.createThrowable(ErrorHandler.java:204)<br>	at org.openqa.selenium.remote.ErrorHandler.throwIfResponseFailed(ErrorHandler.java:156)<br>	at org.openqa.selenium.remote.RemoteWebDriver.execute(RemoteWebDriver.java:599)<br>	at org.openqa.selenium.remote.RemoteWebDriver.get(RemoteWebDriver.java:304)<br>	at com.iheart.selenium.web_sanity.Utils.launchBrowser(Utils.java:272)<br>	at com.iheart.junit.web_sanity.RunDailyTest.init(RunDailyTest.java:46)<br>
</code></td><td>1136.387</td>
</tr>
<tr valign="top" class="Error">
<td><a href="com/iheart/junit/web_sanity/0_RunDailyTest.html">RunDailyTest</a></td><td><a name="testWEB_11737_loginWithEmail"></a><a href="com/iheart/junit/web_sanity/0_RunDailyTest.html#testWEB_11737_loginWithEmail">testWEB_11737_loginWithEmail</a></td><td>Error</td><td>timeout: Timed out receiving message from renderer: 10.000
  (Session info: chrome=44.0.2403.107)
  (Driver info: chromedriver=2.14.313457 (3d645c400edf2e2c500566c9aa096063e707c9cf),platform=Windows NT 6.1 SP1 x86_64) (WARNING: The server did not provide any stacktrace information)
Command duration or timeout: 1104.80 seconds
Build info: version: '2.45.0', revision: '5017cb8', time: '2015-02-26 23:59:50'
System info: host: 'CCONYC18QAD', ip: '10.88.189.52', os.name: 'Windows 7', os.arch: 'amd64', os.version: '6.1', java.version: '1.8.0_40'
Driver info: org.openqa.selenium.chrome.ChromeDriver
Capabilities [{applicationCacheEnabled=false, rotatable=false, mobileEmulationEnabled=false, chrome={userDataDir=C:\Users\1111128\AppData\Local\Temp\scoped_dir18484_20963}, takesHeapSnapshot=true, databaseEnabled=false, handlesAlerts=true, version=44.0.2403.107, platform=XP, browserConnectionEnabled=false, nativeEvents=true, acceptSslCerts=true, locationContextEnabled=true, webStorageEnabled=true, browserName=chrome, takesScreenshot=true, javascriptEnabled=true, cssSelectorsEnabled=true}]
Session ID: c4f93aa9c9b34324116a265a6bd283c6<br>
<br>
<code>org.openqa.selenium.TimeoutException: timeout: Timed out receiving message from renderer: 10.000<br>  (Session info: chrome=44.0.2403.107)<br>  (Driver info: chromedriver=2.14.313457 (3d645c400edf2e2c500566c9aa096063e707c9cf),platform=Windows NT 6.1 SP1 x86_64) (WARNING: The server did not provide any stacktrace information)<br>Command duration or timeout: 1104.80 seconds<br>Build info: version: '2.45.0', revision: '5017cb8', time: '2015-02-26 23:59:50'<br>System info: host: 'CCONYC18QAD', ip: '10.88.189.52', os.name: 'Windows 7', os.arch: 'amd64', os.version: '6.1', java.version: '1.8.0_40'<br>Driver info: org.openqa.selenium.chrome.ChromeDriver<br>Capabilities [{applicationCacheEnabled=false, rotatable=false, mobileEmulationEnabled=false, chrome={userDataDir=C:\Users\1111128\AppData\Local\Temp\scoped_dir18484_20963}, takesHeapSnapshot=true, databaseEnabled=false, handlesAlerts=true, version=44.0.2403.107, platform=XP, browserConnectionEnabled=false, nativeEvents=true, acceptSslCerts=true, locationContextEnabled=true, webStorageEnabled=true, browserName=chrome, takesScreenshot=true, javascriptEnabled=true, cssSelectorsEnabled=true}]<br>Session ID: c4f93aa9c9b34324116a265a6bd283c6<br>	at java.lang.reflect.Constructor.newInstance(Constructor.java:422)<br>	at org.openqa.selenium.remote.ErrorHandler.createThrowable(ErrorHandler.java:204)<br>	at org.openqa.selenium.remote.ErrorHandler.throwIfResponseFailed(ErrorHandler.java:156)<br>	at org.openqa.selenium.remote.RemoteWebDriver.execute(RemoteWebDriver.java:599)<br>	at org.openqa.selenium.remote.RemoteWebDriver.get(RemoteWebDriver.java:304)<br>	at com.iheart.selenium.web_sanity.Utils.launchBrowser(Utils.java:272)<br>	at com.iheart.junit.web_sanity.RunDailyTest.init(RunDailyTest.java:46)<br>
</code></td><td>1106.353</td>
</tr>
<tr valign="top" class="Error">
<td><a href="com/iheart/junit/web_sanity/0_RunDailyTest.html">RunDailyTest</a></td><td><a name="testWEB_11782_friendPage"></a><a href="com/iheart/junit/web_sanity/0_RunDailyTest.html#testWEB_11782_friendPage">testWEB_11782_friendPage</a></td><td>Error</td><td>unknown error: unable to discover open pages
  (Driver info: chromedriver=2.14.313457 (3d645c400edf2e2c500566c9aa096063e707c9cf),platform=Windows NT 6.1 SP1 x86_64) (WARNING: The server did not provide any stacktrace information)
Command duration or timeout: 181.61 seconds
Build info: version: '2.45.0', revision: '5017cb8', time: '2015-02-26 23:59:50'
System info: host: 'CCONYC18QAD', ip: '10.88.189.52', os.name: 'Windows 7', os.arch: 'amd64', os.version: '6.1', java.version: '1.8.0_40'
Driver info: org.openqa.selenium.chrome.ChromeDriver<br>
<br>
<code>org.openqa.selenium.WebDriverException: unknown error: unable to discover open pages<br>  (Driver info: chromedriver=2.14.313457 (3d645c400edf2e2c500566c9aa096063e707c9cf),platform=Windows NT 6.1 SP1 x86_64) (WARNING: The server did not provide any stacktrace information)<br>Command duration or timeout: 181.61 seconds<br>Build info: version: '2.45.0', revision: '5017cb8', time: '2015-02-26 23:59:50'<br>System info: host: 'CCONYC18QAD', ip: '10.88.189.52', os.name: 'Windows 7', os.arch: 'amd64', os.version: '6.1', java.version: '1.8.0_40'<br>Driver info: org.openqa.selenium.chrome.ChromeDriver<br>	at java.lang.reflect.Constructor.newInstance(Constructor.java:422)<br>	at org.openqa.selenium.remote.ErrorHandler.createThrowable(ErrorHandler.java:204)<br>	at org.openqa.selenium.remote.ErrorHandler.throwIfResponseFailed(ErrorHandler.java:156)<br>	at org.openqa.selenium.remote.RemoteWebDriver.execute(RemoteWebDriver.java:599)<br>	at org.openqa.selenium.remote.RemoteWebDriver.startSession(RemoteWebDriver.java:240)<br>	at org.openqa.selenium.remote.RemoteWebDriver.&lt;init&gt;(RemoteWebDriver.java:126)<br>	at org.openqa.selenium.remote.RemoteWebDriver.&lt;init&gt;(RemoteWebDriver.java:139)<br>	at org.openqa.selenium.chrome.ChromeDriver.&lt;init&gt;(ChromeDriver.java:171)<br>	at org.openqa.selenium.chrome.ChromeDriver.&lt;init&gt;(ChromeDriver.java:160)<br>	at org.openqa.selenium.chrome.ChromeDriver.&lt;init&gt;(ChromeDriver.java:149)<br>	at com.iheart.selenium.web_sanity.Utils.createWebDriver(Utils.java:65)<br>	at com.iheart.selenium.web_sanity.Utils.launchBrowser(Utils.java:270)<br>	at com.iheart.junit.web_sanity.RunDailyTest.init(RunDailyTest.java:46)<br>
</code></td><td>182.626</td>
</tr>
<tr valign="top" class="Error">
<td><a href="com/iheart/junit/web_sanity/0_RunDailyTest.html">RunDailyTest</a></td><td><a name="testWEB_11752_thumbUpLiveRadio"></a><a href="com/iheart/junit/web_sanity/0_RunDailyTest.html#testWEB_11752_thumbUpLiveRadio">testWEB_11752_thumbUpLiveRadio</a></td><td>Error</td><td>timeout: Timed out receiving message from renderer: 10.000
  (Session info: chrome=44.0.2403.107)
  (Driver info: chromedriver=2.14.313457 (3d645c400edf2e2c500566c9aa096063e707c9cf),platform=Windows NT 6.1 SP1 x86_64) (WARNING: The server did not provide any stacktrace information)
Command duration or timeout: 1089.92 seconds
Build info: version: '2.45.0', revision: '5017cb8', time: '2015-02-26 23:59:50'
System info: host: 'CCONYC18QAD', ip: '10.88.189.52', os.name: 'Windows 7', os.arch: 'amd64', os.version: '6.1', java.version: '1.8.0_40'
Driver info: org.openqa.selenium.chrome.ChromeDriver
Capabilities [{applicationCacheEnabled=false, rotatable=false, mobileEmulationEnabled=false, chrome={userDataDir=C:\Users\1111128\AppData\Local\Temp\scoped_dir12012_28642}, takesHeapSnapshot=true, databaseEnabled=false, handlesAlerts=true, version=44.0.2403.107, platform=XP, browserConnectionEnabled=false, nativeEvents=true, acceptSslCerts=true, locationContextEnabled=true, webStorageEnabled=true, browserName=chrome, takesScreenshot=true, javascriptEnabled=true, cssSelectorsEnabled=true}]
Session ID: 5cc09997c507d00a5074ec623ddf6f31<br>
<br>
<code>org.openqa.selenium.TimeoutException: timeout: Timed out receiving message from renderer: 10.000<br>  (Session info: chrome=44.0.2403.107)<br>  (Driver info: chromedriver=2.14.313457 (3d645c400edf2e2c500566c9aa096063e707c9cf),platform=Windows NT 6.1 SP1 x86_64) (WARNING: The server did not provide any stacktrace information)<br>Command duration or timeout: 1089.92 seconds<br>Build info: version: '2.45.0', revision: '5017cb8', time: '2015-02-26 23:59:50'<br>System info: host: 'CCONYC18QAD', ip: '10.88.189.52', os.name: 'Windows 7', os.arch: 'amd64', os.version: '6.1', java.version: '1.8.0_40'<br>Driver info: org.openqa.selenium.chrome.ChromeDriver<br>Capabilities [{applicationCacheEnabled=false, rotatable=false, mobileEmulationEnabled=false, chrome={userDataDir=C:\Users\1111128\AppData\Local\Temp\scoped_dir12012_28642}, takesHeapSnapshot=true, databaseEnabled=false, handlesAlerts=true, version=44.0.2403.107, platform=XP, browserConnectionEnabled=false, nativeEvents=true, acceptSslCerts=true, locationContextEnabled=true, webStorageEnabled=true, browserName=chrome, takesScreenshot=true, javascriptEnabled=true, cssSelectorsEnabled=true}]<br>Session ID: 5cc09997c507d00a5074ec623ddf6f31<br>	at java.lang.reflect.Constructor.newInstance(Constructor.java:422)<br>	at org.openqa.selenium.remote.ErrorHandler.createThrowable(ErrorHandler.java:204)<br>	at org.openqa.selenium.remote.ErrorHandler.throwIfResponseFailed(ErrorHandler.java:156)<br>	at org.openqa.selenium.remote.RemoteWebDriver.execute(RemoteWebDriver.java:599)<br>	at org.openqa.selenium.remote.RemoteWebDriver.get(RemoteWebDriver.java:304)<br>	at com.iheart.selenium.web_sanity.Utils.launchBrowser(Utils.java:272)<br>	at com.iheart.junit.web_sanity.RunDailyTest.init(RunDailyTest.java:46)<br>
</code></td><td>1091.463</td>
</tr>
<tr valign="top" class="Failure">
<td><a href="com/iheart/junit/web_sanity/0_RunDailyTest.html">RunDailyTest</a></td><td><a name="testWEB_11763_thumpUpCustom"></a><a href="com/iheart/junit/web_sanity/0_RunDailyTest.html#testWEB_11763_thumpUpCustom">testWEB_11763_thumpUpCustom</a></td><td>Failure</td><td>Exception is thrown.<br>
<br>
<code>junit.framework.AssertionFailedError: Exception is thrown.<br>	at com.iheart.junit.web_sanity.RunDailyTest.tearDown(RunDailyTest.java:348)<br>
</code></td><td>204.899</td>
</tr>
<tr valign="top" class="Error">
<td><a href="com/iheart/junit/web_sanity/0_RunDailyTest.html">RunDailyTest</a></td><td><a name="testWEB_18302_PopularUserFlow"></a><a href="com/iheart/junit/web_sanity/0_RunDailyTest.html#testWEB_18302_PopularUserFlow">testWEB_18302_PopularUserFlow</a></td><td>Failure</td><td>Exception is thrown.<br>
<br>
<code>junit.framework.AssertionFailedError: Exception is thrown.<br>	at com.iheart.junit.web_sanity.RunDailyTest.tearDown(RunDailyTest.java:348)<br>
</code></td><td>1045.745</td>
</tr>
<tr valign="top" class="Error">
<td><a href="com/iheart/junit/web_sanity/0_RunDailyTest.html">RunDailyTest</a></td><td><a name="testWEB_8823_FaceBookSignUp"></a><a href="com/iheart/junit/web_sanity/0_RunDailyTest.html#testWEB_8823_FaceBookSignUp">testWEB_8823_FaceBookSignUp</a></td><td>Failure</td><td>Exception is thrown.<br>
<br>
<code>junit.framework.AssertionFailedError: Exception is thrown.<br>	at com.iheart.junit.web_sanity.RunDailyTest.tearDown(RunDailyTest.java:348)<br>
</code></td><td>1076.304</td>
</tr>
<tr valign="top" class="Error">
<td><a href="com/iheart/junit/web_sanity/0_RunDailyTest.html">RunDailyTest</a></td><td><a name="testWEB_11780_playStationsInMyStationsPage"></a><a href="com/iheart/junit/web_sanity/0_RunDailyTest.html#testWEB_11780_playStationsInMyStationsPage">testWEB_11780_playStationsInMyStationsPage</a></td><td>Failure</td><td>Exception is thrown.<br>
<br>
<code>junit.framework.AssertionFailedError: Exception is thrown.<br>	at com.iheart.junit.web_sanity.RunDailyTest.tearDown(RunDailyTest.java:348)<br>
</code></td><td>1076.249</td>
</tr>
<tr valign="top" class="Failure">
<td><a href="com/iheart/junit/web_sanity/0_RunDailyTest.html">RunDailyTest</a></td><td><a name="testWEB_11736_signUp"></a><a href="com/iheart/junit/web_sanity/0_RunDailyTest.html#testWEB_11736_signUp">testWEB_11736_signUp</a></td><td>Failure</td><td>Exception is thrown.<br>
<br>
<code>junit.framework.AssertionFailedError: Exception is thrown.<br>	at com.iheart.junit.web_sanity.RunDailyTest.tearDown(RunDailyTest.java:348)<br>
</code></td><td>170.526</td>
</tr>
<tr valign="top" class="Error">
<td><a href="com/iheart/junit/web_sanity/0_RunDailyTest.html">RunDailyTest</a></td><td><a name="testWEB_11776_thumbUpPodcasts"></a><a href="com/iheart/junit/web_sanity/0_RunDailyTest.html#testWEB_11776_thumbUpPodcasts">testWEB_11776_thumbUpPodcasts</a></td><td>Failure</td><td>Exception is thrown.<br>
<br>
<code>junit.framework.AssertionFailedError: Exception is thrown.<br>	at com.iheart.junit.web_sanity.RunDailyTest.tearDown(RunDailyTest.java:348)<br>
</code></td><td>1075.811</td>
</tr>
<tr valign="top" class="Error">
<td><a href="com/iheart/junit/web_sanity/0_RunDailyTest.html">RunDailyTest</a></td><td><a name="testWEB_11740_search"></a><a href="com/iheart/junit/web_sanity/0_RunDailyTest.html#testWEB_11740_search">testWEB_11740_search</a></td><td>Failure</td><td>Exception is thrown.<br>
<br>
<code>junit.framework.AssertionFailedError: Exception is thrown.<br>	at com.iheart.junit.web_sanity.RunDailyTest.tearDown(RunDailyTest.java:348)<br>
</code></td><td>152.757</td>
</tr>
<tr valign="top" class="Error">
<td><a href="com/iheart/junit/web_sanity/0_RunDailyTest.html">RunDailyTest</a></td><td><a name="testWEB_11750_filterLiveStationAfterLogin"></a><a href="com/iheart/junit/web_sanity/0_RunDailyTest.html#testWEB_11750_filterLiveStationAfterLogin">testWEB_11750_filterLiveStationAfterLogin</a></td><td>Failure</td><td>Exception is thrown.<br>
<br>
<code>junit.framework.AssertionFailedError: Exception is thrown.<br>	at com.iheart.junit.web_sanity.RunDailyTest.tearDown(RunDailyTest.java:348)<br>
</code></td><td>1061.379</td>
</tr>
<tr valign="top" class="Error">
<td><a href="com/iheart/junit/web_sanity/0_RunDailyTest.html">RunDailyTest</a></td><td><a name="testWEB_11766_browsePerfect"></a><a href="com/iheart/junit/web_sanity/0_RunDailyTest.html#testWEB_11766_browsePerfect">testWEB_11766_browsePerfect</a></td><td>Failure</td><td>Exception is thrown.<br>
<br>
<code>junit.framework.AssertionFailedError: Exception is thrown.<br>	at com.iheart.junit.web_sanity.RunDailyTest.tearDown(RunDailyTest.java:348)<br>
</code></td><td>1061.322</td>
</tr>
<tr valign="top" class="Error">
<td><a href="com/iheart/junit/web_sanity/0_RunDailyTest.html">RunDailyTest</a></td><td><a name="testWEB_11774_filterPodAfterLogin"></a><a href="com/iheart/junit/web_sanity/0_RunDailyTest.html#testWEB_11774_filterPodAfterLogin">testWEB_11774_filterPodAfterLogin</a></td><td>Failure</td><td>Exception is thrown.<br>
<br>
<code>junit.framework.AssertionFailedError: Exception is thrown.<br>	at com.iheart.junit.web_sanity.RunDailyTest.tearDown(RunDailyTest.java:348)<br>
</code></td><td>1091.303</td>
</tr>
</table>
</body>
</html>
