<html xmlns:string="xalan://java.lang.String" xmlns:lxslt="http://xml.apache.org/xslt">
<head>
<META http-equiv="Content-Type" content="text/html; charset=UTF-8">
<title>Unit Test Results: All Errors</title>
<link rel="stylesheet" type="text/css" title="Style" href="stylesheet.css">
</head>
<body onload="open('allclasses-frame.html','classListFrame')">
<h1>Unit Test Results.</h1>
<table width="100%">
<tr>
<td align="left"></td><td align="right">Designed for use with <a href="http://www.junit.org/">JUnit</a> and <a href="http://ant.apache.org/">Ant</a>.</td>
</tr>
</table>
<hr size="1">
<h2>All Errors</h2>
<table class="details" border="0" cellpadding="5" cellspacing="2" width="95%">
<tr valign="top">
<th>Class</th><th>Name</th><th>Status</th><th width="80%">Type</th><th nowrap>Time(s)</th>
</tr>
<tr valign="top" class="Error">
<td><a href="com/iheart/junit/web_sanity/0_RunDailyTest.html">RunDailyTest</a></td><td><a name="testWEB_11783_logout"></a><a href="com/iheart/junit/web_sanity/0_RunDailyTest.html#testWEB_11783_logout">testWEB_11783_logout</a></td><td>Error</td><td>timeout: Timed out receiving message from renderer: 10.000
  (Session info: chrome=43.0.2357.134)
  (Driver info: chromedriver=2.14.313457 (3d645c400edf2e2c500566c9aa096063e707c9cf),platform=Windows NT 6.1 SP1 x86_64) (WARNING: The server did not provide any stacktrace information)
Command duration or timeout: 910.47 seconds
Build info: version: '2.45.0', revision: '5017cb8', time: '2015-02-26 23:59:50'
System info: host: 'CCONYC18QAD', ip: '10.88.189.52', os.name: 'Windows 7', os.arch: 'amd64', os.version: '6.1', java.version: '1.8.0_40'
Driver info: org.openqa.selenium.chrome.ChromeDriver
Capabilities [{applicationCacheEnabled=false, rotatable=false, mobileEmulationEnabled=false, chrome={userDataDir=C:\Users\1111128\AppData\Local\Temp\scoped_dir26740_27197}, takesHeapSnapshot=true, databaseEnabled=false, handlesAlerts=true, version=43.0.2357.134, platform=XP, browserConnectionEnabled=false, nativeEvents=true, acceptSslCerts=true, locationContextEnabled=true, webStorageEnabled=true, browserName=chrome, takesScreenshot=true, javascriptEnabled=true, cssSelectorsEnabled=true}]
Session ID: 73d3977eea85b3f635c941204c603409<br>
<br>
<code>org.openqa.selenium.TimeoutException: timeout: Timed out receiving message from renderer: 10.000<br>  (Session info: chrome=43.0.2357.134)<br>  (Driver info: chromedriver=2.14.313457 (3d645c400edf2e2c500566c9aa096063e707c9cf),platform=Windows NT 6.1 SP1 x86_64) (WARNING: The server did not provide any stacktrace information)<br>Command duration or timeout: 910.47 seconds<br>Build info: version: '2.45.0', revision: '5017cb8', time: '2015-02-26 23:59:50'<br>System info: host: 'CCONYC18QAD', ip: '10.88.189.52', os.name: 'Windows 7', os.arch: 'amd64', os.version: '6.1', java.version: '1.8.0_40'<br>Driver info: org.openqa.selenium.chrome.ChromeDriver<br>Capabilities [{applicationCacheEnabled=false, rotatable=false, mobileEmulationEnabled=false, chrome={userDataDir=C:\Users\1111128\AppData\Local\Temp\scoped_dir26740_27197}, takesHeapSnapshot=true, databaseEnabled=false, handlesAlerts=true, version=43.0.2357.134, platform=XP, browserConnectionEnabled=false, nativeEvents=true, acceptSslCerts=true, locationContextEnabled=true, webStorageEnabled=true, browserName=chrome, takesScreenshot=true, javascriptEnabled=true, cssSelectorsEnabled=true}]<br>Session ID: 73d3977eea85b3f635c941204c603409<br>	at java.lang.reflect.Constructor.newInstance(Constructor.java:422)<br>	at org.openqa.selenium.remote.ErrorHandler.createThrowable(ErrorHandler.java:204)<br>	at org.openqa.selenium.remote.ErrorHandler.throwIfResponseFailed(ErrorHandler.java:156)<br>	at org.openqa.selenium.remote.RemoteWebDriver.execute(RemoteWebDriver.java:599)<br>	at org.openqa.selenium.remote.RemoteWebDriver.get(RemoteWebDriver.java:304)<br>	at com.iheart.selenium.web_sanity.Utils.launchBrowser(Utils.java:273)<br>	at com.iheart.junit.web_sanity.RunDailyTest.init(RunDailyTest.java:46)<br>
</code></td><td>913.561</td>
</tr>
<tr valign="top" class="Error">
<td><a href="com/iheart/junit/web_sanity/0_RunDailyTest.html">RunDailyTest</a></td><td><a name="testWEB_11744_filterStation"></a><a href="com/iheart/junit/web_sanity/0_RunDailyTest.html#testWEB_11744_filterStation">testWEB_11744_filterStation</a></td><td>Error</td><td>timeout: Timed out receiving message from renderer: 10.000
  (Session info: chrome=43.0.2357.134)
  (Driver info: chromedriver=2.14.313457 (3d645c400edf2e2c500566c9aa096063e707c9cf),platform=Windows NT 6.1 SP1 x86_64) (WARNING: The server did not provide any stacktrace information)
Command duration or timeout: 910.46 seconds
Build info: version: '2.45.0', revision: '5017cb8', time: '2015-02-26 23:59:50'
System info: host: 'CCONYC18QAD', ip: '10.88.189.52', os.name: 'Windows 7', os.arch: 'amd64', os.version: '6.1', java.version: '1.8.0_40'
Driver info: org.openqa.selenium.chrome.ChromeDriver
Capabilities [{applicationCacheEnabled=false, rotatable=false, mobileEmulationEnabled=false, chrome={userDataDir=C:\Users\1111128\AppData\Local\Temp\scoped_dir26064_8488}, takesHeapSnapshot=true, databaseEnabled=false, handlesAlerts=true, version=43.0.2357.134, platform=XP, browserConnectionEnabled=false, nativeEvents=true, acceptSslCerts=true, locationContextEnabled=true, webStorageEnabled=true, browserName=chrome, takesScreenshot=true, javascriptEnabled=true, cssSelectorsEnabled=true}]
Session ID: 3021d65478c29de7ca17848a50506a46<br>
<br>
<code>org.openqa.selenium.TimeoutException: timeout: Timed out receiving message from renderer: 10.000<br>  (Session info: chrome=43.0.2357.134)<br>  (Driver info: chromedriver=2.14.313457 (3d645c400edf2e2c500566c9aa096063e707c9cf),platform=Windows NT 6.1 SP1 x86_64) (WARNING: The server did not provide any stacktrace information)<br>Command duration or timeout: 910.46 seconds<br>Build info: version: '2.45.0', revision: '5017cb8', time: '2015-02-26 23:59:50'<br>System info: host: 'CCONYC18QAD', ip: '10.88.189.52', os.name: 'Windows 7', os.arch: 'amd64', os.version: '6.1', java.version: '1.8.0_40'<br>Driver info: org.openqa.selenium.chrome.ChromeDriver<br>Capabilities [{applicationCacheEnabled=false, rotatable=false, mobileEmulationEnabled=false, chrome={userDataDir=C:\Users\1111128\AppData\Local\Temp\scoped_dir26064_8488}, takesHeapSnapshot=true, databaseEnabled=false, handlesAlerts=true, version=43.0.2357.134, platform=XP, browserConnectionEnabled=false, nativeEvents=true, acceptSslCerts=true, locationContextEnabled=true, webStorageEnabled=true, browserName=chrome, takesScreenshot=true, javascriptEnabled=true, cssSelectorsEnabled=true}]<br>Session ID: 3021d65478c29de7ca17848a50506a46<br>	at java.lang.reflect.Constructor.newInstance(Constructor.java:422)<br>	at org.openqa.selenium.remote.ErrorHandler.createThrowable(ErrorHandler.java:204)<br>	at org.openqa.selenium.remote.ErrorHandler.throwIfResponseFailed(ErrorHandler.java:156)<br>	at org.openqa.selenium.remote.RemoteWebDriver.execute(RemoteWebDriver.java:599)<br>	at org.openqa.selenium.remote.RemoteWebDriver.get(RemoteWebDriver.java:304)<br>	at com.iheart.selenium.web_sanity.Utils.launchBrowser(Utils.java:273)<br>	at com.iheart.junit.web_sanity.RunDailyTest.init(RunDailyTest.java:46)<br>
</code></td><td>912.002</td>
</tr>
<tr valign="top" class="Error">
<td><a href="com/iheart/junit/web_sanity/0_RunDailyTest.html">RunDailyTest</a></td><td><a name="testWEB_11739_loginWithGoog"></a><a href="com/iheart/junit/web_sanity/0_RunDailyTest.html#testWEB_11739_loginWithGoog">testWEB_11739_loginWithGoog</a></td><td>Error</td><td>timeout: Timed out receiving message from renderer: 10.000
  (Session info: chrome=43.0.2357.134)
  (Driver info: chromedriver=2.14.313457 (3d645c400edf2e2c500566c9aa096063e707c9cf),platform=Windows NT 6.1 SP1 x86_64) (WARNING: The server did not provide any stacktrace information)
Command duration or timeout: 910.47 seconds
Build info: version: '2.45.0', revision: '5017cb8', time: '2015-02-26 23:59:50'
System info: host: 'CCONYC18QAD', ip: '10.88.189.52', os.name: 'Windows 7', os.arch: 'amd64', os.version: '6.1', java.version: '1.8.0_40'
Driver info: org.openqa.selenium.chrome.ChromeDriver
Capabilities [{applicationCacheEnabled=false, rotatable=false, mobileEmulationEnabled=false, chrome={userDataDir=C:\Users\1111128\AppData\Local\Temp\scoped_dir9800_13163}, takesHeapSnapshot=true, databaseEnabled=false, handlesAlerts=true, version=43.0.2357.134, platform=XP, browserConnectionEnabled=false, nativeEvents=true, acceptSslCerts=true, locationContextEnabled=true, webStorageEnabled=true, browserName=chrome, takesScreenshot=true, javascriptEnabled=true, cssSelectorsEnabled=true}]
Session ID: 65cc45b8810e051171a0dc2a0a679a18<br>
<br>
<code>org.openqa.selenium.TimeoutException: timeout: Timed out receiving message from renderer: 10.000<br>  (Session info: chrome=43.0.2357.134)<br>  (Driver info: chromedriver=2.14.313457 (3d645c400edf2e2c500566c9aa096063e707c9cf),platform=Windows NT 6.1 SP1 x86_64) (WARNING: The server did not provide any stacktrace information)<br>Command duration or timeout: 910.47 seconds<br>Build info: version: '2.45.0', revision: '5017cb8', time: '2015-02-26 23:59:50'<br>System info: host: 'CCONYC18QAD', ip: '10.88.189.52', os.name: 'Windows 7', os.arch: 'amd64', os.version: '6.1', java.version: '1.8.0_40'<br>Driver info: org.openqa.selenium.chrome.ChromeDriver<br>Capabilities [{applicationCacheEnabled=false, rotatable=false, mobileEmulationEnabled=false, chrome={userDataDir=C:\Users\1111128\AppData\Local\Temp\scoped_dir9800_13163}, takesHeapSnapshot=true, databaseEnabled=false, handlesAlerts=true, version=43.0.2357.134, platform=XP, browserConnectionEnabled=false, nativeEvents=true, acceptSslCerts=true, locationContextEnabled=true, webStorageEnabled=true, browserName=chrome, takesScreenshot=true, javascriptEnabled=true, cssSelectorsEnabled=true}]<br>Session ID: 65cc45b8810e051171a0dc2a0a679a18<br>	at java.lang.reflect.Constructor.newInstance(Constructor.java:422)<br>	at org.openqa.selenium.remote.ErrorHandler.createThrowable(ErrorHandler.java:204)<br>	at org.openqa.selenium.remote.ErrorHandler.throwIfResponseFailed(ErrorHandler.java:156)<br>	at org.openqa.selenium.remote.RemoteWebDriver.execute(RemoteWebDriver.java:599)<br>	at org.openqa.selenium.remote.RemoteWebDriver.get(RemoteWebDriver.java:304)<br>	at com.iheart.selenium.web_sanity.Utils.launchBrowser(Utils.java:273)<br>	at com.iheart.junit.web_sanity.RunDailyTest.init(RunDailyTest.java:46)<br>
</code></td><td>912.462</td>
</tr>
<tr valign="top" class="Error">
<td><a href="com/iheart/junit/web_sanity/0_RunDailyTest.html">RunDailyTest</a></td><td><a name="testWEB_11738_FACEBOOKsignUp"></a><a href="com/iheart/junit/web_sanity/0_RunDailyTest.html#testWEB_11738_FACEBOOKsignUp">testWEB_11738_FACEBOOKsignUp</a></td><td>Error</td><td>timeout: Timed out receiving message from renderer: 10.000
  (Session info: chrome=43.0.2357.134)
  (Driver info: chromedriver=2.14.313457 (3d645c400edf2e2c500566c9aa096063e707c9cf),platform=Windows NT 6.1 SP1 x86_64) (WARNING: The server did not provide any stacktrace information)
Command duration or timeout: 910.56 seconds
Build info: version: '2.45.0', revision: '5017cb8', time: '2015-02-26 23:59:50'
System info: host: 'CCONYC18QAD', ip: '10.88.189.52', os.name: 'Windows 7', os.arch: 'amd64', os.version: '6.1', java.version: '1.8.0_40'
Driver info: org.openqa.selenium.chrome.ChromeDriver
Capabilities [{applicationCacheEnabled=false, rotatable=false, mobileEmulationEnabled=false, chrome={userDataDir=C:\Users\1111128\AppData\Local\Temp\scoped_dir20768_19287}, takesHeapSnapshot=true, databaseEnabled=false, handlesAlerts=true, version=43.0.2357.134, platform=XP, browserConnectionEnabled=false, nativeEvents=true, acceptSslCerts=true, locationContextEnabled=true, webStorageEnabled=true, browserName=chrome, takesScreenshot=true, javascriptEnabled=true, cssSelectorsEnabled=true}]
Session ID: 2c1082545bea95c74eac9722aad028ef<br>
<br>
<code>org.openqa.selenium.TimeoutException: timeout: Timed out receiving message from renderer: 10.000<br>  (Session info: chrome=43.0.2357.134)<br>  (Driver info: chromedriver=2.14.313457 (3d645c400edf2e2c500566c9aa096063e707c9cf),platform=Windows NT 6.1 SP1 x86_64) (WARNING: The server did not provide any stacktrace information)<br>Command duration or timeout: 910.56 seconds<br>Build info: version: '2.45.0', revision: '5017cb8', time: '2015-02-26 23:59:50'<br>System info: host: 'CCONYC18QAD', ip: '10.88.189.52', os.name: 'Windows 7', os.arch: 'amd64', os.version: '6.1', java.version: '1.8.0_40'<br>Driver info: org.openqa.selenium.chrome.ChromeDriver<br>Capabilities [{applicationCacheEnabled=false, rotatable=false, mobileEmulationEnabled=false, chrome={userDataDir=C:\Users\1111128\AppData\Local\Temp\scoped_dir20768_19287}, takesHeapSnapshot=true, databaseEnabled=false, handlesAlerts=true, version=43.0.2357.134, platform=XP, browserConnectionEnabled=false, nativeEvents=true, acceptSslCerts=true, locationContextEnabled=true, webStorageEnabled=true, browserName=chrome, takesScreenshot=true, javascriptEnabled=true, cssSelectorsEnabled=true}]<br>Session ID: 2c1082545bea95c74eac9722aad028ef<br>	at java.lang.reflect.Constructor.newInstance(Constructor.java:422)<br>	at org.openqa.selenium.remote.ErrorHandler.createThrowable(ErrorHandler.java:204)<br>	at org.openqa.selenium.remote.ErrorHandler.throwIfResponseFailed(ErrorHandler.java:156)<br>	at org.openqa.selenium.remote.RemoteWebDriver.execute(RemoteWebDriver.java:599)<br>	at org.openqa.selenium.remote.RemoteWebDriver.get(RemoteWebDriver.java:304)<br>	at com.iheart.selenium.web_sanity.Utils.launchBrowser(Utils.java:273)<br>	at com.iheart.junit.web_sanity.RunDailyTest.init(RunDailyTest.java:46)<br>
</code></td><td>912.421</td>
</tr>
<tr valign="top" class="Error">
<td><a href="com/iheart/junit/web_sanity/0_RunDailyTest.html">RunDailyTest</a></td><td><a name="testWEB_11754_thumpDownLiveRadio"></a><a href="com/iheart/junit/web_sanity/0_RunDailyTest.html#testWEB_11754_thumpDownLiveRadio">testWEB_11754_thumpDownLiveRadio</a></td><td>Error</td><td>timeout: Timed out receiving message from renderer: 10.000
  (Session info: chrome=43.0.2357.134)
  (Driver info: chromedriver=2.14.313457 (3d645c400edf2e2c500566c9aa096063e707c9cf),platform=Windows NT 6.1 SP1 x86_64) (WARNING: The server did not provide any stacktrace information)
Command duration or timeout: 910.54 seconds
Build info: version: '2.45.0', revision: '5017cb8', time: '2015-02-26 23:59:50'
System info: host: 'CCONYC18QAD', ip: '10.88.189.52', os.name: 'Windows 7', os.arch: 'amd64', os.version: '6.1', java.version: '1.8.0_40'
Driver info: org.openqa.selenium.chrome.ChromeDriver
Capabilities [{applicationCacheEnabled=false, rotatable=false, mobileEmulationEnabled=false, chrome={userDataDir=C:\Users\1111128\AppData\Local\Temp\scoped_dir26856_4319}, takesHeapSnapshot=true, databaseEnabled=false, handlesAlerts=true, version=43.0.2357.134, platform=XP, browserConnectionEnabled=false, nativeEvents=true, acceptSslCerts=true, locationContextEnabled=true, webStorageEnabled=true, browserName=chrome, takesScreenshot=true, javascriptEnabled=true, cssSelectorsEnabled=true}]
Session ID: d11b2340be0eed6f4ab087ecbce84e31<br>
<br>
<code>org.openqa.selenium.TimeoutException: timeout: Timed out receiving message from renderer: 10.000<br>  (Session info: chrome=43.0.2357.134)<br>  (Driver info: chromedriver=2.14.313457 (3d645c400edf2e2c500566c9aa096063e707c9cf),platform=Windows NT 6.1 SP1 x86_64) (WARNING: The server did not provide any stacktrace information)<br>Command duration or timeout: 910.54 seconds<br>Build info: version: '2.45.0', revision: '5017cb8', time: '2015-02-26 23:59:50'<br>System info: host: 'CCONYC18QAD', ip: '10.88.189.52', os.name: 'Windows 7', os.arch: 'amd64', os.version: '6.1', java.version: '1.8.0_40'<br>Driver info: org.openqa.selenium.chrome.ChromeDriver<br>Capabilities [{applicationCacheEnabled=false, rotatable=false, mobileEmulationEnabled=false, chrome={userDataDir=C:\Users\1111128\AppData\Local\Temp\scoped_dir26856_4319}, takesHeapSnapshot=true, databaseEnabled=false, handlesAlerts=true, version=43.0.2357.134, platform=XP, browserConnectionEnabled=false, nativeEvents=true, acceptSslCerts=true, locationContextEnabled=true, webStorageEnabled=true, browserName=chrome, takesScreenshot=true, javascriptEnabled=true, cssSelectorsEnabled=true}]<br>Session ID: d11b2340be0eed6f4ab087ecbce84e31<br>	at java.lang.reflect.Constructor.newInstance(Constructor.java:422)<br>	at org.openqa.selenium.remote.ErrorHandler.createThrowable(ErrorHandler.java:204)<br>	at org.openqa.selenium.remote.ErrorHandler.throwIfResponseFailed(ErrorHandler.java:156)<br>	at org.openqa.selenium.remote.RemoteWebDriver.execute(RemoteWebDriver.java:599)<br>	at org.openqa.selenium.remote.RemoteWebDriver.get(RemoteWebDriver.java:304)<br>	at com.iheart.selenium.web_sanity.Utils.launchBrowser(Utils.java:273)<br>	at com.iheart.junit.web_sanity.RunDailyTest.init(RunDailyTest.java:46)<br>
</code></td><td>912.871</td>
</tr>
<tr valign="top" class="Error">
<td><a href="com/iheart/junit/web_sanity/0_RunDailyTest.html">RunDailyTest</a></td><td><a name="testWEB_11761_filterAndPlayCustomAfterLogin"></a><a href="com/iheart/junit/web_sanity/0_RunDailyTest.html#testWEB_11761_filterAndPlayCustomAfterLogin">testWEB_11761_filterAndPlayCustomAfterLogin</a></td><td>Error</td><td>timeout: Timed out receiving message from renderer: 10.000
  (Session info: chrome=43.0.2357.134)
  (Driver info: chromedriver=2.14.313457 (3d645c400edf2e2c500566c9aa096063e707c9cf),platform=Windows NT 6.1 SP1 x86_64) (WARNING: The server did not provide any stacktrace information)
Command duration or timeout: 910.76 seconds
Build info: version: '2.45.0', revision: '5017cb8', time: '2015-02-26 23:59:50'
System info: host: 'CCONYC18QAD', ip: '10.88.189.52', os.name: 'Windows 7', os.arch: 'amd64', os.version: '6.1', java.version: '1.8.0_40'
Driver info: org.openqa.selenium.chrome.ChromeDriver
Capabilities [{applicationCacheEnabled=false, rotatable=false, mobileEmulationEnabled=false, chrome={userDataDir=C:\Users\1111128\AppData\Local\Temp\scoped_dir27820_6108}, takesHeapSnapshot=true, databaseEnabled=false, handlesAlerts=true, version=43.0.2357.134, platform=XP, browserConnectionEnabled=false, nativeEvents=true, acceptSslCerts=true, locationContextEnabled=true, webStorageEnabled=true, browserName=chrome, takesScreenshot=true, javascriptEnabled=true, cssSelectorsEnabled=true}]
Session ID: 7eca70cc9742bf8b543f463592ab1dcb<br>
<br>
<code>org.openqa.selenium.TimeoutException: timeout: Timed out receiving message from renderer: 10.000<br>  (Session info: chrome=43.0.2357.134)<br>  (Driver info: chromedriver=2.14.313457 (3d645c400edf2e2c500566c9aa096063e707c9cf),platform=Windows NT 6.1 SP1 x86_64) (WARNING: The server did not provide any stacktrace information)<br>Command duration or timeout: 910.76 seconds<br>Build info: version: '2.45.0', revision: '5017cb8', time: '2015-02-26 23:59:50'<br>System info: host: 'CCONYC18QAD', ip: '10.88.189.52', os.name: 'Windows 7', os.arch: 'amd64', os.version: '6.1', java.version: '1.8.0_40'<br>Driver info: org.openqa.selenium.chrome.ChromeDriver<br>Capabilities [{applicationCacheEnabled=false, rotatable=false, mobileEmulationEnabled=false, chrome={userDataDir=C:\Users\1111128\AppData\Local\Temp\scoped_dir27820_6108}, takesHeapSnapshot=true, databaseEnabled=false, handlesAlerts=true, version=43.0.2357.134, platform=XP, browserConnectionEnabled=false, nativeEvents=true, acceptSslCerts=true, locationContextEnabled=true, webStorageEnabled=true, browserName=chrome, takesScreenshot=true, javascriptEnabled=true, cssSelectorsEnabled=true}]<br>Session ID: 7eca70cc9742bf8b543f463592ab1dcb<br>	at java.lang.reflect.Constructor.newInstance(Constructor.java:422)<br>	at org.openqa.selenium.remote.ErrorHandler.createThrowable(ErrorHandler.java:204)<br>	at org.openqa.selenium.remote.ErrorHandler.throwIfResponseFailed(ErrorHandler.java:156)<br>	at org.openqa.selenium.remote.RemoteWebDriver.execute(RemoteWebDriver.java:599)<br>	at org.openqa.selenium.remote.RemoteWebDriver.get(RemoteWebDriver.java:304)<br>	at com.iheart.selenium.web_sanity.Utils.launchBrowser(Utils.java:273)<br>	at com.iheart.junit.web_sanity.RunDailyTest.init(RunDailyTest.java:46)<br>
</code></td><td>913.984</td>
</tr>
<tr valign="top" class="Error">
<td><a href="com/iheart/junit/web_sanity/0_RunDailyTest.html">RunDailyTest</a></td><td><a name="testWEB_11779_playStations"></a><a href="com/iheart/junit/web_sanity/0_RunDailyTest.html#testWEB_11779_playStations">testWEB_11779_playStations</a></td><td>Error</td><td>timeout: Timed out receiving message from renderer: 10.000
  (Session info: chrome=43.0.2357.134)
  (Driver info: chromedriver=2.14.313457 (3d645c400edf2e2c500566c9aa096063e707c9cf),platform=Windows NT 6.1 SP1 x86_64) (WARNING: The server did not provide any stacktrace information)
Command duration or timeout: 910.79 seconds
Build info: version: '2.45.0', revision: '5017cb8', time: '2015-02-26 23:59:50'
System info: host: 'CCONYC18QAD', ip: '10.88.189.52', os.name: 'Windows 7', os.arch: 'amd64', os.version: '6.1', java.version: '1.8.0_40'
Driver info: org.openqa.selenium.chrome.ChromeDriver
Capabilities [{applicationCacheEnabled=false, rotatable=false, mobileEmulationEnabled=false, chrome={userDataDir=C:\Users\1111128\AppData\Local\Temp\scoped_dir27612_1329}, takesHeapSnapshot=true, databaseEnabled=false, handlesAlerts=true, version=43.0.2357.134, platform=XP, browserConnectionEnabled=false, nativeEvents=true, acceptSslCerts=true, locationContextEnabled=true, webStorageEnabled=true, browserName=chrome, takesScreenshot=true, javascriptEnabled=true, cssSelectorsEnabled=true}]
Session ID: a5a5935a3567bfea625bdabd491a39bd<br>
<br>
<code>org.openqa.selenium.TimeoutException: timeout: Timed out receiving message from renderer: 10.000<br>  (Session info: chrome=43.0.2357.134)<br>  (Driver info: chromedriver=2.14.313457 (3d645c400edf2e2c500566c9aa096063e707c9cf),platform=Windows NT 6.1 SP1 x86_64) (WARNING: The server did not provide any stacktrace information)<br>Command duration or timeout: 910.79 seconds<br>Build info: version: '2.45.0', revision: '5017cb8', time: '2015-02-26 23:59:50'<br>System info: host: 'CCONYC18QAD', ip: '10.88.189.52', os.name: 'Windows 7', os.arch: 'amd64', os.version: '6.1', java.version: '1.8.0_40'<br>Driver info: org.openqa.selenium.chrome.ChromeDriver<br>Capabilities [{applicationCacheEnabled=false, rotatable=false, mobileEmulationEnabled=false, chrome={userDataDir=C:\Users\1111128\AppData\Local\Temp\scoped_dir27612_1329}, takesHeapSnapshot=true, databaseEnabled=false, handlesAlerts=true, version=43.0.2357.134, platform=XP, browserConnectionEnabled=false, nativeEvents=true, acceptSslCerts=true, locationContextEnabled=true, webStorageEnabled=true, browserName=chrome, takesScreenshot=true, javascriptEnabled=true, cssSelectorsEnabled=true}]<br>Session ID: a5a5935a3567bfea625bdabd491a39bd<br>	at java.lang.reflect.Constructor.newInstance(Constructor.java:422)<br>	at org.openqa.selenium.remote.ErrorHandler.createThrowable(ErrorHandler.java:204)<br>	at org.openqa.selenium.remote.ErrorHandler.throwIfResponseFailed(ErrorHandler.java:156)<br>	at org.openqa.selenium.remote.RemoteWebDriver.execute(RemoteWebDriver.java:599)<br>	at org.openqa.selenium.remote.RemoteWebDriver.get(RemoteWebDriver.java:304)<br>	at com.iheart.selenium.web_sanity.Utils.launchBrowser(Utils.java:273)<br>	at com.iheart.junit.web_sanity.RunDailyTest.init(RunDailyTest.java:46)<br>
</code></td><td>913.721</td>
</tr>
<tr valign="top" class="Error">
<td><a href="com/iheart/junit/web_sanity/0_RunDailyTest.html">RunDailyTest</a></td><td><a name="testWEB_11734_startUp"></a><a href="com/iheart/junit/web_sanity/0_RunDailyTest.html#testWEB_11734_startUp">testWEB_11734_startUp</a></td><td>Error</td><td>timeout: Timed out receiving message from renderer: 10.000
  (Session info: chrome=43.0.2357.134)
  (Driver info: chromedriver=2.14.313457 (3d645c400edf2e2c500566c9aa096063e707c9cf),platform=Windows NT 6.1 SP1 x86_64) (WARNING: The server did not provide any stacktrace information)
Command duration or timeout: 910.65 seconds
Build info: version: '2.45.0', revision: '5017cb8', time: '2015-02-26 23:59:50'
System info: host: 'CCONYC18QAD', ip: '10.88.189.52', os.name: 'Windows 7', os.arch: 'amd64', os.version: '6.1', java.version: '1.8.0_40'
Driver info: org.openqa.selenium.chrome.ChromeDriver
Capabilities [{applicationCacheEnabled=false, rotatable=false, mobileEmulationEnabled=false, chrome={userDataDir=C:\Users\1111128\AppData\Local\Temp\scoped_dir25012_17514}, takesHeapSnapshot=true, databaseEnabled=false, handlesAlerts=true, version=43.0.2357.134, platform=XP, browserConnectionEnabled=false, nativeEvents=true, acceptSslCerts=true, locationContextEnabled=true, webStorageEnabled=true, browserName=chrome, takesScreenshot=true, javascriptEnabled=true, cssSelectorsEnabled=true}]
Session ID: 809838f068fe2eab6fa54eac8279827c<br>
<br>
<code>org.openqa.selenium.TimeoutException: timeout: Timed out receiving message from renderer: 10.000<br>  (Session info: chrome=43.0.2357.134)<br>  (Driver info: chromedriver=2.14.313457 (3d645c400edf2e2c500566c9aa096063e707c9cf),platform=Windows NT 6.1 SP1 x86_64) (WARNING: The server did not provide any stacktrace information)<br>Command duration or timeout: 910.65 seconds<br>Build info: version: '2.45.0', revision: '5017cb8', time: '2015-02-26 23:59:50'<br>System info: host: 'CCONYC18QAD', ip: '10.88.189.52', os.name: 'Windows 7', os.arch: 'amd64', os.version: '6.1', java.version: '1.8.0_40'<br>Driver info: org.openqa.selenium.chrome.ChromeDriver<br>Capabilities [{applicationCacheEnabled=false, rotatable=false, mobileEmulationEnabled=false, chrome={userDataDir=C:\Users\1111128\AppData\Local\Temp\scoped_dir25012_17514}, takesHeapSnapshot=true, databaseEnabled=false, handlesAlerts=true, version=43.0.2357.134, platform=XP, browserConnectionEnabled=false, nativeEvents=true, acceptSslCerts=true, locationContextEnabled=true, webStorageEnabled=true, browserName=chrome, takesScreenshot=true, javascriptEnabled=true, cssSelectorsEnabled=true}]<br>Session ID: 809838f068fe2eab6fa54eac8279827c<br>	at java.lang.reflect.Constructor.newInstance(Constructor.java:422)<br>	at org.openqa.selenium.remote.ErrorHandler.createThrowable(ErrorHandler.java:204)<br>	at org.openqa.selenium.remote.ErrorHandler.throwIfResponseFailed(ErrorHandler.java:156)<br>	at org.openqa.selenium.remote.RemoteWebDriver.execute(RemoteWebDriver.java:599)<br>	at org.openqa.selenium.remote.RemoteWebDriver.get(RemoteWebDriver.java:304)<br>	at com.iheart.selenium.web_sanity.Utils.launchBrowser(Utils.java:273)<br>	at com.iheart.junit.web_sanity.RunDailyTest.init(RunDailyTest.java:46)<br>
</code></td><td>913.169</td>
</tr>
<tr valign="top" class="Error">
<td><a href="com/iheart/junit/web_sanity/0_RunDailyTest.html">RunDailyTest</a></td><td><a name="testWEB_11737_loginWithEmail"></a><a href="com/iheart/junit/web_sanity/0_RunDailyTest.html#testWEB_11737_loginWithEmail">testWEB_11737_loginWithEmail</a></td><td>Error</td><td>timeout: Timed out receiving message from renderer: 10.000
  (Session info: chrome=43.0.2357.134)
  (Driver info: chromedriver=2.14.313457 (3d645c400edf2e2c500566c9aa096063e707c9cf),platform=Windows NT 6.1 SP1 x86_64) (WARNING: The server did not provide any stacktrace information)
Command duration or timeout: 910.79 seconds
Build info: version: '2.45.0', revision: '5017cb8', time: '2015-02-26 23:59:50'
System info: host: 'CCONYC18QAD', ip: '10.88.189.52', os.name: 'Windows 7', os.arch: 'amd64', os.version: '6.1', java.version: '1.8.0_40'
Driver info: org.openqa.selenium.chrome.ChromeDriver
Capabilities [{applicationCacheEnabled=false, rotatable=false, mobileEmulationEnabled=false, chrome={userDataDir=C:\Users\1111128\AppData\Local\Temp\scoped_dir24120_198}, takesHeapSnapshot=true, databaseEnabled=false, handlesAlerts=true, version=43.0.2357.134, platform=XP, browserConnectionEnabled=false, nativeEvents=true, acceptSslCerts=true, locationContextEnabled=true, webStorageEnabled=true, browserName=chrome, takesScreenshot=true, javascriptEnabled=true, cssSelectorsEnabled=true}]
Session ID: affbc0c7aaf0661a9278c1751ed25ec7<br>
<br>
<code>org.openqa.selenium.TimeoutException: timeout: Timed out receiving message from renderer: 10.000<br>  (Session info: chrome=43.0.2357.134)<br>  (Driver info: chromedriver=2.14.313457 (3d645c400edf2e2c500566c9aa096063e707c9cf),platform=Windows NT 6.1 SP1 x86_64) (WARNING: The server did not provide any stacktrace information)<br>Command duration or timeout: 910.79 seconds<br>Build info: version: '2.45.0', revision: '5017cb8', time: '2015-02-26 23:59:50'<br>System info: host: 'CCONYC18QAD', ip: '10.88.189.52', os.name: 'Windows 7', os.arch: 'amd64', os.version: '6.1', java.version: '1.8.0_40'<br>Driver info: org.openqa.selenium.chrome.ChromeDriver<br>Capabilities [{applicationCacheEnabled=false, rotatable=false, mobileEmulationEnabled=false, chrome={userDataDir=C:\Users\1111128\AppData\Local\Temp\scoped_dir24120_198}, takesHeapSnapshot=true, databaseEnabled=false, handlesAlerts=true, version=43.0.2357.134, platform=XP, browserConnectionEnabled=false, nativeEvents=true, acceptSslCerts=true, locationContextEnabled=true, webStorageEnabled=true, browserName=chrome, takesScreenshot=true, javascriptEnabled=true, cssSelectorsEnabled=true}]<br>Session ID: affbc0c7aaf0661a9278c1751ed25ec7<br>	at java.lang.reflect.Constructor.newInstance(Constructor.java:422)<br>	at org.openqa.selenium.remote.ErrorHandler.createThrowable(ErrorHandler.java:204)<br>	at org.openqa.selenium.remote.ErrorHandler.throwIfResponseFailed(ErrorHandler.java:156)<br>	at org.openqa.selenium.remote.RemoteWebDriver.execute(RemoteWebDriver.java:599)<br>	at org.openqa.selenium.remote.RemoteWebDriver.get(RemoteWebDriver.java:304)<br>	at com.iheart.selenium.web_sanity.Utils.launchBrowser(Utils.java:273)<br>	at com.iheart.junit.web_sanity.RunDailyTest.init(RunDailyTest.java:46)<br>
</code></td><td>912.850</td>
</tr>
<tr valign="top" class="Error">
<td><a href="com/iheart/junit/web_sanity/0_RunDailyTest.html">RunDailyTest</a></td><td><a name="testWEB_11782_friendPage"></a><a href="com/iheart/junit/web_sanity/0_RunDailyTest.html#testWEB_11782_friendPage">testWEB_11782_friendPage</a></td><td>Error</td><td>timeout: Timed out receiving message from renderer: 10.000
  (Session info: chrome=43.0.2357.134)
  (Driver info: chromedriver=2.14.313457 (3d645c400edf2e2c500566c9aa096063e707c9cf),platform=Windows NT 6.1 SP1 x86_64) (WARNING: The server did not provide any stacktrace information)
Command duration or timeout: 910.78 seconds
Build info: version: '2.45.0', revision: '5017cb8', time: '2015-02-26 23:59:50'
System info: host: 'CCONYC18QAD', ip: '10.88.189.52', os.name: 'Windows 7', os.arch: 'amd64', os.version: '6.1', java.version: '1.8.0_40'
Driver info: org.openqa.selenium.chrome.ChromeDriver
Capabilities [{applicationCacheEnabled=false, rotatable=false, mobileEmulationEnabled=false, chrome={userDataDir=C:\Users\1111128\AppData\Local\Temp\scoped_dir22832_23864}, takesHeapSnapshot=true, databaseEnabled=false, handlesAlerts=true, version=43.0.2357.134, platform=XP, browserConnectionEnabled=false, nativeEvents=true, acceptSslCerts=true, locationContextEnabled=true, webStorageEnabled=true, browserName=chrome, takesScreenshot=true, javascriptEnabled=true, cssSelectorsEnabled=true}]
Session ID: a7f7b2a66d7b4a251f59bedcdc9a781f<br>
<br>
<code>org.openqa.selenium.TimeoutException: timeout: Timed out receiving message from renderer: 10.000<br>  (Session info: chrome=43.0.2357.134)<br>  (Driver info: chromedriver=2.14.313457 (3d645c400edf2e2c500566c9aa096063e707c9cf),platform=Windows NT 6.1 SP1 x86_64) (WARNING: The server did not provide any stacktrace information)<br>Command duration or timeout: 910.78 seconds<br>Build info: version: '2.45.0', revision: '5017cb8', time: '2015-02-26 23:59:50'<br>System info: host: 'CCONYC18QAD', ip: '10.88.189.52', os.name: 'Windows 7', os.arch: 'amd64', os.version: '6.1', java.version: '1.8.0_40'<br>Driver info: org.openqa.selenium.chrome.ChromeDriver<br>Capabilities [{applicationCacheEnabled=false, rotatable=false, mobileEmulationEnabled=false, chrome={userDataDir=C:\Users\1111128\AppData\Local\Temp\scoped_dir22832_23864}, takesHeapSnapshot=true, databaseEnabled=false, handlesAlerts=true, version=43.0.2357.134, platform=XP, browserConnectionEnabled=false, nativeEvents=true, acceptSslCerts=true, locationContextEnabled=true, webStorageEnabled=true, browserName=chrome, takesScreenshot=true, javascriptEnabled=true, cssSelectorsEnabled=true}]<br>Session ID: a7f7b2a66d7b4a251f59bedcdc9a781f<br>	at java.lang.reflect.Constructor.newInstance(Constructor.java:422)<br>	at org.openqa.selenium.remote.ErrorHandler.createThrowable(ErrorHandler.java:204)<br>	at org.openqa.selenium.remote.ErrorHandler.throwIfResponseFailed(ErrorHandler.java:156)<br>	at org.openqa.selenium.remote.RemoteWebDriver.execute(RemoteWebDriver.java:599)<br>	at org.openqa.selenium.remote.RemoteWebDriver.get(RemoteWebDriver.java:304)<br>	at com.iheart.selenium.web_sanity.Utils.launchBrowser(Utils.java:273)<br>	at com.iheart.junit.web_sanity.RunDailyTest.init(RunDailyTest.java:46)<br>
</code></td><td>913.104</td>
</tr>
<tr valign="top" class="Error">
<td><a href="com/iheart/junit/web_sanity/0_RunDailyTest.html">RunDailyTest</a></td><td><a name="testWEB_11752_thumbUpLiveRadio"></a><a href="com/iheart/junit/web_sanity/0_RunDailyTest.html#testWEB_11752_thumbUpLiveRadio">testWEB_11752_thumbUpLiveRadio</a></td><td>Error</td><td>timeout: Timed out receiving message from renderer: 10.000
  (Session info: chrome=43.0.2357.134)
  (Driver info: chromedriver=2.14.313457 (3d645c400edf2e2c500566c9aa096063e707c9cf),platform=Windows NT 6.1 SP1 x86_64) (WARNING: The server did not provide any stacktrace information)
Command duration or timeout: 910.61 seconds
Build info: version: '2.45.0', revision: '5017cb8', time: '2015-02-26 23:59:50'
System info: host: 'CCONYC18QAD', ip: '10.88.189.52', os.name: 'Windows 7', os.arch: 'amd64', os.version: '6.1', java.version: '1.8.0_40'
Driver info: org.openqa.selenium.chrome.ChromeDriver
Capabilities [{applicationCacheEnabled=false, rotatable=false, mobileEmulationEnabled=false, chrome={userDataDir=C:\Users\1111128\AppData\Local\Temp\scoped_dir28916_21974}, takesHeapSnapshot=true, databaseEnabled=false, handlesAlerts=true, version=43.0.2357.134, platform=XP, browserConnectionEnabled=false, nativeEvents=true, acceptSslCerts=true, locationContextEnabled=true, webStorageEnabled=true, browserName=chrome, takesScreenshot=true, javascriptEnabled=true, cssSelectorsEnabled=true}]
Session ID: 12ac8af76c5b808798cd0672fd3e6365<br>
<br>
<code>org.openqa.selenium.TimeoutException: timeout: Timed out receiving message from renderer: 10.000<br>  (Session info: chrome=43.0.2357.134)<br>  (Driver info: chromedriver=2.14.313457 (3d645c400edf2e2c500566c9aa096063e707c9cf),platform=Windows NT 6.1 SP1 x86_64) (WARNING: The server did not provide any stacktrace information)<br>Command duration or timeout: 910.61 seconds<br>Build info: version: '2.45.0', revision: '5017cb8', time: '2015-02-26 23:59:50'<br>System info: host: 'CCONYC18QAD', ip: '10.88.189.52', os.name: 'Windows 7', os.arch: 'amd64', os.version: '6.1', java.version: '1.8.0_40'<br>Driver info: org.openqa.selenium.chrome.ChromeDriver<br>Capabilities [{applicationCacheEnabled=false, rotatable=false, mobileEmulationEnabled=false, chrome={userDataDir=C:\Users\1111128\AppData\Local\Temp\scoped_dir28916_21974}, takesHeapSnapshot=true, databaseEnabled=false, handlesAlerts=true, version=43.0.2357.134, platform=XP, browserConnectionEnabled=false, nativeEvents=true, acceptSslCerts=true, locationContextEnabled=true, webStorageEnabled=true, browserName=chrome, takesScreenshot=true, javascriptEnabled=true, cssSelectorsEnabled=true}]<br>Session ID: 12ac8af76c5b808798cd0672fd3e6365<br>	at java.lang.reflect.Constructor.newInstance(Constructor.java:422)<br>	at org.openqa.selenium.remote.ErrorHandler.createThrowable(ErrorHandler.java:204)<br>	at org.openqa.selenium.remote.ErrorHandler.throwIfResponseFailed(ErrorHandler.java:156)<br>	at org.openqa.selenium.remote.RemoteWebDriver.execute(RemoteWebDriver.java:599)<br>	at org.openqa.selenium.remote.RemoteWebDriver.get(RemoteWebDriver.java:304)<br>	at com.iheart.selenium.web_sanity.Utils.launchBrowser(Utils.java:273)<br>	at com.iheart.junit.web_sanity.RunDailyTest.init(RunDailyTest.java:46)<br>
</code></td><td>912.729</td>
</tr>
<tr valign="top" class="Error">
<td><a href="com/iheart/junit/web_sanity/0_RunDailyTest.html">RunDailyTest</a></td><td><a name="testWEB_11763_thumpUpCustom"></a><a href="com/iheart/junit/web_sanity/0_RunDailyTest.html#testWEB_11763_thumpUpCustom">testWEB_11763_thumpUpCustom</a></td><td>Error</td><td>timeout: Timed out receiving message from renderer: 10.000
  (Session info: chrome=43.0.2357.134)
  (Driver info: chromedriver=2.14.313457 (3d645c400edf2e2c500566c9aa096063e707c9cf),platform=Windows NT 6.1 SP1 x86_64) (WARNING: The server did not provide any stacktrace information)
Command duration or timeout: 910.50 seconds
Build info: version: '2.45.0', revision: '5017cb8', time: '2015-02-26 23:59:50'
System info: host: 'CCONYC18QAD', ip: '10.88.189.52', os.name: 'Windows 7', os.arch: 'amd64', os.version: '6.1', java.version: '1.8.0_40'
Driver info: org.openqa.selenium.chrome.ChromeDriver
Capabilities [{applicationCacheEnabled=false, rotatable=false, mobileEmulationEnabled=false, chrome={userDataDir=C:\Users\1111128\AppData\Local\Temp\scoped_dir28704_24774}, takesHeapSnapshot=true, databaseEnabled=false, handlesAlerts=true, version=43.0.2357.134, platform=XP, browserConnectionEnabled=false, nativeEvents=true, acceptSslCerts=true, locationContextEnabled=true, webStorageEnabled=true, browserName=chrome, takesScreenshot=true, javascriptEnabled=true, cssSelectorsEnabled=true}]
Session ID: f810d28ed7675749ad8c1b664ce3be0f<br>
<br>
<code>org.openqa.selenium.TimeoutException: timeout: Timed out receiving message from renderer: 10.000<br>  (Session info: chrome=43.0.2357.134)<br>  (Driver info: chromedriver=2.14.313457 (3d645c400edf2e2c500566c9aa096063e707c9cf),platform=Windows NT 6.1 SP1 x86_64) (WARNING: The server did not provide any stacktrace information)<br>Command duration or timeout: 910.50 seconds<br>Build info: version: '2.45.0', revision: '5017cb8', time: '2015-02-26 23:59:50'<br>System info: host: 'CCONYC18QAD', ip: '10.88.189.52', os.name: 'Windows 7', os.arch: 'amd64', os.version: '6.1', java.version: '1.8.0_40'<br>Driver info: org.openqa.selenium.chrome.ChromeDriver<br>Capabilities [{applicationCacheEnabled=false, rotatable=false, mobileEmulationEnabled=false, chrome={userDataDir=C:\Users\1111128\AppData\Local\Temp\scoped_dir28704_24774}, takesHeapSnapshot=true, databaseEnabled=false, handlesAlerts=true, version=43.0.2357.134, platform=XP, browserConnectionEnabled=false, nativeEvents=true, acceptSslCerts=true, locationContextEnabled=true, webStorageEnabled=true, browserName=chrome, takesScreenshot=true, javascriptEnabled=true, cssSelectorsEnabled=true}]<br>Session ID: f810d28ed7675749ad8c1b664ce3be0f<br>	at java.lang.reflect.Constructor.newInstance(Constructor.java:422)<br>	at org.openqa.selenium.remote.ErrorHandler.createThrowable(ErrorHandler.java:204)<br>	at org.openqa.selenium.remote.ErrorHandler.throwIfResponseFailed(ErrorHandler.java:156)<br>	at org.openqa.selenium.remote.RemoteWebDriver.execute(RemoteWebDriver.java:599)<br>	at org.openqa.selenium.remote.RemoteWebDriver.get(RemoteWebDriver.java:304)<br>	at com.iheart.selenium.web_sanity.Utils.launchBrowser(Utils.java:273)<br>	at com.iheart.junit.web_sanity.RunDailyTest.init(RunDailyTest.java:46)<br>
</code></td><td>912.376</td>
</tr>
<tr valign="top" class="Error">
<td><a href="com/iheart/junit/web_sanity/0_RunDailyTest.html">RunDailyTest</a></td><td><a name="testWEB_18302_PopularUserFlow"></a><a href="com/iheart/junit/web_sanity/0_RunDailyTest.html#testWEB_18302_PopularUserFlow">testWEB_18302_PopularUserFlow</a></td><td>Error</td><td>timeout: Timed out receiving message from renderer: 10.000
  (Session info: chrome=43.0.2357.134)
  (Driver info: chromedriver=2.14.313457 (3d645c400edf2e2c500566c9aa096063e707c9cf),platform=Windows NT 6.1 SP1 x86_64) (WARNING: The server did not provide any stacktrace information)
Command duration or timeout: 910.74 seconds
Build info: version: '2.45.0', revision: '5017cb8', time: '2015-02-26 23:59:50'
System info: host: 'CCONYC18QAD', ip: '10.88.189.52', os.name: 'Windows 7', os.arch: 'amd64', os.version: '6.1', java.version: '1.8.0_40'
Driver info: org.openqa.selenium.chrome.ChromeDriver
Capabilities [{applicationCacheEnabled=false, rotatable=false, mobileEmulationEnabled=false, chrome={userDataDir=C:\Users\1111128\AppData\Local\Temp\scoped_dir23940_2446}, takesHeapSnapshot=true, databaseEnabled=false, handlesAlerts=true, version=43.0.2357.134, platform=XP, browserConnectionEnabled=false, nativeEvents=true, acceptSslCerts=true, locationContextEnabled=true, webStorageEnabled=true, browserName=chrome, takesScreenshot=true, javascriptEnabled=true, cssSelectorsEnabled=true}]
Session ID: d169ebc30b4965ab0d6948e4f4d05355<br>
<br>
<code>org.openqa.selenium.TimeoutException: timeout: Timed out receiving message from renderer: 10.000<br>  (Session info: chrome=43.0.2357.134)<br>  (Driver info: chromedriver=2.14.313457 (3d645c400edf2e2c500566c9aa096063e707c9cf),platform=Windows NT 6.1 SP1 x86_64) (WARNING: The server did not provide any stacktrace information)<br>Command duration or timeout: 910.74 seconds<br>Build info: version: '2.45.0', revision: '5017cb8', time: '2015-02-26 23:59:50'<br>System info: host: 'CCONYC18QAD', ip: '10.88.189.52', os.name: 'Windows 7', os.arch: 'amd64', os.version: '6.1', java.version: '1.8.0_40'<br>Driver info: org.openqa.selenium.chrome.ChromeDriver<br>Capabilities [{applicationCacheEnabled=false, rotatable=false, mobileEmulationEnabled=false, chrome={userDataDir=C:\Users\1111128\AppData\Local\Temp\scoped_dir23940_2446}, takesHeapSnapshot=true, databaseEnabled=false, handlesAlerts=true, version=43.0.2357.134, platform=XP, browserConnectionEnabled=false, nativeEvents=true, acceptSslCerts=true, locationContextEnabled=true, webStorageEnabled=true, browserName=chrome, takesScreenshot=true, javascriptEnabled=true, cssSelectorsEnabled=true}]<br>Session ID: d169ebc30b4965ab0d6948e4f4d05355<br>	at java.lang.reflect.Constructor.newInstance(Constructor.java:422)<br>	at org.openqa.selenium.remote.ErrorHandler.createThrowable(ErrorHandler.java:204)<br>	at org.openqa.selenium.remote.ErrorHandler.throwIfResponseFailed(ErrorHandler.java:156)<br>	at org.openqa.selenium.remote.RemoteWebDriver.execute(RemoteWebDriver.java:599)<br>	at org.openqa.selenium.remote.RemoteWebDriver.get(RemoteWebDriver.java:304)<br>	at com.iheart.selenium.web_sanity.Utils.launchBrowser(Utils.java:273)<br>	at com.iheart.junit.web_sanity.RunDailyTest.init(RunDailyTest.java:46)<br>
</code></td><td>912.899</td>
</tr>
<tr valign="top" class="Error">
<td><a href="com/iheart/junit/web_sanity/0_RunDailyTest.html">RunDailyTest</a></td><td><a name="testWEB_8823_FaceBookSignUp"></a><a href="com/iheart/junit/web_sanity/0_RunDailyTest.html#testWEB_8823_FaceBookSignUp">testWEB_8823_FaceBookSignUp</a></td><td>Error</td><td>timeout: Timed out receiving message from renderer: 10.000
  (Session info: chrome=43.0.2357.134)
  (Driver info: chromedriver=2.14.313457 (3d645c400edf2e2c500566c9aa096063e707c9cf),platform=Windows NT 6.1 SP1 x86_64) (WARNING: The server did not provide any stacktrace information)
Command duration or timeout: 910.55 seconds
Build info: version: '2.45.0', revision: '5017cb8', time: '2015-02-26 23:59:50'
System info: host: 'CCONYC18QAD', ip: '10.88.189.52', os.name: 'Windows 7', os.arch: 'amd64', os.version: '6.1', java.version: '1.8.0_40'
Driver info: org.openqa.selenium.chrome.ChromeDriver
Capabilities [{applicationCacheEnabled=false, rotatable=false, mobileEmulationEnabled=false, chrome={userDataDir=C:\Users\1111128\AppData\Local\Temp\scoped_dir28876_11402}, takesHeapSnapshot=true, databaseEnabled=false, handlesAlerts=true, version=43.0.2357.134, platform=XP, browserConnectionEnabled=false, nativeEvents=true, acceptSslCerts=true, locationContextEnabled=true, webStorageEnabled=true, browserName=chrome, takesScreenshot=true, javascriptEnabled=true, cssSelectorsEnabled=true}]
Session ID: 93f52f0d5f98a3954152729efbd2a293<br>
<br>
<code>org.openqa.selenium.TimeoutException: timeout: Timed out receiving message from renderer: 10.000<br>  (Session info: chrome=43.0.2357.134)<br>  (Driver info: chromedriver=2.14.313457 (3d645c400edf2e2c500566c9aa096063e707c9cf),platform=Windows NT 6.1 SP1 x86_64) (WARNING: The server did not provide any stacktrace information)<br>Command duration or timeout: 910.55 seconds<br>Build info: version: '2.45.0', revision: '5017cb8', time: '2015-02-26 23:59:50'<br>System info: host: 'CCONYC18QAD', ip: '10.88.189.52', os.name: 'Windows 7', os.arch: 'amd64', os.version: '6.1', java.version: '1.8.0_40'<br>Driver info: org.openqa.selenium.chrome.ChromeDriver<br>Capabilities [{applicationCacheEnabled=false, rotatable=false, mobileEmulationEnabled=false, chrome={userDataDir=C:\Users\1111128\AppData\Local\Temp\scoped_dir28876_11402}, takesHeapSnapshot=true, databaseEnabled=false, handlesAlerts=true, version=43.0.2357.134, platform=XP, browserConnectionEnabled=false, nativeEvents=true, acceptSslCerts=true, locationContextEnabled=true, webStorageEnabled=true, browserName=chrome, takesScreenshot=true, javascriptEnabled=true, cssSelectorsEnabled=true}]<br>Session ID: 93f52f0d5f98a3954152729efbd2a293<br>	at java.lang.reflect.Constructor.newInstance(Constructor.java:422)<br>	at org.openqa.selenium.remote.ErrorHandler.createThrowable(ErrorHandler.java:204)<br>	at org.openqa.selenium.remote.ErrorHandler.throwIfResponseFailed(ErrorHandler.java:156)<br>	at org.openqa.selenium.remote.RemoteWebDriver.execute(RemoteWebDriver.java:599)<br>	at org.openqa.selenium.remote.RemoteWebDriver.get(RemoteWebDriver.java:304)<br>	at com.iheart.selenium.web_sanity.Utils.launchBrowser(Utils.java:273)<br>	at com.iheart.junit.web_sanity.RunDailyTest.init(RunDailyTest.java:46)<br>
</code></td><td>912.316</td>
</tr>
<tr valign="top" class="Error">
<td><a href="com/iheart/junit/web_sanity/0_RunDailyTest.html">RunDailyTest</a></td><td><a name="testWEB_11780_playStationsInMyStationsPage"></a><a href="com/iheart/junit/web_sanity/0_RunDailyTest.html#testWEB_11780_playStationsInMyStationsPage">testWEB_11780_playStationsInMyStationsPage</a></td><td>Error</td><td>timeout: Timed out receiving message from renderer: 10.000
  (Session info: chrome=43.0.2357.134)
  (Driver info: chromedriver=2.14.313457 (3d645c400edf2e2c500566c9aa096063e707c9cf),platform=Windows NT 6.1 SP1 x86_64) (WARNING: The server did not provide any stacktrace information)
Command duration or timeout: 911.35 seconds
Build info: version: '2.45.0', revision: '5017cb8', time: '2015-02-26 23:59:50'
System info: host: 'CCONYC18QAD', ip: '10.88.189.52', os.name: 'Windows 7', os.arch: 'amd64', os.version: '6.1', java.version: '1.8.0_40'
Driver info: org.openqa.selenium.chrome.ChromeDriver
Capabilities [{applicationCacheEnabled=false, rotatable=false, mobileEmulationEnabled=false, chrome={userDataDir=C:\Users\1111128\AppData\Local\Temp\scoped_dir29068_24520}, takesHeapSnapshot=true, databaseEnabled=false, handlesAlerts=true, version=43.0.2357.134, platform=XP, browserConnectionEnabled=false, nativeEvents=true, acceptSslCerts=true, locationContextEnabled=true, webStorageEnabled=true, browserName=chrome, takesScreenshot=true, javascriptEnabled=true, cssSelectorsEnabled=true}]
Session ID: c5b9a119059185aedc3dcb7ae1adf05b<br>
<br>
<code>org.openqa.selenium.TimeoutException: timeout: Timed out receiving message from renderer: 10.000<br>  (Session info: chrome=43.0.2357.134)<br>  (Driver info: chromedriver=2.14.313457 (3d645c400edf2e2c500566c9aa096063e707c9cf),platform=Windows NT 6.1 SP1 x86_64) (WARNING: The server did not provide any stacktrace information)<br>Command duration or timeout: 911.35 seconds<br>Build info: version: '2.45.0', revision: '5017cb8', time: '2015-02-26 23:59:50'<br>System info: host: 'CCONYC18QAD', ip: '10.88.189.52', os.name: 'Windows 7', os.arch: 'amd64', os.version: '6.1', java.version: '1.8.0_40'<br>Driver info: org.openqa.selenium.chrome.ChromeDriver<br>Capabilities [{applicationCacheEnabled=false, rotatable=false, mobileEmulationEnabled=false, chrome={userDataDir=C:\Users\1111128\AppData\Local\Temp\scoped_dir29068_24520}, takesHeapSnapshot=true, databaseEnabled=false, handlesAlerts=true, version=43.0.2357.134, platform=XP, browserConnectionEnabled=false, nativeEvents=true, acceptSslCerts=true, locationContextEnabled=true, webStorageEnabled=true, browserName=chrome, takesScreenshot=true, javascriptEnabled=true, cssSelectorsEnabled=true}]<br>Session ID: c5b9a119059185aedc3dcb7ae1adf05b<br>	at java.lang.reflect.Constructor.newInstance(Constructor.java:422)<br>	at org.openqa.selenium.remote.ErrorHandler.createThrowable(ErrorHandler.java:204)<br>	at org.openqa.selenium.remote.ErrorHandler.throwIfResponseFailed(ErrorHandler.java:156)<br>	at org.openqa.selenium.remote.RemoteWebDriver.execute(RemoteWebDriver.java:599)<br>	at org.openqa.selenium.remote.RemoteWebDriver.get(RemoteWebDriver.java:304)<br>	at com.iheart.selenium.web_sanity.Utils.launchBrowser(Utils.java:273)<br>	at com.iheart.junit.web_sanity.RunDailyTest.init(RunDailyTest.java:46)<br>
</code></td><td>913.345</td>
</tr>
<tr valign="top" class="Error">
<td><a href="com/iheart/junit/web_sanity/0_RunDailyTest.html">RunDailyTest</a></td><td><a name="testWEB_11736_signUp"></a><a href="com/iheart/junit/web_sanity/0_RunDailyTest.html#testWEB_11736_signUp">testWEB_11736_signUp</a></td><td>Error</td><td>timeout: Timed out receiving message from renderer: 10.000
  (Session info: chrome=43.0.2357.134)
  (Driver info: chromedriver=2.14.313457 (3d645c400edf2e2c500566c9aa096063e707c9cf),platform=Windows NT 6.1 SP1 x86_64) (WARNING: The server did not provide any stacktrace information)
Command duration or timeout: 910.77 seconds
Build info: version: '2.45.0', revision: '5017cb8', time: '2015-02-26 23:59:50'
System info: host: 'CCONYC18QAD', ip: '10.88.189.52', os.name: 'Windows 7', os.arch: 'amd64', os.version: '6.1', java.version: '1.8.0_40'
Driver info: org.openqa.selenium.chrome.ChromeDriver
Capabilities [{applicationCacheEnabled=false, rotatable=false, mobileEmulationEnabled=false, chrome={userDataDir=C:\Users\1111128\AppData\Local\Temp\scoped_dir26232_28852}, takesHeapSnapshot=true, databaseEnabled=false, handlesAlerts=true, version=43.0.2357.134, platform=XP, browserConnectionEnabled=false, nativeEvents=true, acceptSslCerts=true, locationContextEnabled=true, webStorageEnabled=true, browserName=chrome, takesScreenshot=true, javascriptEnabled=true, cssSelectorsEnabled=true}]
Session ID: 0b22bdb791d5fa480e2eeaf3b108446b<br>
<br>
<code>org.openqa.selenium.TimeoutException: timeout: Timed out receiving message from renderer: 10.000<br>  (Session info: chrome=43.0.2357.134)<br>  (Driver info: chromedriver=2.14.313457 (3d645c400edf2e2c500566c9aa096063e707c9cf),platform=Windows NT 6.1 SP1 x86_64) (WARNING: The server did not provide any stacktrace information)<br>Command duration or timeout: 910.77 seconds<br>Build info: version: '2.45.0', revision: '5017cb8', time: '2015-02-26 23:59:50'<br>System info: host: 'CCONYC18QAD', ip: '10.88.189.52', os.name: 'Windows 7', os.arch: 'amd64', os.version: '6.1', java.version: '1.8.0_40'<br>Driver info: org.openqa.selenium.chrome.ChromeDriver<br>Capabilities [{applicationCacheEnabled=false, rotatable=false, mobileEmulationEnabled=false, chrome={userDataDir=C:\Users\1111128\AppData\Local\Temp\scoped_dir26232_28852}, takesHeapSnapshot=true, databaseEnabled=false, handlesAlerts=true, version=43.0.2357.134, platform=XP, browserConnectionEnabled=false, nativeEvents=true, acceptSslCerts=true, locationContextEnabled=true, webStorageEnabled=true, browserName=chrome, takesScreenshot=true, javascriptEnabled=true, cssSelectorsEnabled=true}]<br>Session ID: 0b22bdb791d5fa480e2eeaf3b108446b<br>	at java.lang.reflect.Constructor.newInstance(Constructor.java:422)<br>	at org.openqa.selenium.remote.ErrorHandler.createThrowable(ErrorHandler.java:204)<br>	at org.openqa.selenium.remote.ErrorHandler.throwIfResponseFailed(ErrorHandler.java:156)<br>	at org.openqa.selenium.remote.RemoteWebDriver.execute(RemoteWebDriver.java:599)<br>	at org.openqa.selenium.remote.RemoteWebDriver.get(RemoteWebDriver.java:304)<br>	at com.iheart.selenium.web_sanity.Utils.launchBrowser(Utils.java:273)<br>	at com.iheart.junit.web_sanity.RunDailyTest.init(RunDailyTest.java:46)<br>
</code></td><td>913.247</td>
</tr>
<tr valign="top" class="Error">
<td><a href="com/iheart/junit/web_sanity/0_RunDailyTest.html">RunDailyTest</a></td><td><a name="testWEB_11776_thumbUpPodcasts"></a><a href="com/iheart/junit/web_sanity/0_RunDailyTest.html#testWEB_11776_thumbUpPodcasts">testWEB_11776_thumbUpPodcasts</a></td><td>Error</td><td>timeout: Timed out receiving message from renderer: 10.000
  (Session info: chrome=43.0.2357.134)
  (Driver info: chromedriver=2.14.313457 (3d645c400edf2e2c500566c9aa096063e707c9cf),platform=Windows NT 6.1 SP1 x86_64) (WARNING: The server did not provide any stacktrace information)
Command duration or timeout: 910.70 seconds
Build info: version: '2.45.0', revision: '5017cb8', time: '2015-02-26 23:59:50'
System info: host: 'CCONYC18QAD', ip: '10.88.189.52', os.name: 'Windows 7', os.arch: 'amd64', os.version: '6.1', java.version: '1.8.0_40'
Driver info: org.openqa.selenium.chrome.ChromeDriver
Capabilities [{applicationCacheEnabled=false, rotatable=false, mobileEmulationEnabled=false, chrome={userDataDir=C:\Users\1111128\AppData\Local\Temp\scoped_dir30208_6343}, takesHeapSnapshot=true, databaseEnabled=false, handlesAlerts=true, version=43.0.2357.134, platform=XP, browserConnectionEnabled=false, nativeEvents=true, acceptSslCerts=true, locationContextEnabled=true, webStorageEnabled=true, browserName=chrome, takesScreenshot=true, javascriptEnabled=true, cssSelectorsEnabled=true}]
Session ID: 229356811af3f4590a525bc5064c2362<br>
<br>
<code>org.openqa.selenium.TimeoutException: timeout: Timed out receiving message from renderer: 10.000<br>  (Session info: chrome=43.0.2357.134)<br>  (Driver info: chromedriver=2.14.313457 (3d645c400edf2e2c500566c9aa096063e707c9cf),platform=Windows NT 6.1 SP1 x86_64) (WARNING: The server did not provide any stacktrace information)<br>Command duration or timeout: 910.70 seconds<br>Build info: version: '2.45.0', revision: '5017cb8', time: '2015-02-26 23:59:50'<br>System info: host: 'CCONYC18QAD', ip: '10.88.189.52', os.name: 'Windows 7', os.arch: 'amd64', os.version: '6.1', java.version: '1.8.0_40'<br>Driver info: org.openqa.selenium.chrome.ChromeDriver<br>Capabilities [{applicationCacheEnabled=false, rotatable=false, mobileEmulationEnabled=false, chrome={userDataDir=C:\Users\1111128\AppData\Local\Temp\scoped_dir30208_6343}, takesHeapSnapshot=true, databaseEnabled=false, handlesAlerts=true, version=43.0.2357.134, platform=XP, browserConnectionEnabled=false, nativeEvents=true, acceptSslCerts=true, locationContextEnabled=true, webStorageEnabled=true, browserName=chrome, takesScreenshot=true, javascriptEnabled=true, cssSelectorsEnabled=true}]<br>Session ID: 229356811af3f4590a525bc5064c2362<br>	at java.lang.reflect.Constructor.newInstance(Constructor.java:422)<br>	at org.openqa.selenium.remote.ErrorHandler.createThrowable(ErrorHandler.java:204)<br>	at org.openqa.selenium.remote.ErrorHandler.throwIfResponseFailed(ErrorHandler.java:156)<br>	at org.openqa.selenium.remote.RemoteWebDriver.execute(RemoteWebDriver.java:599)<br>	at org.openqa.selenium.remote.RemoteWebDriver.get(RemoteWebDriver.java:304)<br>	at com.iheart.selenium.web_sanity.Utils.launchBrowser(Utils.java:273)<br>	at com.iheart.junit.web_sanity.RunDailyTest.init(RunDailyTest.java:46)<br>
</code></td><td>913.005</td>
</tr>
<tr valign="top" class="Error">
<td><a href="com/iheart/junit/web_sanity/0_RunDailyTest.html">RunDailyTest</a></td><td><a name="testWEB_11740_search"></a><a href="com/iheart/junit/web_sanity/0_RunDailyTest.html#testWEB_11740_search">testWEB_11740_search</a></td><td>Error</td><td>timeout: Timed out receiving message from renderer: 10.000
  (Session info: chrome=43.0.2357.134)
  (Driver info: chromedriver=2.14.313457 (3d645c400edf2e2c500566c9aa096063e707c9cf),platform=Windows NT 6.1 SP1 x86_64) (WARNING: The server did not provide any stacktrace information)
Command duration or timeout: 910.78 seconds
Build info: version: '2.45.0', revision: '5017cb8', time: '2015-02-26 23:59:50'
System info: host: 'CCONYC18QAD', ip: '10.88.189.52', os.name: 'Windows 7', os.arch: 'amd64', os.version: '6.1', java.version: '1.8.0_40'
Driver info: org.openqa.selenium.chrome.ChromeDriver
Capabilities [{applicationCacheEnabled=false, rotatable=false, mobileEmulationEnabled=false, chrome={userDataDir=C:\Users\1111128\AppData\Local\Temp\scoped_dir30156_22811}, takesHeapSnapshot=true, databaseEnabled=false, handlesAlerts=true, version=43.0.2357.134, platform=XP, browserConnectionEnabled=false, nativeEvents=true, acceptSslCerts=true, locationContextEnabled=true, webStorageEnabled=true, browserName=chrome, takesScreenshot=true, javascriptEnabled=true, cssSelectorsEnabled=true}]
Session ID: 58476d9ffed3c3c44e414cc88e287d17<br>
<br>
<code>org.openqa.selenium.TimeoutException: timeout: Timed out receiving message from renderer: 10.000<br>  (Session info: chrome=43.0.2357.134)<br>  (Driver info: chromedriver=2.14.313457 (3d645c400edf2e2c500566c9aa096063e707c9cf),platform=Windows NT 6.1 SP1 x86_64) (WARNING: The server did not provide any stacktrace information)<br>Command duration or timeout: 910.78 seconds<br>Build info: version: '2.45.0', revision: '5017cb8', time: '2015-02-26 23:59:50'<br>System info: host: 'CCONYC18QAD', ip: '10.88.189.52', os.name: 'Windows 7', os.arch: 'amd64', os.version: '6.1', java.version: '1.8.0_40'<br>Driver info: org.openqa.selenium.chrome.ChromeDriver<br>Capabilities [{applicationCacheEnabled=false, rotatable=false, mobileEmulationEnabled=false, chrome={userDataDir=C:\Users\1111128\AppData\Local\Temp\scoped_dir30156_22811}, takesHeapSnapshot=true, databaseEnabled=false, handlesAlerts=true, version=43.0.2357.134, platform=XP, browserConnectionEnabled=false, nativeEvents=true, acceptSslCerts=true, locationContextEnabled=true, webStorageEnabled=true, browserName=chrome, takesScreenshot=true, javascriptEnabled=true, cssSelectorsEnabled=true}]<br>Session ID: 58476d9ffed3c3c44e414cc88e287d17<br>	at java.lang.reflect.Constructor.newInstance(Constructor.java:422)<br>	at org.openqa.selenium.remote.ErrorHandler.createThrowable(ErrorHandler.java:204)<br>	at org.openqa.selenium.remote.ErrorHandler.throwIfResponseFailed(ErrorHandler.java:156)<br>	at org.openqa.selenium.remote.RemoteWebDriver.execute(RemoteWebDriver.java:599)<br>	at org.openqa.selenium.remote.RemoteWebDriver.get(RemoteWebDriver.java:304)<br>	at com.iheart.selenium.web_sanity.Utils.launchBrowser(Utils.java:273)<br>	at com.iheart.junit.web_sanity.RunDailyTest.init(RunDailyTest.java:46)<br>
</code></td><td>912.980</td>
</tr>
<tr valign="top" class="Error">
<td><a href="com/iheart/junit/web_sanity/0_RunDailyTest.html">RunDailyTest</a></td><td><a name="testWEB_11750_filterLiveStationAfterLogin"></a><a href="com/iheart/junit/web_sanity/0_RunDailyTest.html#testWEB_11750_filterLiveStationAfterLogin">testWEB_11750_filterLiveStationAfterLogin</a></td><td>Error</td><td>timeout: Timed out receiving message from renderer: 10.000
  (Session info: chrome=43.0.2357.134)
  (Driver info: chromedriver=2.14.313457 (3d645c400edf2e2c500566c9aa096063e707c9cf),platform=Windows NT 6.1 SP1 x86_64) (WARNING: The server did not provide any stacktrace information)
Command duration or timeout: 910.92 seconds
Build info: version: '2.45.0', revision: '5017cb8', time: '2015-02-26 23:59:50'
System info: host: 'CCONYC18QAD', ip: '10.88.189.52', os.name: 'Windows 7', os.arch: 'amd64', os.version: '6.1', java.version: '1.8.0_40'
Driver info: org.openqa.selenium.chrome.ChromeDriver
Capabilities [{applicationCacheEnabled=false, rotatable=false, mobileEmulationEnabled=false, chrome={userDataDir=C:\Users\1111128\AppData\Local\Temp\scoped_dir30608_11069}, takesHeapSnapshot=true, databaseEnabled=false, handlesAlerts=true, version=43.0.2357.134, platform=XP, browserConnectionEnabled=false, nativeEvents=true, acceptSslCerts=true, locationContextEnabled=true, webStorageEnabled=true, browserName=chrome, takesScreenshot=true, javascriptEnabled=true, cssSelectorsEnabled=true}]
Session ID: b3f2802b84dd794fdc26039b50ebeb2a<br>
<br>
<code>org.openqa.selenium.TimeoutException: timeout: Timed out receiving message from renderer: 10.000<br>  (Session info: chrome=43.0.2357.134)<br>  (Driver info: chromedriver=2.14.313457 (3d645c400edf2e2c500566c9aa096063e707c9cf),platform=Windows NT 6.1 SP1 x86_64) (WARNING: The server did not provide any stacktrace information)<br>Command duration or timeout: 910.92 seconds<br>Build info: version: '2.45.0', revision: '5017cb8', time: '2015-02-26 23:59:50'<br>System info: host: 'CCONYC18QAD', ip: '10.88.189.52', os.name: 'Windows 7', os.arch: 'amd64', os.version: '6.1', java.version: '1.8.0_40'<br>Driver info: org.openqa.selenium.chrome.ChromeDriver<br>Capabilities [{applicationCacheEnabled=false, rotatable=false, mobileEmulationEnabled=false, chrome={userDataDir=C:\Users\1111128\AppData\Local\Temp\scoped_dir30608_11069}, takesHeapSnapshot=true, databaseEnabled=false, handlesAlerts=true, version=43.0.2357.134, platform=XP, browserConnectionEnabled=false, nativeEvents=true, acceptSslCerts=true, locationContextEnabled=true, webStorageEnabled=true, browserName=chrome, takesScreenshot=true, javascriptEnabled=true, cssSelectorsEnabled=true}]<br>Session ID: b3f2802b84dd794fdc26039b50ebeb2a<br>	at java.lang.reflect.Constructor.newInstance(Constructor.java:422)<br>	at org.openqa.selenium.remote.ErrorHandler.createThrowable(ErrorHandler.java:204)<br>	at org.openqa.selenium.remote.ErrorHandler.throwIfResponseFailed(ErrorHandler.java:156)<br>	at org.openqa.selenium.remote.RemoteWebDriver.execute(RemoteWebDriver.java:599)<br>	at org.openqa.selenium.remote.RemoteWebDriver.get(RemoteWebDriver.java:304)<br>	at com.iheart.selenium.web_sanity.Utils.launchBrowser(Utils.java:273)<br>	at com.iheart.junit.web_sanity.RunDailyTest.init(RunDailyTest.java:46)<br>
</code></td><td>912.617</td>
</tr>
<tr valign="top" class="Error">
<td><a href="com/iheart/junit/web_sanity/0_RunDailyTest.html">RunDailyTest</a></td><td><a name="testWEB_11766_browsePerfect"></a><a href="com/iheart/junit/web_sanity/0_RunDailyTest.html#testWEB_11766_browsePerfect">testWEB_11766_browsePerfect</a></td><td>Error</td><td>timeout: Timed out receiving message from renderer: 10.000
  (Session info: chrome=43.0.2357.134)
  (Driver info: chromedriver=2.14.313457 (3d645c400edf2e2c500566c9aa096063e707c9cf),platform=Windows NT 6.1 SP1 x86_64) (WARNING: The server did not provide any stacktrace information)
Command duration or timeout: 910.51 seconds
Build info: version: '2.45.0', revision: '5017cb8', time: '2015-02-26 23:59:50'
System info: host: 'CCONYC18QAD', ip: '10.88.189.52', os.name: 'Windows 7', os.arch: 'amd64', os.version: '6.1', java.version: '1.8.0_40'
Driver info: org.openqa.selenium.chrome.ChromeDriver
Capabilities [{applicationCacheEnabled=false, rotatable=false, mobileEmulationEnabled=false, chrome={userDataDir=C:\Users\1111128\AppData\Local\Temp\scoped_dir31232_14136}, takesHeapSnapshot=true, databaseEnabled=false, handlesAlerts=true, version=43.0.2357.134, platform=XP, browserConnectionEnabled=false, nativeEvents=true, acceptSslCerts=true, locationContextEnabled=true, webStorageEnabled=true, browserName=chrome, takesScreenshot=true, javascriptEnabled=true, cssSelectorsEnabled=true}]
Session ID: e0caf511f4c00cce6f9b7865ad60ee23<br>
<br>
<code>org.openqa.selenium.TimeoutException: timeout: Timed out receiving message from renderer: 10.000<br>  (Session info: chrome=43.0.2357.134)<br>  (Driver info: chromedriver=2.14.313457 (3d645c400edf2e2c500566c9aa096063e707c9cf),platform=Windows NT 6.1 SP1 x86_64) (WARNING: The server did not provide any stacktrace information)<br>Command duration or timeout: 910.51 seconds<br>Build info: version: '2.45.0', revision: '5017cb8', time: '2015-02-26 23:59:50'<br>System info: host: 'CCONYC18QAD', ip: '10.88.189.52', os.name: 'Windows 7', os.arch: 'amd64', os.version: '6.1', java.version: '1.8.0_40'<br>Driver info: org.openqa.selenium.chrome.ChromeDriver<br>Capabilities [{applicationCacheEnabled=false, rotatable=false, mobileEmulationEnabled=false, chrome={userDataDir=C:\Users\1111128\AppData\Local\Temp\scoped_dir31232_14136}, takesHeapSnapshot=true, databaseEnabled=false, handlesAlerts=true, version=43.0.2357.134, platform=XP, browserConnectionEnabled=false, nativeEvents=true, acceptSslCerts=true, locationContextEnabled=true, webStorageEnabled=true, browserName=chrome, takesScreenshot=true, javascriptEnabled=true, cssSelectorsEnabled=true}]<br>Session ID: e0caf511f4c00cce6f9b7865ad60ee23<br>	at java.lang.reflect.Constructor.newInstance(Constructor.java:422)<br>	at org.openqa.selenium.remote.ErrorHandler.createThrowable(ErrorHandler.java:204)<br>	at org.openqa.selenium.remote.ErrorHandler.throwIfResponseFailed(ErrorHandler.java:156)<br>	at org.openqa.selenium.remote.RemoteWebDriver.execute(RemoteWebDriver.java:599)<br>	at org.openqa.selenium.remote.RemoteWebDriver.get(RemoteWebDriver.java:304)<br>	at com.iheart.selenium.web_sanity.Utils.launchBrowser(Utils.java:273)<br>	at com.iheart.junit.web_sanity.RunDailyTest.init(RunDailyTest.java:46)<br>
</code></td><td>912.351</td>
</tr>
<tr valign="top" class="Error">
<td><a href="com/iheart/junit/web_sanity/0_RunDailyTest.html">RunDailyTest</a></td><td><a name="testWEB_11774_filterPodAfterLogin"></a><a href="com/iheart/junit/web_sanity/0_RunDailyTest.html#testWEB_11774_filterPodAfterLogin">testWEB_11774_filterPodAfterLogin</a></td><td>Error</td><td>timeout: Timed out receiving message from renderer: 10.000
  (Session info: chrome=43.0.2357.134)
  (Driver info: chromedriver=2.14.313457 (3d645c400edf2e2c500566c9aa096063e707c9cf),platform=Windows NT 6.1 SP1 x86_64) (WARNING: The server did not provide any stacktrace information)
Command duration or timeout: 910.50 seconds
Build info: version: '2.45.0', revision: '5017cb8', time: '2015-02-26 23:59:50'
System info: host: 'CCONYC18QAD', ip: '10.88.189.52', os.name: 'Windows 7', os.arch: 'amd64', os.version: '6.1', java.version: '1.8.0_40'
Driver info: org.openqa.selenium.chrome.ChromeDriver
Capabilities [{applicationCacheEnabled=false, rotatable=false, mobileEmulationEnabled=false, chrome={userDataDir=C:\Users\1111128\AppData\Local\Temp\scoped_dir30024_25390}, takesHeapSnapshot=true, databaseEnabled=false, handlesAlerts=true, version=43.0.2357.134, platform=XP, browserConnectionEnabled=false, nativeEvents=true, acceptSslCerts=true, locationContextEnabled=true, webStorageEnabled=true, browserName=chrome, takesScreenshot=true, javascriptEnabled=true, cssSelectorsEnabled=true}]
Session ID: e6527d8a3074f9296ecc9464dfbba88d<br>
<br>
<code>org.openqa.selenium.TimeoutException: timeout: Timed out receiving message from renderer: 10.000<br>  (Session info: chrome=43.0.2357.134)<br>  (Driver info: chromedriver=2.14.313457 (3d645c400edf2e2c500566c9aa096063e707c9cf),platform=Windows NT 6.1 SP1 x86_64) (WARNING: The server did not provide any stacktrace information)<br>Command duration or timeout: 910.50 seconds<br>Build info: version: '2.45.0', revision: '5017cb8', time: '2015-02-26 23:59:50'<br>System info: host: 'CCONYC18QAD', ip: '10.88.189.52', os.name: 'Windows 7', os.arch: 'amd64', os.version: '6.1', java.version: '1.8.0_40'<br>Driver info: org.openqa.selenium.chrome.ChromeDriver<br>Capabilities [{applicationCacheEnabled=false, rotatable=false, mobileEmulationEnabled=false, chrome={userDataDir=C:\Users\1111128\AppData\Local\Temp\scoped_dir30024_25390}, takesHeapSnapshot=true, databaseEnabled=false, handlesAlerts=true, version=43.0.2357.134, platform=XP, browserConnectionEnabled=false, nativeEvents=true, acceptSslCerts=true, locationContextEnabled=true, webStorageEnabled=true, browserName=chrome, takesScreenshot=true, javascriptEnabled=true, cssSelectorsEnabled=true}]<br>Session ID: e6527d8a3074f9296ecc9464dfbba88d<br>	at java.lang.reflect.Constructor.newInstance(Constructor.java:422)<br>	at org.openqa.selenium.remote.ErrorHandler.createThrowable(ErrorHandler.java:204)<br>	at org.openqa.selenium.remote.ErrorHandler.throwIfResponseFailed(ErrorHandler.java:156)<br>	at org.openqa.selenium.remote.RemoteWebDriver.execute(RemoteWebDriver.java:599)<br>	at org.openqa.selenium.remote.RemoteWebDriver.get(RemoteWebDriver.java:304)<br>	at com.iheart.selenium.web_sanity.Utils.launchBrowser(Utils.java:273)<br>	at com.iheart.junit.web_sanity.RunDailyTest.init(RunDailyTest.java:46)<br>
</code></td><td>912.668</td>
</tr>
</table>
</body>
</html>
