<html xmlns:string="xalan://java.lang.String" xmlns:lxslt="http://xml.apache.org/xslt">
<head>
<META http-equiv="Content-Type" content="text/html; charset=UTF-8">
<title>Unit Test Results: com.iheart.junit.web_sanity.RunDailyTest</title>
<link rel="stylesheet" type="text/css" title="Style" href="../../../../stylesheet.css">
<script type="text/javascript" language="JavaScript">
        var TestCases = new Array();
        var cur;
        
    cur = TestCases['com.iheart.junit.web_sanity.RunDailyTest'] = new Array();
    
        cur['ant.core.lib'] = 'C:\\Program Files\\apache-ant-1.9.4\\lib\\ant.jar';
    
        cur['ant.file'] = 'C:\\Users\\1111128\\workspace\\WebSanity\\build.xml';
    
        cur['ant.file.type'] = 'file';
    
        cur['ant.file.type.WebSanity'] = 'file';
    
        cur['ant.file.WebSanity'] = 'C:\\Users\\1111128\\workspace\\WebSanity\\build.xml';
    
        cur['ant.home'] = 'C:\\Program Files\\apache-ant-1.9.4\\bin\\..';
    
        cur['ant.java.version'] = '1.8';
    
        cur['ant.library.dir'] = 'C:\\Program Files\\apache-ant-1.9.4\\lib';
    
        cur['ant.project.default-target'] = 'build';
    
        cur['ant.project.invoked-targets'] = 'RunDailyTest';
    
        cur['ant.project.name'] = 'WebSanity';
    
        cur['ant.version'] = 'Apache Ant(TM) version 1.9.4 compiled on April 29 2014';
    
        cur['awt.toolkit'] = 'sun.awt.windows.WToolkit';
    
        cur['basedir'] = 'C:\\Users\\1111128\\workspace\\WebSanity';
    
        cur['debuglevel'] = 'source,lines,vars';
    
        cur['env._JAVACMD'] = 'java.exe';
    
        cur['env._USE_CLASSPATH'] = 'no';
    
        cur['env.=C:'] = 'C:\\Windows\\System32';
    
        cur['env.ALLUSERSPROFILE'] = 'C:\\ProgramData';
    
        cur['env.ANT_CMD_LINE_ARGS'] = ' "RunDailyTest" -f C:\\Users\\1111128\\workspace\\WebSanity\\build.xml';
    
        cur['env.ANT_HOME'] = 'C:\\Program Files\\apache-ant-1.9.4\\bin\\..';
    
        cur['env.APPDATA'] = 'C:\\Users\\1111128\\AppData\\Roaming';
    
        cur['env.asl.log'] = 'Destination=file';
    
        cur['env.CommonProgramFiles'] = 'C:\\Program Files\\Common Files';
    
        cur['env.CommonProgramFiles(x86)'] = 'C:\\Program Files (x86)\\Common Files';
    
        cur['env.CommonProgramW6432'] = 'C:\\Program Files\\Common Files';
    
        cur['env.COMPUTERNAME'] = 'CCONYC18QAD';
    
        cur['env.ComSpec'] = 'C:\\Windows\\system32\\cmd.exe';
    
        cur['env.FP_NO_HOST_CHECK'] = 'NO';
    
        cur['env.HOMEDRIVE'] = 'C:';
    
        cur['env.HOMEPATH'] = '\\Users\\1111128';
    
        cur['env.LOCALAPPDATA'] = 'C:\\Users\\1111128\\AppData\\Local';
    
        cur['env.LOGONSERVER'] = '\\\\CCRDC30NYC';
    
        cur['env.NUMBER_OF_PROCESSORS'] = '4';
    
        cur['env.OS'] = 'Windows_NT';
    
        cur['env.Path'] = 'C:\\Program Files\\apache-ant-1.9.4\\bin;C:\\Program Files\\Java\\jdk1.8.0_40\\bin;C:\\Program Files\\Java\\jdk1.8.0_40\\lib; C:\\Users\\1111128\\apache-ant-1.9.4\\bin;C:\\ProgramData\\Oracle\\Java\\javapath;C:\\Windows\\system32;C:\\Windows;C:\\Windows\\System32\\Wbem;C:\\Windows\\System32\\WindowsPowerShell\\v1.0\\;C:\\Program Files (x86)\\QuickTime\\QTSystem\\;C:\\Program Files (x86)\\HP\\Unified Functional Testing\\bin;c:\\Python27;C:\\phantomjs-2.0.0\\bin;C:\\phantomjs-2.0.0\\bin\\;C:\\phantomjs-2.0.0; ;C:\\Program Files (x86)\\nodejs\\;C:\\Program Files (x86)\\Skype\\Phone\\;C:\\Users\\1111128\\AppData\\Roaming\\npm';
    
        cur['env.PATHEXT'] = '.COM;.EXE;.BAT;.CMD;.VBS;.VBE;.JS;.JSE;.WSF;.WSH;.MSC';
    
        cur['env.PROCESSOR_ARCHITECTURE'] = 'AMD64';
    
        cur['env.PROCESSOR_IDENTIFIER'] = 'Intel64 Family 6 Model 26 Stepping 5, GenuineIntel';
    
        cur['env.PROCESSOR_LEVEL'] = '6';
    
        cur['env.PROCESSOR_REVISION'] = '1a05';
    
        cur['env.ProgramData'] = 'C:\\ProgramData';
    
        cur['env.ProgramFiles'] = 'C:\\Program Files';
    
        cur['env.ProgramFiles(x86)'] = 'C:\\Program Files (x86)';
    
        cur['env.ProgramW6432'] = 'C:\\Program Files';
    
        cur['env.PROMPT'] = '$P$G';
    
        cur['env.PSModulePath'] = 'C:\\Windows\\system32\\WindowsPowerShell\\v1.0\\Modules\\';
    
        cur['env.PUBLIC'] = 'C:\\Users\\Public';
    
        cur['env.ST_INSTALL_PATH'] = 'C:\\Program Files (x86)\\HP\\Unified Functional Testing\\';
    
        cur['env.SystemDrive'] = 'C:';
    
        cur['env.SystemRoot'] = 'C:\\Windows';
    
        cur['env.TEMP'] = 'C:\\Users\\1111128\\AppData\\Local\\Temp';
    
        cur['env.TMP'] = 'C:\\Users\\1111128\\AppData\\Local\\Temp';
    
        cur['env.USERDNSDOMAIN'] = 'USA.CCU.CLEARCHANNEL.COM';
    
        cur['env.USERDOMAIN'] = 'USA';
    
        cur['env.USERNAME'] = '1111128';
    
        cur['env.USERPROFILE'] = 'C:\\Users\\1111128';
    
        cur['env.windir'] = 'C:\\Windows';
    
        cur['env.windows_tracing_flags'] = '3';
    
        cur['env.windows_tracing_logfile'] = 'C:\\BVTBin\\Tests\\installpackage\\csilogfile.log';
    
        cur['file.encoding'] = 'Cp1252';
    
        cur['file.encoding.pkg'] = 'sun.io';
    
        cur['file.separator'] = '\\';
    
        cur['java.awt.graphicsenv'] = 'sun.awt.Win32GraphicsEnvironment';
    
        cur['java.awt.printerjob'] = 'sun.awt.windows.WPrinterJob';
    
        cur['java.class.path'] = 'C:\\Users\\1111128\\workspace\\WebSanity\\bin;C:\\Users\\1111128\\workspace\\lib\\selenium-server-standalone-2.45.0.jar;C:\\Users\\1111128\\workspace\\lib\\selenium-java-2.45.0.zip;C:\\Program Files\\apache-ant-1.9.4\\lib\\ant-launcher.jar;C:\\Program Files\\apache-ant-1.9.4\\lib\\ant.jar;C:\\Program Files\\apache-ant-1.9.4\\lib\\ant-junit.jar;C:\\Program Files\\apache-ant-1.9.4\\lib\\ant-junit4.jar';
    
        cur['java.class.version'] = '52.0';
    
        cur['java.endorsed.dirs'] = 'C:\\Program Files\\Java\\jdk1.8.0_40\\jre\\lib\\endorsed';
    
        cur['java.ext.dirs'] = 'C:\\Program Files\\Java\\jdk1.8.0_40\\jre\\lib\\ext;C:\\Windows\\Sun\\Java\\lib\\ext';
    
        cur['java.home'] = 'C:\\Program Files\\Java\\jdk1.8.0_40\\jre';
    
        cur['java.io.tmpdir'] = 'C:\\Users\\1111128\\AppData\\Local\\Temp\\';
    
        cur['java.library.path'] = 'C:\\Program Files\\Java\\jdk1.8.0_40\\jre\\bin;C:\\Windows\\Sun\\Java\\bin;C:\\Windows\\system32;C:\\Windows;C:\\Program Files\\apache-ant-1.9.4\\bin;C:\\Program Files\\Java\\jdk1.8.0_40\\bin;C:\\Program Files\\Java\\jdk1.8.0_40\\lib; C:\\Users\\1111128\\apache-ant-1.9.4\\bin;C:\\ProgramData\\Oracle\\Java\\javapath;C:\\Windows\\system32;C:\\Windows;C:\\Windows\\System32\\Wbem;C:\\Windows\\System32\\WindowsPowerShell\\v1.0\\;C:\\Program Files (x86)\\QuickTime\\QTSystem\\;C:\\Program Files (x86)\\HP\\Unified Functional Testing\\bin;c:\\Python27;C:\\phantomjs-2.0.0\\bin;C:\\phantomjs-2.0.0\\bin\\;C:\\phantomjs-2.0.0; ;C:\\Program Files (x86)\\nodejs\\;C:\\Program Files (x86)\\Skype\\Phone\\;C:\\Users\\1111128\\AppData\\Roaming\\npm;.';
    
        cur['java.runtime.name'] = 'Java(TM) SE Runtime Environment';
    
        cur['java.runtime.version'] = '1.8.0_40-b26';
    
        cur['java.specification.name'] = 'Java Platform API Specification';
    
        cur['java.specification.vendor'] = 'Oracle Corporation';
    
        cur['java.specification.version'] = '1.8';
    
        cur['java.vendor'] = 'Oracle Corporation';
    
        cur['java.vendor.url'] = 'http://java.oracle.com/';
    
        cur['java.vendor.url.bug'] = 'http://bugreport.sun.com/bugreport/';
    
        cur['java.version'] = '1.8.0_40';
    
        cur['java.vm.info'] = 'mixed mode';
    
        cur['java.vm.name'] = 'Java HotSpot(TM) 64-Bit Server VM';
    
        cur['java.vm.specification.name'] = 'Java Virtual Machine Specification';
    
        cur['java.vm.specification.vendor'] = 'Oracle Corporation';
    
        cur['java.vm.specification.version'] = '1.8';
    
        cur['java.vm.vendor'] = 'Oracle Corporation';
    
        cur['java.vm.version'] = '25.40-b25';
    
        cur['junit.output.dir'] = 'junit';
    
        cur['line.separator'] = '\r\n';
    
        cur['os.arch'] = 'amd64';
    
        cur['os.name'] = 'Windows 7';
    
        cur['os.version'] = '6.1';
    
        cur['path.separator'] = ';';
    
        cur['source'] = '1.8';
    
        cur['sun.arch.data.model'] = '64';
    
        cur['sun.boot.class.path'] = 'C:\\Program Files\\Java\\jdk1.8.0_40\\jre\\lib\\resources.jar;C:\\Program Files\\Java\\jdk1.8.0_40\\jre\\lib\\rt.jar;C:\\Program Files\\Java\\jdk1.8.0_40\\jre\\lib\\sunrsasign.jar;C:\\Program Files\\Java\\jdk1.8.0_40\\jre\\lib\\jsse.jar;C:\\Program Files\\Java\\jdk1.8.0_40\\jre\\lib\\jce.jar;C:\\Program Files\\Java\\jdk1.8.0_40\\jre\\lib\\charsets.jar;C:\\Program Files\\Java\\jdk1.8.0_40\\jre\\lib\\jfr.jar;C:\\Program Files\\Java\\jdk1.8.0_40\\jre\\classes';
    
        cur['sun.boot.library.path'] = 'C:\\Program Files\\Java\\jdk1.8.0_40\\jre\\bin';
    
        cur['sun.cpu.endian'] = 'little';
    
        cur['sun.cpu.isalist'] = 'amd64';
    
        cur['sun.desktop'] = 'windows';
    
        cur['sun.io.unicode.encoding'] = 'UnicodeLittle';
    
        cur['sun.java.command'] = 'org.apache.tools.ant.taskdefs.optional.junit.JUnitTestRunner com.iheart.junit.web_sanity.RunDailyTest skipNonTests=false filtertrace=true haltOnError=false haltOnFailure=false formatter=org.apache.tools.ant.taskdefs.optional.junit.OutErrSummaryJUnitResultFormatter showoutput=false outputtoformatters=true logfailedtests=true threadid=0 logtestlistenerevents=false formatter=org.apache.tools.ant.taskdefs.optional.junit.XMLJUnitResultFormatter,C:\\Users\\1111128\\workspace\\WebSanity\\junit\\TEST-com.iheart.junit.web_sanity.RunDailyTest.xml crashfile=C:\\Users\\1111128\\workspace\\WebSanity\\junitvmwatcher79666430578580246.properties propsfile=C:\\Users\\1111128\\workspace\\WebSanity\\junit4387508362693156563.properties';
    
        cur['sun.java.launcher'] = 'SUN_STANDARD';
    
        cur['sun.jnu.encoding'] = 'Cp1252';
    
        cur['sun.management.compiler'] = 'HotSpot 64-Bit Tiered Compilers';
    
        cur['sun.os.patch.level'] = 'Service Pack 1';
    
        cur['sun.stderr.encoding'] = 'cp437';
    
        cur['sun.stdout.encoding'] = 'cp437';
    
        cur['target'] = '1.8';
    
        cur['user.country'] = 'US';
    
        cur['user.dir'] = 'C:\\Windows\\system32';
    
        cur['user.home'] = 'C:\\Users\\1111128';
    
        cur['user.language'] = 'en';
    
        cur['user.name'] = '1111128';
    
        cur['user.script'] = '';
    
        cur['user.timezone'] = 'America/New_York';
    
        cur['user.variant'] = '';
    </script><script type="text/javascript" language="JavaScript">
        function displayProperties (name) {
          var win = window.open('','JUnitSystemProperties','scrollbars=1,resizable=1');
          var doc = win.document;
          doc.open();
          doc.write("<html><head><title>Properties of " + name + "</title>");
          doc.write("<style type=\"text/css\">");
          doc.write("body {font:normal 68% verdana,arial,helvetica; color:#000000; }");
          doc.write("table tr td, table tr th { font-size: 68%; }");
          doc.write("table.properties { border-collapse:collapse; border-left:solid 1 #cccccc; border-top:solid 1 #cccccc; padding:5px; }");
          doc.write("table.properties th { text-align:left; border-right:solid 1 #cccccc; border-bottom:solid 1 #cccccc; background-color:#eeeeee; }");
          doc.write("table.properties td { font:normal; text-align:left; border-right:solid 1 #cccccc; border-bottom:solid 1 #cccccc; background-color:#fffffff; }");
          doc.write("h3 { margin-bottom: 0.5em; font: bold 115% verdana,arial,helvetica }");
          doc.write("</style>");
          doc.write("</head><body>");
          doc.write("<h3>Properties of " + name + "</h3>");
          doc.write("<div align=\"right\"><a href=\"javascript:window.close();\">Close</a></div>");
          doc.write("<table class='properties'>");
          doc.write("<tr><th>Name</th><th>Value</th></tr>");
          for (prop in TestCases[name]) {
            doc.write("<tr><th>" + prop + "</th><td>" + TestCases[name][prop] + "</td></tr>");
          }
          doc.write("</table>");
          doc.write("</body></html>");
          doc.close();
          win.focus();
        }
      
      </script>
</head>
<body>
<h1>Unit Test Results.</h1>
<table width="100%">
<tr>
<td align="left"></td><td align="right">Designed for use with <a href="http://www.junit.org/">JUnit</a> and <a href="http://ant.apache.org/">Ant</a>.</td>
</tr>
</table>
<hr size="1">
<h3>Class com.iheart.junit.web_sanity.RunDailyTest</h3>
<table class="details" border="0" cellpadding="5" cellspacing="2" width="95%">
<tr valign="top">
<th width="80%">Name</th><th>Tests</th><th>Errors</th><th>Failures</th><th>Skipped</th><th nowrap>Time(s)</th><th nowrap>Time Stamp</th><th>Host</th>
</tr>
<tr valign="top" class="Error">
<td><a title="Display all tests" href="0_RunDailyTest.html">RunDailyTest</a></td><td><a title="Display all tests" href="0_RunDailyTest.html">21</a></td><td><a title="Display only errors" href="0_RunDailyTest-errors.html">19</a></td><td><a title="Display only failures" href="0_RunDailyTest-fails.html">10</a></td><td>0</td><td>19370.130</td><td>2015-07-30T19:00:02</td><td>CCONYC18QAD</td>
</tr>
</table>
<h2>Tests</h2>
<table class="details" border="0" cellpadding="5" cellspacing="2" width="95%">
<tr valign="top">
<th>Name</th><th>Status</th><th width="80%">Type</th><th nowrap>Time(s)</th>
</tr>
<tr valign="top" class="Error">
<td><a name="testWEB_11783_logout"></a>testWEB_11783_logout</td><td>Error</td><td>timeout: Timed out receiving message from renderer: 10.000
  (Session info: chrome=44.0.2403.107)
  (Driver info: chromedriver=2.14.313457 (3d645c400edf2e2c500566c9aa096063e707c9cf),platform=Windows NT 6.1 SP1 x86_64) (WARNING: The server did not provide any stacktrace information)
Command duration or timeout: 1119.85 seconds
Build info: version: '2.45.0', revision: '5017cb8', time: '2015-02-26 23:59:50'
System info: host: 'CCONYC18QAD', ip: '10.88.189.52', os.name: 'Windows 7', os.arch: 'amd64', os.version: '6.1', java.version: '1.8.0_40'
Driver info: org.openqa.selenium.chrome.ChromeDriver
Capabilities [{applicationCacheEnabled=false, rotatable=false, mobileEmulationEnabled=false, chrome={userDataDir=C:\Users\1111128\AppData\Local\Temp\scoped_dir20988_10036}, takesHeapSnapshot=true, databaseEnabled=false, handlesAlerts=true, version=44.0.2403.107, platform=XP, browserConnectionEnabled=false, nativeEvents=true, acceptSslCerts=true, locationContextEnabled=true, webStorageEnabled=true, browserName=chrome, takesScreenshot=true, javascriptEnabled=true, cssSelectorsEnabled=true}]
Session ID: 53fc22060f160c7d58316a9c021672c5<br>
<br>
<code>org.openqa.selenium.TimeoutException: timeout: Timed out receiving message from renderer: 10.000<br>  (Session info: chrome=44.0.2403.107)<br>  (Driver info: chromedriver=2.14.313457 (3d645c400edf2e2c500566c9aa096063e707c9cf),platform=Windows NT 6.1 SP1 x86_64) (WARNING: The server did not provide any stacktrace information)<br>Command duration or timeout: 1119.85 seconds<br>Build info: version: '2.45.0', revision: '5017cb8', time: '2015-02-26 23:59:50'<br>System info: host: 'CCONYC18QAD', ip: '10.88.189.52', os.name: 'Windows 7', os.arch: 'amd64', os.version: '6.1', java.version: '1.8.0_40'<br>Driver info: org.openqa.selenium.chrome.ChromeDriver<br>Capabilities [{applicationCacheEnabled=false, rotatable=false, mobileEmulationEnabled=false, chrome={userDataDir=C:\Users\1111128\AppData\Local\Temp\scoped_dir20988_10036}, takesHeapSnapshot=true, databaseEnabled=false, handlesAlerts=true, version=44.0.2403.107, platform=XP, browserConnectionEnabled=false, nativeEvents=true, acceptSslCerts=true, locationContextEnabled=true, webStorageEnabled=true, browserName=chrome, takesScreenshot=true, javascriptEnabled=true, cssSelectorsEnabled=true}]<br>Session ID: 53fc22060f160c7d58316a9c021672c5<br>	at java.lang.reflect.Constructor.newInstance(Constructor.java:422)<br>	at org.openqa.selenium.remote.ErrorHandler.createThrowable(ErrorHandler.java:204)<br>	at org.openqa.selenium.remote.ErrorHandler.throwIfResponseFailed(ErrorHandler.java:156)<br>	at org.openqa.selenium.remote.RemoteWebDriver.execute(RemoteWebDriver.java:599)<br>	at org.openqa.selenium.remote.RemoteWebDriver.get(RemoteWebDriver.java:304)<br>	at com.iheart.selenium.web_sanity.Utils.launchBrowser(Utils.java:272)<br>	at com.iheart.junit.web_sanity.RunDailyTest.init(RunDailyTest.java:46)<br>
</code></td><td>1122.791</td>
</tr>
<tr valign="top" class="Error">
<td><a name="testWEB_11744_filterStation"></a>testWEB_11744_filterStation</td><td>Error</td><td>timeout: Timed out receiving message from renderer: 10.000
  (Session info: chrome=44.0.2403.107)
  (Driver info: chromedriver=2.14.313457 (3d645c400edf2e2c500566c9aa096063e707c9cf),platform=Windows NT 6.1 SP1 x86_64) (WARNING: The server did not provide any stacktrace information)
Command duration or timeout: 1134.90 seconds
Build info: version: '2.45.0', revision: '5017cb8', time: '2015-02-26 23:59:50'
System info: host: 'CCONYC18QAD', ip: '10.88.189.52', os.name: 'Windows 7', os.arch: 'amd64', os.version: '6.1', java.version: '1.8.0_40'
Driver info: org.openqa.selenium.chrome.ChromeDriver
Capabilities [{applicationCacheEnabled=false, rotatable=false, mobileEmulationEnabled=false, chrome={userDataDir=C:\Users\1111128\AppData\Local\Temp\scoped_dir6416_28698}, takesHeapSnapshot=true, databaseEnabled=false, handlesAlerts=true, version=44.0.2403.107, platform=XP, browserConnectionEnabled=false, nativeEvents=true, acceptSslCerts=true, locationContextEnabled=true, webStorageEnabled=true, browserName=chrome, takesScreenshot=true, javascriptEnabled=true, cssSelectorsEnabled=true}]
Session ID: b2984c53d33ac05f13b41bef1bb6ac40<br>
<br>
<code>org.openqa.selenium.TimeoutException: timeout: Timed out receiving message from renderer: 10.000<br>  (Session info: chrome=44.0.2403.107)<br>  (Driver info: chromedriver=2.14.313457 (3d645c400edf2e2c500566c9aa096063e707c9cf),platform=Windows NT 6.1 SP1 x86_64) (WARNING: The server did not provide any stacktrace information)<br>Command duration or timeout: 1134.90 seconds<br>Build info: version: '2.45.0', revision: '5017cb8', time: '2015-02-26 23:59:50'<br>System info: host: 'CCONYC18QAD', ip: '10.88.189.52', os.name: 'Windows 7', os.arch: 'amd64', os.version: '6.1', java.version: '1.8.0_40'<br>Driver info: org.openqa.selenium.chrome.ChromeDriver<br>Capabilities [{applicationCacheEnabled=false, rotatable=false, mobileEmulationEnabled=false, chrome={userDataDir=C:\Users\1111128\AppData\Local\Temp\scoped_dir6416_28698}, takesHeapSnapshot=true, databaseEnabled=false, handlesAlerts=true, version=44.0.2403.107, platform=XP, browserConnectionEnabled=false, nativeEvents=true, acceptSslCerts=true, locationContextEnabled=true, webStorageEnabled=true, browserName=chrome, takesScreenshot=true, javascriptEnabled=true, cssSelectorsEnabled=true}]<br>Session ID: b2984c53d33ac05f13b41bef1bb6ac40<br>	at java.lang.reflect.Constructor.newInstance(Constructor.java:422)<br>	at org.openqa.selenium.remote.ErrorHandler.createThrowable(ErrorHandler.java:204)<br>	at org.openqa.selenium.remote.ErrorHandler.throwIfResponseFailed(ErrorHandler.java:156)<br>	at org.openqa.selenium.remote.RemoteWebDriver.execute(RemoteWebDriver.java:599)<br>	at org.openqa.selenium.remote.RemoteWebDriver.get(RemoteWebDriver.java:304)<br>	at com.iheart.selenium.web_sanity.Utils.launchBrowser(Utils.java:272)<br>	at com.iheart.junit.web_sanity.RunDailyTest.init(RunDailyTest.java:46)<br>
</code></td><td>1136.453</td>
</tr>
<tr valign="top" class="Error">
<td><a name="testWEB_11739_loginWithGoog"></a>testWEB_11739_loginWithGoog</td><td>Error</td><td>timeout: Timed out receiving message from renderer: 10.000
  (Session info: chrome=44.0.2403.107)
  (Driver info: chromedriver=2.14.313457 (3d645c400edf2e2c500566c9aa096063e707c9cf),platform=Windows NT 6.1 SP1 x86_64) (WARNING: The server did not provide any stacktrace information)
Command duration or timeout: 1134.93 seconds
Build info: version: '2.45.0', revision: '5017cb8', time: '2015-02-26 23:59:50'
System info: host: 'CCONYC18QAD', ip: '10.88.189.52', os.name: 'Windows 7', os.arch: 'amd64', os.version: '6.1', java.version: '1.8.0_40'
Driver info: org.openqa.selenium.chrome.ChromeDriver
Capabilities [{applicationCacheEnabled=false, rotatable=false, mobileEmulationEnabled=false, chrome={userDataDir=C:\Users\1111128\AppData\Local\Temp\scoped_dir12824_6122}, takesHeapSnapshot=true, databaseEnabled=false, handlesAlerts=true, version=44.0.2403.107, platform=XP, browserConnectionEnabled=false, nativeEvents=true, acceptSslCerts=true, locationContextEnabled=true, webStorageEnabled=true, browserName=chrome, takesScreenshot=true, javascriptEnabled=true, cssSelectorsEnabled=true}]
Session ID: 9860806e10b2c2e7612701050935e20c<br>
<br>
<code>org.openqa.selenium.TimeoutException: timeout: Timed out receiving message from renderer: 10.000<br>  (Session info: chrome=44.0.2403.107)<br>  (Driver info: chromedriver=2.14.313457 (3d645c400edf2e2c500566c9aa096063e707c9cf),platform=Windows NT 6.1 SP1 x86_64) (WARNING: The server did not provide any stacktrace information)<br>Command duration or timeout: 1134.93 seconds<br>Build info: version: '2.45.0', revision: '5017cb8', time: '2015-02-26 23:59:50'<br>System info: host: 'CCONYC18QAD', ip: '10.88.189.52', os.name: 'Windows 7', os.arch: 'amd64', os.version: '6.1', java.version: '1.8.0_40'<br>Driver info: org.openqa.selenium.chrome.ChromeDriver<br>Capabilities [{applicationCacheEnabled=false, rotatable=false, mobileEmulationEnabled=false, chrome={userDataDir=C:\Users\1111128\AppData\Local\Temp\scoped_dir12824_6122}, takesHeapSnapshot=true, databaseEnabled=false, handlesAlerts=true, version=44.0.2403.107, platform=XP, browserConnectionEnabled=false, nativeEvents=true, acceptSslCerts=true, locationContextEnabled=true, webStorageEnabled=true, browserName=chrome, takesScreenshot=true, javascriptEnabled=true, cssSelectorsEnabled=true}]<br>Session ID: 9860806e10b2c2e7612701050935e20c<br>	at java.lang.reflect.Constructor.newInstance(Constructor.java:422)<br>	at org.openqa.selenium.remote.ErrorHandler.createThrowable(ErrorHandler.java:204)<br>	at org.openqa.selenium.remote.ErrorHandler.throwIfResponseFailed(ErrorHandler.java:156)<br>	at org.openqa.selenium.remote.RemoteWebDriver.execute(RemoteWebDriver.java:599)<br>	at org.openqa.selenium.remote.RemoteWebDriver.get(RemoteWebDriver.java:304)<br>	at com.iheart.selenium.web_sanity.Utils.launchBrowser(Utils.java:272)<br>	at com.iheart.junit.web_sanity.RunDailyTest.init(RunDailyTest.java:46)<br>
</code></td><td>1136.519</td>
</tr>
<tr valign="top" class="Error">
<td><a name="testWEB_11738_FACEBOOKsignUp"></a>testWEB_11738_FACEBOOKsignUp</td><td>Error</td><td>timeout: Timed out receiving message from renderer: 10.000
  (Session info: chrome=44.0.2403.107)
  (Driver info: chromedriver=2.14.313457 (3d645c400edf2e2c500566c9aa096063e707c9cf),platform=Windows NT 6.1 SP1 x86_64) (WARNING: The server did not provide any stacktrace information)
Command duration or timeout: 1104.86 seconds
Build info: version: '2.45.0', revision: '5017cb8', time: '2015-02-26 23:59:50'
System info: host: 'CCONYC18QAD', ip: '10.88.189.52', os.name: 'Windows 7', os.arch: 'amd64', os.version: '6.1', java.version: '1.8.0_40'
Driver info: org.openqa.selenium.chrome.ChromeDriver
Capabilities [{applicationCacheEnabled=false, rotatable=false, mobileEmulationEnabled=false, chrome={userDataDir=C:\Users\1111128\AppData\Local\Temp\scoped_dir17280_5827}, takesHeapSnapshot=true, databaseEnabled=false, handlesAlerts=true, version=44.0.2403.107, platform=XP, browserConnectionEnabled=false, nativeEvents=true, acceptSslCerts=true, locationContextEnabled=true, webStorageEnabled=true, browserName=chrome, takesScreenshot=true, javascriptEnabled=true, cssSelectorsEnabled=true}]
Session ID: 18dd109cbfc7c07fad8c250cf37895d2<br>
<br>
<code>org.openqa.selenium.TimeoutException: timeout: Timed out receiving message from renderer: 10.000<br>  (Session info: chrome=44.0.2403.107)<br>  (Driver info: chromedriver=2.14.313457 (3d645c400edf2e2c500566c9aa096063e707c9cf),platform=Windows NT 6.1 SP1 x86_64) (WARNING: The server did not provide any stacktrace information)<br>Command duration or timeout: 1104.86 seconds<br>Build info: version: '2.45.0', revision: '5017cb8', time: '2015-02-26 23:59:50'<br>System info: host: 'CCONYC18QAD', ip: '10.88.189.52', os.name: 'Windows 7', os.arch: 'amd64', os.version: '6.1', java.version: '1.8.0_40'<br>Driver info: org.openqa.selenium.chrome.ChromeDriver<br>Capabilities [{applicationCacheEnabled=false, rotatable=false, mobileEmulationEnabled=false, chrome={userDataDir=C:\Users\1111128\AppData\Local\Temp\scoped_dir17280_5827}, takesHeapSnapshot=true, databaseEnabled=false, handlesAlerts=true, version=44.0.2403.107, platform=XP, browserConnectionEnabled=false, nativeEvents=true, acceptSslCerts=true, locationContextEnabled=true, webStorageEnabled=true, browserName=chrome, takesScreenshot=true, javascriptEnabled=true, cssSelectorsEnabled=true}]<br>Session ID: 18dd109cbfc7c07fad8c250cf37895d2<br>	at java.lang.reflect.Constructor.newInstance(Constructor.java:422)<br>	at org.openqa.selenium.remote.ErrorHandler.createThrowable(ErrorHandler.java:204)<br>	at org.openqa.selenium.remote.ErrorHandler.throwIfResponseFailed(ErrorHandler.java:156)<br>	at org.openqa.selenium.remote.RemoteWebDriver.execute(RemoteWebDriver.java:599)<br>	at org.openqa.selenium.remote.RemoteWebDriver.get(RemoteWebDriver.java:304)<br>	at com.iheart.selenium.web_sanity.Utils.launchBrowser(Utils.java:272)<br>	at com.iheart.junit.web_sanity.RunDailyTest.init(RunDailyTest.java:46)<br>
</code></td><td>1106.776</td>
</tr>
<tr valign="top" class="Error">
<td><a name="testWEB_11754_thumpDownLiveRadio"></a>testWEB_11754_thumpDownLiveRadio</td><td>Error</td><td>timeout: Timed out receiving message from renderer: 10.000
  (Session info: chrome=44.0.2403.107)
  (Driver info: chromedriver=2.14.313457 (3d645c400edf2e2c500566c9aa096063e707c9cf),platform=Windows NT 6.1 SP1 x86_64) (WARNING: The server did not provide any stacktrace information)
Command duration or timeout: 1104.83 seconds
Build info: version: '2.45.0', revision: '5017cb8', time: '2015-02-26 23:59:50'
System info: host: 'CCONYC18QAD', ip: '10.88.189.52', os.name: 'Windows 7', os.arch: 'amd64', os.version: '6.1', java.version: '1.8.0_40'
Driver info: org.openqa.selenium.chrome.ChromeDriver
Capabilities [{applicationCacheEnabled=false, rotatable=false, mobileEmulationEnabled=false, chrome={userDataDir=C:\Users\1111128\AppData\Local\Temp\scoped_dir21312_10144}, takesHeapSnapshot=true, databaseEnabled=false, handlesAlerts=true, version=44.0.2403.107, platform=XP, browserConnectionEnabled=false, nativeEvents=true, acceptSslCerts=true, locationContextEnabled=true, webStorageEnabled=true, browserName=chrome, takesScreenshot=true, javascriptEnabled=true, cssSelectorsEnabled=true}]
Session ID: fe7b13855047503270be87c2ecd8dc59<br>
<br>
<code>org.openqa.selenium.TimeoutException: timeout: Timed out receiving message from renderer: 10.000<br>  (Session info: chrome=44.0.2403.107)<br>  (Driver info: chromedriver=2.14.313457 (3d645c400edf2e2c500566c9aa096063e707c9cf),platform=Windows NT 6.1 SP1 x86_64) (WARNING: The server did not provide any stacktrace information)<br>Command duration or timeout: 1104.83 seconds<br>Build info: version: '2.45.0', revision: '5017cb8', time: '2015-02-26 23:59:50'<br>System info: host: 'CCONYC18QAD', ip: '10.88.189.52', os.name: 'Windows 7', os.arch: 'amd64', os.version: '6.1', java.version: '1.8.0_40'<br>Driver info: org.openqa.selenium.chrome.ChromeDriver<br>Capabilities [{applicationCacheEnabled=false, rotatable=false, mobileEmulationEnabled=false, chrome={userDataDir=C:\Users\1111128\AppData\Local\Temp\scoped_dir21312_10144}, takesHeapSnapshot=true, databaseEnabled=false, handlesAlerts=true, version=44.0.2403.107, platform=XP, browserConnectionEnabled=false, nativeEvents=true, acceptSslCerts=true, locationContextEnabled=true, webStorageEnabled=true, browserName=chrome, takesScreenshot=true, javascriptEnabled=true, cssSelectorsEnabled=true}]<br>Session ID: fe7b13855047503270be87c2ecd8dc59<br>	at java.lang.reflect.Constructor.newInstance(Constructor.java:422)<br>	at org.openqa.selenium.remote.ErrorHandler.createThrowable(ErrorHandler.java:204)<br>	at org.openqa.selenium.remote.ErrorHandler.throwIfResponseFailed(ErrorHandler.java:156)<br>	at org.openqa.selenium.remote.RemoteWebDriver.execute(RemoteWebDriver.java:599)<br>	at org.openqa.selenium.remote.RemoteWebDriver.get(RemoteWebDriver.java:304)<br>	at com.iheart.selenium.web_sanity.Utils.launchBrowser(Utils.java:272)<br>	at com.iheart.junit.web_sanity.RunDailyTest.init(RunDailyTest.java:46)<br>
</code></td><td>1106.488</td>
</tr>
<tr valign="top" class="Error">
<td><a name="testWEB_11761_filterAndPlayCustomAfterLogin"></a>testWEB_11761_filterAndPlayCustomAfterLogin</td><td>Error</td><td>timeout: Timed out receiving message from renderer: 10.000
  (Session info: chrome=44.0.2403.107)
  (Driver info: chromedriver=2.14.313457 (3d645c400edf2e2c500566c9aa096063e707c9cf),platform=Windows NT 6.1 SP1 x86_64) (WARNING: The server did not provide any stacktrace information)
Command duration or timeout: 1149.97 seconds
Build info: version: '2.45.0', revision: '5017cb8', time: '2015-02-26 23:59:50'
System info: host: 'CCONYC18QAD', ip: '10.88.189.52', os.name: 'Windows 7', os.arch: 'amd64', os.version: '6.1', java.version: '1.8.0_40'
Driver info: org.openqa.selenium.chrome.ChromeDriver
Capabilities [{applicationCacheEnabled=false, rotatable=false, mobileEmulationEnabled=false, chrome={userDataDir=C:\Users\1111128\AppData\Local\Temp\scoped_dir6736_3416}, takesHeapSnapshot=true, databaseEnabled=false, handlesAlerts=true, version=44.0.2403.107, platform=XP, browserConnectionEnabled=false, nativeEvents=true, acceptSslCerts=true, locationContextEnabled=true, webStorageEnabled=true, browserName=chrome, takesScreenshot=true, javascriptEnabled=true, cssSelectorsEnabled=true}]
Session ID: f5a83cb3706c5354900d0f1dd38b1fde<br>
<br>
<code>org.openqa.selenium.TimeoutException: timeout: Timed out receiving message from renderer: 10.000<br>  (Session info: chrome=44.0.2403.107)<br>  (Driver info: chromedriver=2.14.313457 (3d645c400edf2e2c500566c9aa096063e707c9cf),platform=Windows NT 6.1 SP1 x86_64) (WARNING: The server did not provide any stacktrace information)<br>Command duration or timeout: 1149.97 seconds<br>Build info: version: '2.45.0', revision: '5017cb8', time: '2015-02-26 23:59:50'<br>System info: host: 'CCONYC18QAD', ip: '10.88.189.52', os.name: 'Windows 7', os.arch: 'amd64', os.version: '6.1', java.version: '1.8.0_40'<br>Driver info: org.openqa.selenium.chrome.ChromeDriver<br>Capabilities [{applicationCacheEnabled=false, rotatable=false, mobileEmulationEnabled=false, chrome={userDataDir=C:\Users\1111128\AppData\Local\Temp\scoped_dir6736_3416}, takesHeapSnapshot=true, databaseEnabled=false, handlesAlerts=true, version=44.0.2403.107, platform=XP, browserConnectionEnabled=false, nativeEvents=true, acceptSslCerts=true, locationContextEnabled=true, webStorageEnabled=true, browserName=chrome, takesScreenshot=true, javascriptEnabled=true, cssSelectorsEnabled=true}]<br>Session ID: f5a83cb3706c5354900d0f1dd38b1fde<br>	at java.lang.reflect.Constructor.newInstance(Constructor.java:422)<br>	at org.openqa.selenium.remote.ErrorHandler.createThrowable(ErrorHandler.java:204)<br>	at org.openqa.selenium.remote.ErrorHandler.throwIfResponseFailed(ErrorHandler.java:156)<br>	at org.openqa.selenium.remote.RemoteWebDriver.execute(RemoteWebDriver.java:599)<br>	at org.openqa.selenium.remote.RemoteWebDriver.get(RemoteWebDriver.java:304)<br>	at com.iheart.selenium.web_sanity.Utils.launchBrowser(Utils.java:272)<br>	at com.iheart.junit.web_sanity.RunDailyTest.init(RunDailyTest.java:46)<br>
</code></td><td>1151.331</td>
</tr>
<tr valign="top" class="Error">
<td><a name="testWEB_11779_playStations"></a>testWEB_11779_playStations</td><td>Error</td><td>timeout: Timed out receiving message from renderer: 10.000
  (Session info: chrome=44.0.2403.107)
  (Driver info: chromedriver=2.14.313457 (3d645c400edf2e2c500566c9aa096063e707c9cf),platform=Windows NT 6.1 SP1 x86_64) (WARNING: The server did not provide any stacktrace information)
Command duration or timeout: 1075.02 seconds
Build info: version: '2.45.0', revision: '5017cb8', time: '2015-02-26 23:59:50'
System info: host: 'CCONYC18QAD', ip: '10.88.189.52', os.name: 'Windows 7', os.arch: 'amd64', os.version: '6.1', java.version: '1.8.0_40'
Driver info: org.openqa.selenium.chrome.ChromeDriver
Capabilities [{applicationCacheEnabled=false, rotatable=false, mobileEmulationEnabled=false, chrome={userDataDir=C:\Users\1111128\AppData\Local\Temp\scoped_dir14712_24304}, takesHeapSnapshot=true, databaseEnabled=false, handlesAlerts=true, version=44.0.2403.107, platform=XP, browserConnectionEnabled=false, nativeEvents=true, acceptSslCerts=true, locationContextEnabled=true, webStorageEnabled=true, browserName=chrome, takesScreenshot=true, javascriptEnabled=true, cssSelectorsEnabled=true}]
Session ID: 8e12d37efeaa3876bf61433137e0358b<br>
<br>
<code>org.openqa.selenium.TimeoutException: timeout: Timed out receiving message from renderer: 10.000<br>  (Session info: chrome=44.0.2403.107)<br>  (Driver info: chromedriver=2.14.313457 (3d645c400edf2e2c500566c9aa096063e707c9cf),platform=Windows NT 6.1 SP1 x86_64) (WARNING: The server did not provide any stacktrace information)<br>Command duration or timeout: 1075.02 seconds<br>Build info: version: '2.45.0', revision: '5017cb8', time: '2015-02-26 23:59:50'<br>System info: host: 'CCONYC18QAD', ip: '10.88.189.52', os.name: 'Windows 7', os.arch: 'amd64', os.version: '6.1', java.version: '1.8.0_40'<br>Driver info: org.openqa.selenium.chrome.ChromeDriver<br>Capabilities [{applicationCacheEnabled=false, rotatable=false, mobileEmulationEnabled=false, chrome={userDataDir=C:\Users\1111128\AppData\Local\Temp\scoped_dir14712_24304}, takesHeapSnapshot=true, databaseEnabled=false, handlesAlerts=true, version=44.0.2403.107, platform=XP, browserConnectionEnabled=false, nativeEvents=true, acceptSslCerts=true, locationContextEnabled=true, webStorageEnabled=true, browserName=chrome, takesScreenshot=true, javascriptEnabled=true, cssSelectorsEnabled=true}]<br>Session ID: 8e12d37efeaa3876bf61433137e0358b<br>	at java.lang.reflect.Constructor.newInstance(Constructor.java:422)<br>	at org.openqa.selenium.remote.ErrorHandler.createThrowable(ErrorHandler.java:204)<br>	at org.openqa.selenium.remote.ErrorHandler.throwIfResponseFailed(ErrorHandler.java:156)<br>	at org.openqa.selenium.remote.RemoteWebDriver.execute(RemoteWebDriver.java:599)<br>	at org.openqa.selenium.remote.RemoteWebDriver.get(RemoteWebDriver.java:304)<br>	at com.iheart.selenium.web_sanity.Utils.launchBrowser(Utils.java:272)<br>	at com.iheart.junit.web_sanity.RunDailyTest.init(RunDailyTest.java:46)<br>
</code></td><td>1076.330</td>
</tr>
<tr valign="top" class="Error">
<td><a name="testWEB_11734_startUp"></a>testWEB_11734_startUp</td><td>Error</td><td>timeout: Timed out receiving message from renderer: 10.000
  (Session info: chrome=44.0.2403.107)
  (Driver info: chromedriver=2.14.313457 (3d645c400edf2e2c500566c9aa096063e707c9cf),platform=Windows NT 6.1 SP1 x86_64) (WARNING: The server did not provide any stacktrace information)
Command duration or timeout: 1135.07 seconds
Build info: version: '2.45.0', revision: '5017cb8', time: '2015-02-26 23:59:50'
System info: host: 'CCONYC18QAD', ip: '10.88.189.52', os.name: 'Windows 7', os.arch: 'amd64', os.version: '6.1', java.version: '1.8.0_40'
Driver info: org.openqa.selenium.chrome.ChromeDriver
Capabilities [{applicationCacheEnabled=false, rotatable=false, mobileEmulationEnabled=false, chrome={userDataDir=C:\Users\1111128\AppData\Local\Temp\scoped_dir7896_23127}, takesHeapSnapshot=true, databaseEnabled=false, handlesAlerts=true, version=44.0.2403.107, platform=XP, browserConnectionEnabled=false, nativeEvents=true, acceptSslCerts=true, locationContextEnabled=true, webStorageEnabled=true, browserName=chrome, takesScreenshot=true, javascriptEnabled=true, cssSelectorsEnabled=true}]
Session ID: 2353a86d15a85d997d488d85cc8536eb<br>
<br>
<code>org.openqa.selenium.TimeoutException: timeout: Timed out receiving message from renderer: 10.000<br>  (Session info: chrome=44.0.2403.107)<br>  (Driver info: chromedriver=2.14.313457 (3d645c400edf2e2c500566c9aa096063e707c9cf),platform=Windows NT 6.1 SP1 x86_64) (WARNING: The server did not provide any stacktrace information)<br>Command duration or timeout: 1135.07 seconds<br>Build info: version: '2.45.0', revision: '5017cb8', time: '2015-02-26 23:59:50'<br>System info: host: 'CCONYC18QAD', ip: '10.88.189.52', os.name: 'Windows 7', os.arch: 'amd64', os.version: '6.1', java.version: '1.8.0_40'<br>Driver info: org.openqa.selenium.chrome.ChromeDriver<br>Capabilities [{applicationCacheEnabled=false, rotatable=false, mobileEmulationEnabled=false, chrome={userDataDir=C:\Users\1111128\AppData\Local\Temp\scoped_dir7896_23127}, takesHeapSnapshot=true, databaseEnabled=false, handlesAlerts=true, version=44.0.2403.107, platform=XP, browserConnectionEnabled=false, nativeEvents=true, acceptSslCerts=true, locationContextEnabled=true, webStorageEnabled=true, browserName=chrome, takesScreenshot=true, javascriptEnabled=true, cssSelectorsEnabled=true}]<br>Session ID: 2353a86d15a85d997d488d85cc8536eb<br>	at java.lang.reflect.Constructor.newInstance(Constructor.java:422)<br>	at org.openqa.selenium.remote.ErrorHandler.createThrowable(ErrorHandler.java:204)<br>	at org.openqa.selenium.remote.ErrorHandler.throwIfResponseFailed(ErrorHandler.java:156)<br>	at org.openqa.selenium.remote.RemoteWebDriver.execute(RemoteWebDriver.java:599)<br>	at org.openqa.selenium.remote.RemoteWebDriver.get(RemoteWebDriver.java:304)<br>	at com.iheart.selenium.web_sanity.Utils.launchBrowser(Utils.java:272)<br>	at com.iheart.junit.web_sanity.RunDailyTest.init(RunDailyTest.java:46)<br>
</code></td><td>1136.387</td>
</tr>
<tr valign="top" class="Error">
<td><a name="testWEB_11737_loginWithEmail"></a>testWEB_11737_loginWithEmail</td><td>Error</td><td>timeout: Timed out receiving message from renderer: 10.000
  (Session info: chrome=44.0.2403.107)
  (Driver info: chromedriver=2.14.313457 (3d645c400edf2e2c500566c9aa096063e707c9cf),platform=Windows NT 6.1 SP1 x86_64) (WARNING: The server did not provide any stacktrace information)
Command duration or timeout: 1104.80 seconds
Build info: version: '2.45.0', revision: '5017cb8', time: '2015-02-26 23:59:50'
System info: host: 'CCONYC18QAD', ip: '10.88.189.52', os.name: 'Windows 7', os.arch: 'amd64', os.version: '6.1', java.version: '1.8.0_40'
Driver info: org.openqa.selenium.chrome.ChromeDriver
Capabilities [{applicationCacheEnabled=false, rotatable=false, mobileEmulationEnabled=false, chrome={userDataDir=C:\Users\1111128\AppData\Local\Temp\scoped_dir18484_20963}, takesHeapSnapshot=true, databaseEnabled=false, handlesAlerts=true, version=44.0.2403.107, platform=XP, browserConnectionEnabled=false, nativeEvents=true, acceptSslCerts=true, locationContextEnabled=true, webStorageEnabled=true, browserName=chrome, takesScreenshot=true, javascriptEnabled=true, cssSelectorsEnabled=true}]
Session ID: c4f93aa9c9b34324116a265a6bd283c6<br>
<br>
<code>org.openqa.selenium.TimeoutException: timeout: Timed out receiving message from renderer: 10.000<br>  (Session info: chrome=44.0.2403.107)<br>  (Driver info: chromedriver=2.14.313457 (3d645c400edf2e2c500566c9aa096063e707c9cf),platform=Windows NT 6.1 SP1 x86_64) (WARNING: The server did not provide any stacktrace information)<br>Command duration or timeout: 1104.80 seconds<br>Build info: version: '2.45.0', revision: '5017cb8', time: '2015-02-26 23:59:50'<br>System info: host: 'CCONYC18QAD', ip: '10.88.189.52', os.name: 'Windows 7', os.arch: 'amd64', os.version: '6.1', java.version: '1.8.0_40'<br>Driver info: org.openqa.selenium.chrome.ChromeDriver<br>Capabilities [{applicationCacheEnabled=false, rotatable=false, mobileEmulationEnabled=false, chrome={userDataDir=C:\Users\1111128\AppData\Local\Temp\scoped_dir18484_20963}, takesHeapSnapshot=true, databaseEnabled=false, handlesAlerts=true, version=44.0.2403.107, platform=XP, browserConnectionEnabled=false, nativeEvents=true, acceptSslCerts=true, locationContextEnabled=true, webStorageEnabled=true, browserName=chrome, takesScreenshot=true, javascriptEnabled=true, cssSelectorsEnabled=true}]<br>Session ID: c4f93aa9c9b34324116a265a6bd283c6<br>	at java.lang.reflect.Constructor.newInstance(Constructor.java:422)<br>	at org.openqa.selenium.remote.ErrorHandler.createThrowable(ErrorHandler.java:204)<br>	at org.openqa.selenium.remote.ErrorHandler.throwIfResponseFailed(ErrorHandler.java:156)<br>	at org.openqa.selenium.remote.RemoteWebDriver.execute(RemoteWebDriver.java:599)<br>	at org.openqa.selenium.remote.RemoteWebDriver.get(RemoteWebDriver.java:304)<br>	at com.iheart.selenium.web_sanity.Utils.launchBrowser(Utils.java:272)<br>	at com.iheart.junit.web_sanity.RunDailyTest.init(RunDailyTest.java:46)<br>
</code></td><td>1106.353</td>
</tr>
<tr valign="top" class="Error">
<td><a name="testWEB_11782_friendPage"></a>testWEB_11782_friendPage</td><td>Error</td><td>unknown error: unable to discover open pages
  (Driver info: chromedriver=2.14.313457 (3d645c400edf2e2c500566c9aa096063e707c9cf),platform=Windows NT 6.1 SP1 x86_64) (WARNING: The server did not provide any stacktrace information)
Command duration or timeout: 181.61 seconds
Build info: version: '2.45.0', revision: '5017cb8', time: '2015-02-26 23:59:50'
System info: host: 'CCONYC18QAD', ip: '10.88.189.52', os.name: 'Windows 7', os.arch: 'amd64', os.version: '6.1', java.version: '1.8.0_40'
Driver info: org.openqa.selenium.chrome.ChromeDriver<br>
<br>
<code>org.openqa.selenium.WebDriverException: unknown error: unable to discover open pages<br>  (Driver info: chromedriver=2.14.313457 (3d645c400edf2e2c500566c9aa096063e707c9cf),platform=Windows NT 6.1 SP1 x86_64) (WARNING: The server did not provide any stacktrace information)<br>Command duration or timeout: 181.61 seconds<br>Build info: version: '2.45.0', revision: '5017cb8', time: '2015-02-26 23:59:50'<br>System info: host: 'CCONYC18QAD', ip: '10.88.189.52', os.name: 'Windows 7', os.arch: 'amd64', os.version: '6.1', java.version: '1.8.0_40'<br>Driver info: org.openqa.selenium.chrome.ChromeDriver<br>	at java.lang.reflect.Constructor.newInstance(Constructor.java:422)<br>	at org.openqa.selenium.remote.ErrorHandler.createThrowable(ErrorHandler.java:204)<br>	at org.openqa.selenium.remote.ErrorHandler.throwIfResponseFailed(ErrorHandler.java:156)<br>	at org.openqa.selenium.remote.RemoteWebDriver.execute(RemoteWebDriver.java:599)<br>	at org.openqa.selenium.remote.RemoteWebDriver.startSession(RemoteWebDriver.java:240)<br>	at org.openqa.selenium.remote.RemoteWebDriver.&lt;init&gt;(RemoteWebDriver.java:126)<br>	at org.openqa.selenium.remote.RemoteWebDriver.&lt;init&gt;(RemoteWebDriver.java:139)<br>	at org.openqa.selenium.chrome.ChromeDriver.&lt;init&gt;(ChromeDriver.java:171)<br>	at org.openqa.selenium.chrome.ChromeDriver.&lt;init&gt;(ChromeDriver.java:160)<br>	at org.openqa.selenium.chrome.ChromeDriver.&lt;init&gt;(ChromeDriver.java:149)<br>	at com.iheart.selenium.web_sanity.Utils.createWebDriver(Utils.java:65)<br>	at com.iheart.selenium.web_sanity.Utils.launchBrowser(Utils.java:270)<br>	at com.iheart.junit.web_sanity.RunDailyTest.init(RunDailyTest.java:46)<br>
</code></td><td>182.626</td>
</tr>
<tr valign="top" class="Error">
<td><a name="testWEB_11752_thumbUpLiveRadio"></a>testWEB_11752_thumbUpLiveRadio</td><td>Error</td><td>timeout: Timed out receiving message from renderer: 10.000
  (Session info: chrome=44.0.2403.107)
  (Driver info: chromedriver=2.14.313457 (3d645c400edf2e2c500566c9aa096063e707c9cf),platform=Windows NT 6.1 SP1 x86_64) (WARNING: The server did not provide any stacktrace information)
Command duration or timeout: 1089.92 seconds
Build info: version: '2.45.0', revision: '5017cb8', time: '2015-02-26 23:59:50'
System info: host: 'CCONYC18QAD', ip: '10.88.189.52', os.name: 'Windows 7', os.arch: 'amd64', os.version: '6.1', java.version: '1.8.0_40'
Driver info: org.openqa.selenium.chrome.ChromeDriver
Capabilities [{applicationCacheEnabled=false, rotatable=false, mobileEmulationEnabled=false, chrome={userDataDir=C:\Users\1111128\AppData\Local\Temp\scoped_dir12012_28642}, takesHeapSnapshot=true, databaseEnabled=false, handlesAlerts=true, version=44.0.2403.107, platform=XP, browserConnectionEnabled=false, nativeEvents=true, acceptSslCerts=true, locationContextEnabled=true, webStorageEnabled=true, browserName=chrome, takesScreenshot=true, javascriptEnabled=true, cssSelectorsEnabled=true}]
Session ID: 5cc09997c507d00a5074ec623ddf6f31<br>
<br>
<code>org.openqa.selenium.TimeoutException: timeout: Timed out receiving message from renderer: 10.000<br>  (Session info: chrome=44.0.2403.107)<br>  (Driver info: chromedriver=2.14.313457 (3d645c400edf2e2c500566c9aa096063e707c9cf),platform=Windows NT 6.1 SP1 x86_64) (WARNING: The server did not provide any stacktrace information)<br>Command duration or timeout: 1089.92 seconds<br>Build info: version: '2.45.0', revision: '5017cb8', time: '2015-02-26 23:59:50'<br>System info: host: 'CCONYC18QAD', ip: '10.88.189.52', os.name: 'Windows 7', os.arch: 'amd64', os.version: '6.1', java.version: '1.8.0_40'<br>Driver info: org.openqa.selenium.chrome.ChromeDriver<br>Capabilities [{applicationCacheEnabled=false, rotatable=false, mobileEmulationEnabled=false, chrome={userDataDir=C:\Users\1111128\AppData\Local\Temp\scoped_dir12012_28642}, takesHeapSnapshot=true, databaseEnabled=false, handlesAlerts=true, version=44.0.2403.107, platform=XP, browserConnectionEnabled=false, nativeEvents=true, acceptSslCerts=true, locationContextEnabled=true, webStorageEnabled=true, browserName=chrome, takesScreenshot=true, javascriptEnabled=true, cssSelectorsEnabled=true}]<br>Session ID: 5cc09997c507d00a5074ec623ddf6f31<br>	at java.lang.reflect.Constructor.newInstance(Constructor.java:422)<br>	at org.openqa.selenium.remote.ErrorHandler.createThrowable(ErrorHandler.java:204)<br>	at org.openqa.selenium.remote.ErrorHandler.throwIfResponseFailed(ErrorHandler.java:156)<br>	at org.openqa.selenium.remote.RemoteWebDriver.execute(RemoteWebDriver.java:599)<br>	at org.openqa.selenium.remote.RemoteWebDriver.get(RemoteWebDriver.java:304)<br>	at com.iheart.selenium.web_sanity.Utils.launchBrowser(Utils.java:272)<br>	at com.iheart.junit.web_sanity.RunDailyTest.init(RunDailyTest.java:46)<br>
</code></td><td>1091.463</td>
</tr>
<tr valign="top" class="Failure">
<td><a name="testWEB_11763_thumpUpCustom"></a>testWEB_11763_thumpUpCustom</td><td>Failure</td><td>Exception is thrown.<br>
<br>
<code>junit.framework.AssertionFailedError: Exception is thrown.<br>	at com.iheart.junit.web_sanity.RunDailyTest.tearDown(RunDailyTest.java:348)<br>
</code></td><td>204.899</td>
</tr>
<tr valign="top" class="Error">
<td><a name="testWEB_18302_PopularUserFlow"></a>testWEB_18302_PopularUserFlow</td><td>Failure</td><td>Exception is thrown.<br>
<br>
<code>junit.framework.AssertionFailedError: Exception is thrown.<br>	at com.iheart.junit.web_sanity.RunDailyTest.tearDown(RunDailyTest.java:348)<br>
</code></td><td>1045.745</td>
</tr>
<tr valign="top" class="Error">
<td><a name="testWEB_8823_FaceBookSignUp"></a>testWEB_8823_FaceBookSignUp</td><td>Failure</td><td>Exception is thrown.<br>
<br>
<code>junit.framework.AssertionFailedError: Exception is thrown.<br>	at com.iheart.junit.web_sanity.RunDailyTest.tearDown(RunDailyTest.java:348)<br>
</code></td><td>1076.304</td>
</tr>
<tr valign="top" class="Error">
<td><a name="testWEB_11780_playStationsInMyStationsPage"></a>testWEB_11780_playStationsInMyStationsPage</td><td>Failure</td><td>Exception is thrown.<br>
<br>
<code>junit.framework.AssertionFailedError: Exception is thrown.<br>	at com.iheart.junit.web_sanity.RunDailyTest.tearDown(RunDailyTest.java:348)<br>
</code></td><td>1076.249</td>
</tr>
<tr valign="top" class="Failure">
<td><a name="testWEB_11736_signUp"></a>testWEB_11736_signUp</td><td>Failure</td><td>Exception is thrown.<br>
<br>
<code>junit.framework.AssertionFailedError: Exception is thrown.<br>	at com.iheart.junit.web_sanity.RunDailyTest.tearDown(RunDailyTest.java:348)<br>
</code></td><td>170.526</td>
</tr>
<tr valign="top" class="Error">
<td><a name="testWEB_11776_thumbUpPodcasts"></a>testWEB_11776_thumbUpPodcasts</td><td>Failure</td><td>Exception is thrown.<br>
<br>
<code>junit.framework.AssertionFailedError: Exception is thrown.<br>	at com.iheart.junit.web_sanity.RunDailyTest.tearDown(RunDailyTest.java:348)<br>
</code></td><td>1075.811</td>
</tr>
<tr valign="top" class="Error">
<td><a name="testWEB_11740_search"></a>testWEB_11740_search</td><td>Failure</td><td>Exception is thrown.<br>
<br>
<code>junit.framework.AssertionFailedError: Exception is thrown.<br>	at com.iheart.junit.web_sanity.RunDailyTest.tearDown(RunDailyTest.java:348)<br>
</code></td><td>152.757</td>
</tr>
<tr valign="top" class="Error">
<td><a name="testWEB_11750_filterLiveStationAfterLogin"></a>testWEB_11750_filterLiveStationAfterLogin</td><td>Failure</td><td>Exception is thrown.<br>
<br>
<code>junit.framework.AssertionFailedError: Exception is thrown.<br>	at com.iheart.junit.web_sanity.RunDailyTest.tearDown(RunDailyTest.java:348)<br>
</code></td><td>1061.379</td>
</tr>
<tr valign="top" class="Error">
<td><a name="testWEB_11766_browsePerfect"></a>testWEB_11766_browsePerfect</td><td>Failure</td><td>Exception is thrown.<br>
<br>
<code>junit.framework.AssertionFailedError: Exception is thrown.<br>	at com.iheart.junit.web_sanity.RunDailyTest.tearDown(RunDailyTest.java:348)<br>
</code></td><td>1061.322</td>
</tr>
<tr valign="top" class="Error">
<td><a name="testWEB_11774_filterPodAfterLogin"></a>testWEB_11774_filterPodAfterLogin</td><td>Failure</td><td>Exception is thrown.<br>
<br>
<code>junit.framework.AssertionFailedError: Exception is thrown.<br>	at com.iheart.junit.web_sanity.RunDailyTest.tearDown(RunDailyTest.java:348)<br>
</code></td><td>1091.303</td>
</tr>
</table>
<div class="Properties">
<a href="javascript:displayProperties('com.iheart.junit.web_sanity.RunDailyTest');">
                    Properties &raquo;
                </a>
</div>
<div class="Properties">
<a href="./0_RunDailyTest-out.html">
                        System.out &raquo;
                    </a>
</div>
<div class="Properties">
<a href="./0_RunDailyTest-err.html">
                        System.err &raquo;
                    </a>
</div>
</body>
</html>
