<html xmlns:string="xalan://java.lang.String" xmlns:lxslt="http://xml.apache.org/xslt">
<head>
<META http-equiv="Content-Type" content="text/html; charset=UTF-8">
<title>Standard Error from RunDailyTest</title>
</head>
<body>
<pre>Starting ChromeDriver 2.14.313457 (3d645c400edf2e2c500566c9aa096063e707c9cf) on port 47854
Only local connections are allowed.
[511.596][SEVERE]: Timed out receiving message from renderer: 299.560
[1111.599][SEVERE]: Timed out receiving message from renderer: 600.000
[1121.600][SEVERE]: Timed out receiving message from renderer: 10.000
Starting ChromeDriver 2.14.313457 (3d645c400edf2e2c500566c9aa096063e707c9cf) on port 27396
Only local connections are allowed.
[526.416][SEVERE]: Timed out receiving message from renderer: 299.994
[1126.419][SEVERE]: Timed out receiving message from renderer: 600.000
[1136.419][SEVERE]: Timed out receiving message from renderer: 10.000
Starting ChromeDriver 2.14.313457 (3d645c400edf2e2c500566c9aa096063e707c9cf) on port 12094
Only local connections are allowed.
[526.440][SEVERE]: Timed out receiving message from renderer: 299.994
[1126.443][SEVERE]: Timed out receiving message from renderer: 600.000
[1136.443][SEVERE]: Timed out receiving message from renderer: 10.000
Starting ChromeDriver 2.14.313457 (3d645c400edf2e2c500566c9aa096063e707c9cf) on port 48196
Only local connections are allowed.
[496.653][SEVERE]: Timed out receiving message from renderer: 299.994
[1096.656][SEVERE]: Timed out receiving message from renderer: 600.000
[1106.657][SEVERE]: Timed out receiving message from renderer: 10.000
Starting ChromeDriver 2.14.313457 (3d645c400edf2e2c500566c9aa096063e707c9cf) on port 5526
Only local connections are allowed.
[496.372][SEVERE]: Timed out receiving message from renderer: 299.994
[1096.374][SEVERE]: Timed out receiving message from renderer: 600.000
[1106.374][SEVERE]: Timed out receiving message from renderer: 10.000
Starting ChromeDriver 2.14.313457 (3d645c400edf2e2c500566c9aa096063e707c9cf) on port 20131
Only local connections are allowed.
[541.279][SEVERE]: Timed out receiving message from renderer: 299.994
[1141.281][SEVERE]: Timed out receiving message from renderer: 600.000
[1151.282][SEVERE]: Timed out receiving message from renderer: 10.000
Starting ChromeDriver 2.14.313457 (3d645c400edf2e2c500566c9aa096063e707c9cf) on port 15973
Only local connections are allowed.
[466.283][SEVERE]: Timed out receiving message from renderer: 299.994
[1066.286][SEVERE]: Timed out receiving message from renderer: 600.000
[1076.286][SEVERE]: Timed out receiving message from renderer: 10.000
Starting ChromeDriver 2.14.313457 (3d645c400edf2e2c500566c9aa096063e707c9cf) on port 11114
Only local connections are allowed.
[526.341][SEVERE]: Timed out receiving message from renderer: 299.995
[1126.343][SEVERE]: Timed out receiving message from renderer: 600.000
[1136.344][SEVERE]: Timed out receiving message from renderer: 10.000
Starting ChromeDriver 2.14.313457 (3d645c400edf2e2c500566c9aa096063e707c9cf) on port 26281
Only local connections are allowed.
[496.316][SEVERE]: Timed out receiving message from renderer: 299.994
[1096.318][SEVERE]: Timed out receiving message from renderer: 600.000
[1106.318][SEVERE]: Timed out receiving message from renderer: 10.000
Starting ChromeDriver 2.14.313457 (3d645c400edf2e2c500566c9aa096063e707c9cf) on port 13387
Only local connections are allowed.
Starting ChromeDriver 2.14.313457 (3d645c400edf2e2c500566c9aa096063e707c9cf) on port 43975
Only local connections are allowed.
[481.425][SEVERE]: Timed out receiving message from renderer: 299.995
[1081.427][SEVERE]: Timed out receiving message from renderer: 600.000
[1091.427][SEVERE]: Timed out receiving message from renderer: 10.000
Starting ChromeDriver 2.14.313457 (3d645c400edf2e2c500566c9aa096063e707c9cf) on port 8557
Only local connections are allowed.
org.openqa.selenium.WebDriverException: unknown error: Element is not clickable at point (608, 699). Other element would receive the click: &lt;div id="jw-wrapper" class=""&gt;...&lt;/div&gt;
  (Session info: chrome=44.0.2403.107)
  (Driver info: chromedriver=2.14.313457 (3d645c400edf2e2c500566c9aa096063e707c9cf),platform=Windows NT 6.1 SP1 x86_64) (WARNING: The server did not provide any stacktrace information)
Command duration or timeout: 733 milliseconds
Build info: version: '2.45.0', revision: '5017cb8', time: '2015-02-26 23:59:50'
System info: host: 'CCONYC18QAD', ip: '10.88.189.52', os.name: 'Windows 7', os.arch: 'amd64', os.version: '6.1', java.version: '1.8.0_40'
Driver info: org.openqa.selenium.chrome.ChromeDriver
Capabilities [{applicationCacheEnabled=false, rotatable=false, mobileEmulationEnabled=false, chrome={userDataDir=C:\Users\1111128\AppData\Local\Temp\scoped_dir20128_9170}, takesHeapSnapshot=true, databaseEnabled=false, handlesAlerts=true, version=44.0.2403.107, platform=XP, browserConnectionEnabled=false, nativeEvents=true, acceptSslCerts=true, locationContextEnabled=true, webStorageEnabled=true, browserName=chrome, takesScreenshot=true, javascriptEnabled=true, cssSelectorsEnabled=true}]
Session ID: a87d542fe75d901b890aee3542995473
	at sun.reflect.NativeConstructorAccessorImpl.newInstance0(Native Method)
	at sun.reflect.NativeConstructorAccessorImpl.newInstance(NativeConstructorAccessorImpl.java:62)
	at sun.reflect.DelegatingConstructorAccessorImpl.newInstance(DelegatingConstructorAccessorImpl.java:45)
	at java.lang.reflect.Constructor.newInstance(Constructor.java:422)
	at org.openqa.selenium.remote.ErrorHandler.createThrowable(ErrorHandler.java:204)
	at org.openqa.selenium.remote.ErrorHandler.throwIfResponseFailed(ErrorHandler.java:156)
	at org.openqa.selenium.remote.RemoteWebDriver.execute(RemoteWebDriver.java:599)
	at org.openqa.selenium.remote.RemoteWebElement.execute(RemoteWebElement.java:268)
	at org.openqa.selenium.remote.RemoteWebElement.click(RemoteWebElement.java:79)
	at sun.reflect.NativeMethodAccessorImpl.invoke0(Native Method)
	at sun.reflect.NativeMethodAccessorImpl.invoke(NativeMethodAccessorImpl.java:62)
	at sun.reflect.DelegatingMethodAccessorImpl.invoke(DelegatingMethodAccessorImpl.java:43)
	at java.lang.reflect.Method.invoke(Method.java:497)
	at org.openqa.selenium.support.pagefactory.internal.LocatingElementHandler.invoke(LocatingElementHandler.java:50)
	at com.sun.proxy.$Proxy6.click(Unknown Source)
	at com.iheart.selenium.web_sanity.Page.doThumbUp(Page.java:649)
	at com.iheart.selenium.web_sanity.CustomRadioPage.WEB_11763_thumpUpCustom(CustomRadioPage.java:119)
	at com.iheart.junit.web_sanity.RunDailyTest.testWEB_11763_thumpUpCustom(RunDailyTest.java:207)
	at sun.reflect.NativeMethodAccessorImpl.invoke0(Native Method)
	at sun.reflect.NativeMethodAccessorImpl.invoke(NativeMethodAccessorImpl.java:62)
	at sun.reflect.DelegatingMethodAccessorImpl.invoke(DelegatingMethodAccessorImpl.java:43)
	at java.lang.reflect.Method.invoke(Method.java:497)
	at org.junit.runners.model.FrameworkMethod$1.runReflectiveCall(FrameworkMethod.java:47)
	at org.junit.internal.runners.model.ReflectiveCallable.run(ReflectiveCallable.java:12)
	at org.junit.runners.model.FrameworkMethod.invokeExplosively(FrameworkMethod.java:44)
	at org.junit.internal.runners.statements.InvokeMethod.evaluate(InvokeMethod.java:17)
	at org.junit.internal.runners.statements.RunBefores.evaluate(RunBefores.java:26)
	at org.junit.internal.runners.statements.RunAfters.evaluate(RunAfters.java:27)
	at org.junit.rules.TestWatcher$1.evaluate(TestWatcher.java:55)
	at org.junit.rules.RunRules.evaluate(RunRules.java:20)
	at org.junit.runners.ParentRunner.runLeaf(ParentRunner.java:271)
	at org.junit.runners.BlockJUnit4ClassRunner.runChild(BlockJUnit4ClassRunner.java:70)
	at org.junit.runners.BlockJUnit4ClassRunner.runChild(BlockJUnit4ClassRunner.java:50)
	at org.junit.runners.ParentRunner$3.run(ParentRunner.java:238)
	at org.junit.runners.ParentRunner$1.schedule(ParentRunner.java:63)
	at org.junit.runners.ParentRunner.runChildren(ParentRunner.java:236)
	at org.junit.runners.ParentRunner.access$000(ParentRunner.java:53)
	at org.junit.runners.ParentRunner$2.evaluate(ParentRunner.java:229)
	at org.junit.runners.ParentRunner.run(ParentRunner.java:309)
	at junit.framework.JUnit4TestAdapter.run(JUnit4TestAdapter.java:38)
	at org.apache.tools.ant.taskdefs.optional.junit.JUnitTestRunner.run(JUnitTestRunner.java:532)
	at org.apache.tools.ant.taskdefs.optional.junit.JUnitTestRunner.launch(JUnitTestRunner.java:1179)
	at org.apache.tools.ant.taskdefs.optional.junit.JUnitTestRunner.main(JUnitTestRunner.java:1030)
Starting ChromeDriver 2.14.313457 (3d645c400edf2e2c500566c9aa096063e707c9cf) on port 42767
Only local connections are allowed.
[435.704][SEVERE]: Timed out receiving message from renderer: 299.995
[1035.705][SEVERE]: Timed out receiving message from renderer: 600.000
[1045.706][SEVERE]: Timed out receiving message from renderer: 10.000
Starting ChromeDriver 2.14.313457 (3d645c400edf2e2c500566c9aa096063e707c9cf) on port 17766
Only local connections are allowed.
[466.273][SEVERE]: Timed out receiving message from renderer: 299.995
[1066.274][SEVERE]: Timed out receiving message from renderer: 600.000
[1076.274][SEVERE]: Timed out receiving message from renderer: 10.000
Starting ChromeDriver 2.14.313457 (3d645c400edf2e2c500566c9aa096063e707c9cf) on port 34610
Only local connections are allowed.
[466.218][SEVERE]: Timed out receiving message from renderer: 299.995
[1066.219][SEVERE]: Timed out receiving message from renderer: 600.000
[1076.220][SEVERE]: Timed out receiving message from renderer: 10.000
Starting ChromeDriver 2.14.313457 (3d645c400edf2e2c500566c9aa096063e707c9cf) on port 13099
Only local connections are allowed.
[0.950][SEVERE]: bind() returned an error: Only one usage of each socket address (protocol/network address/port) is normally permitted. (0x2740)
org.openqa.selenium.NoSuchElementException: no such element
  (Session info: chrome=44.0.2403.107)
  (Driver info: chromedriver=2.14.313457 (3d645c400edf2e2c500566c9aa096063e707c9cf),platform=Windows NT 6.1 SP1 x86_64) (WARNING: The server did not provide any stacktrace information)
Command duration or timeout: 30.60 seconds
For documentation on this error, please visit: http://seleniumhq.org/exceptions/no_such_element.html
Build info: version: '2.45.0', revision: '5017cb8', time: '2015-02-26 23:59:50'
System info: host: 'CCONYC18QAD', ip: '10.88.189.52', os.name: 'Windows 7', os.arch: 'amd64', os.version: '6.1', java.version: '1.8.0_40'
Driver info: org.openqa.selenium.chrome.ChromeDriver
Capabilities [{applicationCacheEnabled=false, rotatable=false, mobileEmulationEnabled=false, chrome={userDataDir=C:\Users\1111128\AppData\Local\Temp\scoped_dir7824_17133}, takesHeapSnapshot=true, databaseEnabled=false, handlesAlerts=true, version=44.0.2403.107, platform=XP, browserConnectionEnabled=false, nativeEvents=true, acceptSslCerts=true, locationContextEnabled=true, webStorageEnabled=true, browserName=chrome, takesScreenshot=true, javascriptEnabled=true, cssSelectorsEnabled=true}]
Session ID: 466356d6d963f3ba77de9adfde2a582d
*** Element info: {Using=css selector, value=[name='userName'][type='text']}
	at sun.reflect.NativeConstructorAccessorImpl.newInstance0(Native Method)
	at sun.reflect.NativeConstructorAccessorImpl.newInstance(NativeConstructorAccessorImpl.java:62)
	at sun.reflect.DelegatingConstructorAccessorImpl.newInstance(DelegatingConstructorAccessorImpl.java:45)
	at java.lang.reflect.Constructor.newInstance(Constructor.java:422)
	at org.openqa.selenium.remote.ErrorHandler.createThrowable(ErrorHandler.java:204)
	at org.openqa.selenium.remote.ErrorHandler.throwIfResponseFailed(ErrorHandler.java:156)
	at org.openqa.selenium.remote.RemoteWebDriver.execute(RemoteWebDriver.java:599)
	at org.openqa.selenium.remote.RemoteWebDriver.findElement(RemoteWebDriver.java:352)
	at org.openqa.selenium.remote.RemoteWebDriver.findElementByCssSelector(RemoteWebDriver.java:441)
	at org.openqa.selenium.By$ByCssSelector.findElement(By.java:426)
	at org.openqa.selenium.remote.RemoteWebDriver.findElement(RemoteWebDriver.java:344)
	at org.openqa.selenium.support.pagefactory.DefaultElementLocator.findElement(DefaultElementLocator.java:59)
	at org.openqa.selenium.support.pagefactory.internal.LocatingElementHandler.invoke(LocatingElementHandler.java:37)
	at com.sun.proxy.$Proxy6.sendKeys(Unknown Source)
	at com.iheart.selenium.web_sanity.Page.signUp(Page.java:450)
	at com.iheart.selenium.web_sanity.HomePage.WEB_11736_signUp(HomePage.java:327)
	at com.iheart.junit.web_sanity.RunDailyTest.testWEB_11736_signUp(RunDailyTest.java:78)
	at sun.reflect.NativeMethodAccessorImpl.invoke0(Native Method)
	at sun.reflect.NativeMethodAccessorImpl.invoke(NativeMethodAccessorImpl.java:62)
	at sun.reflect.DelegatingMethodAccessorImpl.invoke(DelegatingMethodAccessorImpl.java:43)
	at java.lang.reflect.Method.invoke(Method.java:497)
	at org.junit.runners.model.FrameworkMethod$1.runReflectiveCall(FrameworkMethod.java:47)
	at org.junit.internal.runners.model.ReflectiveCallable.run(ReflectiveCallable.java:12)
	at org.junit.runners.model.FrameworkMethod.invokeExplosively(FrameworkMethod.java:44)
	at org.junit.internal.runners.statements.InvokeMethod.evaluate(InvokeMethod.java:17)
	at org.junit.internal.runners.statements.RunBefores.evaluate(RunBefores.java:26)
	at org.junit.internal.runners.statements.RunAfters.evaluate(RunAfters.java:27)
	at org.junit.rules.TestWatcher$1.evaluate(TestWatcher.java:55)
	at org.junit.rules.RunRules.evaluate(RunRules.java:20)
	at org.junit.runners.ParentRunner.runLeaf(ParentRunner.java:271)
	at org.junit.runners.BlockJUnit4ClassRunner.runChild(BlockJUnit4ClassRunner.java:70)
	at org.junit.runners.BlockJUnit4ClassRunner.runChild(BlockJUnit4ClassRunner.java:50)
	at org.junit.runners.ParentRunner$3.run(ParentRunner.java:238)
	at org.junit.runners.ParentRunner$1.schedule(ParentRunner.java:63)
	at org.junit.runners.ParentRunner.runChildren(ParentRunner.java:236)
	at org.junit.runners.ParentRunner.access$000(ParentRunner.java:53)
	at org.junit.runners.ParentRunner$2.evaluate(ParentRunner.java:229)
	at org.junit.runners.ParentRunner.run(ParentRunner.java:309)
	at junit.framework.JUnit4TestAdapter.run(JUnit4TestAdapter.java:38)
	at org.apache.tools.ant.taskdefs.optional.junit.JUnitTestRunner.run(JUnitTestRunner.java:532)
	at org.apache.tools.ant.taskdefs.optional.junit.JUnitTestRunner.launch(JUnitTestRunner.java:1179)
	at org.apache.tools.ant.taskdefs.optional.junit.JUnitTestRunner.main(JUnitTestRunner.java:1030)
Starting ChromeDriver 2.14.313457 (3d645c400edf2e2c500566c9aa096063e707c9cf) on port 34142
Only local connections are allowed.
[465.771][SEVERE]: Timed out receiving message from renderer: 299.993
[1065.772][SEVERE]: Timed out receiving message from renderer: 600.000
[1075.773][SEVERE]: Timed out receiving message from renderer: 10.000
Starting ChromeDriver 2.14.313457 (3d645c400edf2e2c500566c9aa096063e707c9cf) on port 23085
Only local connections are allowed.
Starting ChromeDriver 2.14.313457 (3d645c400edf2e2c500566c9aa096063e707c9cf) on port 19118
Only local connections are allowed.
[0.945][SEVERE]: bind() returned an error: Only one usage of each socket address (protocol/network address/port) is normally permitted. (0x2740)
[451.346][SEVERE]: Timed out receiving message from renderer: 299.995
[1051.347][SEVERE]: Timed out receiving message from renderer: 600.000
[1061.348][SEVERE]: Timed out receiving message from renderer: 10.000
Starting ChromeDriver 2.14.313457 (3d645c400edf2e2c500566c9aa096063e707c9cf) on port 11944
Only local connections are allowed.
[451.286][SEVERE]: Timed out receiving message from renderer: 299.995
[1051.288][SEVERE]: Timed out receiving message from renderer: 600.000
[1061.288][SEVERE]: Timed out receiving message from renderer: 10.000
Starting ChromeDriver 2.14.313457 (3d645c400edf2e2c500566c9aa096063e707c9cf) on port 21146
Only local connections are allowed.
[481.256][SEVERE]: Timed out receiving message from renderer: 299.994
[1081.258][SEVERE]: Timed out receiving message from renderer: 600.000
[1091.258][SEVERE]: Timed out receiving message from renderer: 10.000
</pre>
</body>
</html>
